TN:
SF:/home/dunja/Desktop/tankAttack/17-tankattack/code/include/SuperPower.hpp
FN:13,_ZN10SuperPowerD2Ev
FN:13,_ZN10SuperPowerD0Ev
FNDA:12,_ZN10SuperPowerD0Ev
FNDA:0,_ZN10SuperPowerD2Ev
FNF:2
FNH:1
DA:13,12
LF:1
LH:1
end_of_record
TN:
SF:/home/dunja/Desktop/tankAttack/17-tankattack/code/include/Wall.hpp
FN:13,_ZN4WallD0Ev
FN:13,_ZN4WallD2Ev
FNDA:244,_ZN4WallD0Ev
FNDA:0,_ZN4WallD2Ev
FNF:2
FNH:1
DA:13,244
LF:1
LH:1
end_of_record
TN:
SF:/home/dunja/Desktop/tankAttack/17-tankattack/code/src/Client.cpp
FN:18,_ZN6ClientC2EP7QObject
FN:34,_ZN6Client5loginERK7QString
FN:47,_ZN6ClientD0Ev
FN:47,_ZN6ClientD2Ev
FN:52,_ZN6Client11sendMessageERK7QString
FN:80,_ZN6Client18disconnectFromHostEv
FN:85,_ZN6Client12jsonReceivedERK11QJsonObject
FN:104,_ZN6Client15connectToServerERK7QStringt
FN:108,_ZN6Client11onReadyReadEv
FN:132,_ZN6Client16isOrderedToShootEv
FN:136,_ZN6Client12setCantShootEv
FN:141,_ZN6Client13setTanksAngleEf
FN:145,_ZN6Client9setTanksXEf
FN:149,_ZN6Client9setTanksYEf
FN:154,_ZN6Client8getTankXEv
FN:158,_ZN6Client8getTankYEv
FN:164,_ZN6Client12getReceivedXEv
FN:168,_ZN6Client12getReceivedYEv
FN:172,_ZN6Client16getReceivedAngleEv
FNDA:0,_ZN6Client11onReadyReadEv
FNDA:4,_ZN6ClientD2Ev
FNDA:0,_ZN6Client8getTankXEv
FNDA:4,_ZN6ClientC2EP7QObject
FNDA:5559,_ZN6Client12getReceivedXEv
FNDA:0,_ZN6Client12setCantShootEv
FNDA:0,_ZN6Client8getTankYEv
FNDA:0,_ZN6Client5loginERK7QString
FNDA:4,_ZN6ClientD0Ev
FNDA:1842,_ZN6Client9setTanksYEf
FNDA:4,_ZN6Client18disconnectFromHostEv
FNDA:1842,_ZN6Client13setTanksAngleEf
FNDA:5106,_ZN6Client16isOrderedToShootEv
FNDA:0,_ZN6Client12getReceivedYEv
FNDA:1842,_ZN6Client9setTanksXEf
FNDA:5559,_ZN6Client16getReceivedAngleEv
FNDA:0,_ZN6Client12jsonReceivedERK11QJsonObject
FNDA:1856,_ZN6Client11sendMessageERK7QString
FNDA:4,_ZN6Client15connectToServerERK7QStringt
FNF:19
FNH:12
BRDA:20,0,0,4
BRDA:20,0,1,0
BRDA:21,0,0,4
BRDA:21,0,1,0
BRDA:27,0,0,4
BRDA:27,0,1,0
BRDA:28,0,0,4
BRDA:28,0,1,0
BRDA:29,0,0,4
BRDA:29,0,1,0
BRDA:30,0,0,4
BRDA:30,0,1,0
BRDA:31,0,0,4
BRDA:31,0,1,0
BRDA:37,0,0,-
BRDA:37,0,1,-
BRDA:40,0,0,-
BRDA:40,0,1,-
BRDA:41,0,0,-
BRDA:41,0,1,-
BRDA:41,0,2,-
BRDA:41,0,3,-
BRDA:41,0,4,-
BRDA:41,0,5,-
BRDA:42,0,0,-
BRDA:42,0,1,-
BRDA:42,0,2,-
BRDA:42,0,3,-
BRDA:42,0,4,-
BRDA:42,0,5,-
BRDA:43,0,0,-
BRDA:43,0,1,-
BRDA:43,0,2,-
BRDA:43,0,3,-
BRDA:43,0,4,-
BRDA:43,0,5,-
BRDA:55,0,0,0
BRDA:55,0,1,1856
BRDA:59,0,0,1856
BRDA:59,0,1,0
BRDA:62,0,0,1856
BRDA:62,0,1,0
BRDA:62,0,2,1842
BRDA:62,0,3,14
BRDA:68,0,0,1842
BRDA:68,0,1,0
BRDA:68,0,2,1842
BRDA:68,0,3,0
BRDA:68,0,4,1842
BRDA:68,0,5,0
BRDA:68,0,6,1842
BRDA:68,0,7,0
BRDA:68,0,8,1842
BRDA:68,0,9,0
BRDA:68,0,10,1842
BRDA:68,0,11,0
BRDA:68,0,12,1842
BRDA:68,0,13,0
BRDA:68,0,14,1842
BRDA:68,0,15,0
BRDA:68,0,16,1842
BRDA:68,0,17,0
BRDA:68,0,18,0
BRDA:68,0,19,1842
BRDA:68,0,20,5526
BRDA:68,0,21,1842
BRDA:68,0,22,0
BRDA:68,0,23,0
BRDA:71,0,0,14
BRDA:71,0,1,0
BRDA:71,0,2,14
BRDA:71,0,3,0
BRDA:75,0,0,14
BRDA:75,0,1,0
BRDA:75,0,2,14
BRDA:75,0,3,0
BRDA:75,0,4,0
BRDA:75,0,5,14
BRDA:75,0,6,14
BRDA:75,0,7,14
BRDA:75,0,8,0
BRDA:75,0,9,0
BRDA:77,0,0,1856
BRDA:77,0,1,0
BRDA:77,0,2,1856
BRDA:77,0,3,0
BRDA:77,0,4,1856
BRDA:77,0,5,0
BRDA:88,0,0,-
BRDA:88,0,1,-
BRDA:88,0,2,-
BRDA:88,0,3,-
BRDA:88,0,4,-
BRDA:88,0,5,-
BRDA:95,0,0,-
BRDA:95,0,1,-
BRDA:96,0,0,-
BRDA:96,0,1,-
BRDA:98,0,0,-
BRDA:98,0,1,-
BRDA:99,0,0,-
BRDA:99,0,1,-
BRDA:100,0,0,-
BRDA:100,0,1,-
BRDA:108,0,0,-
BRDA:108,0,1,-
BRDA:111,0,0,-
BRDA:111,0,1,-
BRDA:114,0,0,-
BRDA:114,0,1,-
BRDA:115,0,0,-
BRDA:115,0,1,-
BRDA:116,0,0,-
BRDA:116,0,1,-
BRDA:116,0,2,-
BRDA:116,0,3,-
BRDA:119,0,0,-
BRDA:119,0,1,-
BRDA:120,0,0,-
BRDA:120,0,1,-
BRDA:121,0,0,-
BRDA:121,0,1,-
BRDA:121,0,2,-
BRDA:121,0,3,-
BRDA:122,0,0,-
BRDA:122,0,1,-
BRDA:122,0,2,-
BRDA:122,0,3,-
BRF:128
BRH:34
DA:18,4
DA:20,4
DA:21,4
DA:23,4
DA:24,4
DA:25,4
DA:27,4
DA:28,4
DA:29,4
DA:30,4
DA:31,4
DA:32,4
DA:34,0
DA:37,0
DA:38,0
DA:40,0
DA:41,0
DA:42,0
DA:43,0
DA:45,0
DA:47,8
DA:49,4
DA:50,8
DA:52,1856
DA:55,1856
DA:56,0
DA:57,3712
DA:59,1856
DA:62,1856
DA:65,1842
DA:66,1842
DA:67,1842
DA:68,7368
DA:71,14
DA:75,28
DA:77,1856
DA:80,4
DA:82,4
DA:83,4
DA:85,0
DA:88,0
DA:90,0
DA:94,0
DA:95,0
DA:96,0
DA:98,0
DA:99,0
DA:100,0
DA:102,0
DA:104,4
DA:106,4
DA:107,4
DA:108,0
DA:110,0
DA:111,0
DA:114,0
DA:115,0
DA:116,0
DA:119,0
DA:120,0
DA:121,0
DA:122,0
DA:129,0
DA:130,0
DA:132,5106
DA:134,5106
DA:136,0
DA:138,0
DA:139,0
DA:141,1842
DA:143,1842
DA:144,1842
DA:145,1842
DA:147,1842
DA:148,1842
DA:149,1842
DA:151,1842
DA:152,1842
DA:154,0
DA:156,0
DA:158,0
DA:160,0
DA:164,5559
DA:166,5559
DA:168,0
DA:170,0
DA:172,5559
DA:174,5559
LF:88
LH:48
end_of_record
TN:
SF:/home/dunja/Desktop/tankAttack/17-tankattack/code/src/HealthBar.cpp
FN:5,_ZN9HealthBarC2Effii
FN:18,_ZN9HealthBarD0Ev
FN:18,_ZN9HealthBarD2Ev
FNDA:18,_ZN9HealthBarC2Effii
FNDA:0,_ZN9HealthBarD0Ev
FNDA:0,_ZN9HealthBarD2Ev
FNF:3
FNH:1
BRDA:6,0,0,18
BRDA:6,0,1,0
BRDA:8,0,0,18
BRDA:8,0,1,0
BRDA:8,0,2,18
BRDA:8,0,3,0
BRDA:9,0,0,18
BRDA:9,0,1,0
BRDA:10,0,0,18
BRDA:10,0,1,0
BRDA:10,0,2,18
BRDA:10,0,3,0
BRDA:11,0,0,18
BRDA:11,0,1,0
BRDA:11,0,2,18
BRDA:11,0,3,0
BRDA:13,0,0,18
BRDA:13,0,1,0
BRDA:13,0,2,18
BRDA:13,0,3,0
BRDA:14,0,0,18
BRDA:14,0,1,0
BRDA:14,0,2,18
BRDA:14,0,3,0
BRDA:15,0,0,18
BRDA:15,0,1,0
BRDA:15,0,2,18
BRDA:15,0,3,0
BRDA:19,0,0,-
BRDA:19,0,1,-
BRDA:20,0,0,-
BRDA:20,0,1,-
BRF:32
BRH:14
DA:5,18
DA:6,18
DA:8,18
DA:9,18
DA:10,18
DA:11,18
DA:13,18
DA:14,18
DA:15,18
DA:16,18
DA:18,0
DA:19,0
DA:20,0
DA:21,0
LF:14
LH:10
end_of_record
TN:
SF:/home/dunja/Desktop/tankAttack/17-tankattack/code/src/Input.cpp
FN:7,_ZN5InputC2Ev
FN:14,_ZN5InputD0Ev
FN:14,_ZN5InputD2Ev
FN:19,_ZN5Input13keyPressEventEP9QKeyEvent
FN:66,_ZN5Input15keyReleaseEventEP9QKeyEvent
FN:108,_ZN5Input5paintEP8QPainterPK24QStyleOptionGraphicsItemP7QWidget
FN:115,_ZNK5Input12boundingRectEv
FNDA:8,_ZN5InputD2Ev
FNDA:9,_ZN5InputC2Ev
FNDA:8,_ZN5InputD0Ev
FNDA:268,_ZNK5Input12boundingRectEv
FNDA:1739,_ZN5Input13keyPressEventEP9QKeyEvent
FNDA:1739,_ZN5Input15keyReleaseEventEP9QKeyEvent
FNDA:20,_ZN5Input5paintEP8QPainterPK24QStyleOptionGraphicsItemP7QWidget
FNF:7
FNH:7
BRDA:8,0,0,9
BRDA:8,0,1,0
BRDA:16,0,0,8
BRDA:16,0,1,0
BRDA:19,0,0,711
BRDA:19,0,1,1028
BRDA:21,0,0,711
BRDA:21,0,1,1028
BRDA:24,0,0,60
BRDA:24,0,1,27
BRDA:24,0,2,64
BRDA:24,0,3,41
BRDA:24,0,4,33
BRDA:24,0,5,176
BRDA:24,0,6,35
BRDA:24,0,7,115
BRDA:24,0,8,111
BRDA:24,0,9,14
BRDA:24,0,10,0
BRDA:24,0,11,0
BRDA:24,0,12,35
BRDA:66,0,0,711
BRDA:66,0,1,1028
BRDA:68,0,0,711
BRDA:68,0,1,1028
BRDA:72,0,0,60
BRDA:72,0,1,27
BRDA:72,0,2,64
BRDA:72,0,3,41
BRDA:72,0,4,33
BRDA:72,0,5,176
BRDA:72,0,6,35
BRDA:72,0,7,115
BRDA:72,0,8,111
BRDA:72,0,9,14
BRDA:72,0,10,35
BRF:36
BRH:32
DA:7,9
DA:8,9
DA:9,9
DA:10,9
DA:11,9
DA:12,9
DA:13,9
DA:14,16
DA:16,8
DA:17,16
DA:19,1739
DA:21,1739
DA:24,711
DA:25,60
DA:26,60
DA:27,60
DA:28,27
DA:29,27
DA:30,27
DA:31,64
DA:32,64
DA:33,64
DA:34,41
DA:35,41
DA:36,41
DA:37,33
DA:38,33
DA:39,33
DA:40,176
DA:41,176
DA:42,176
DA:43,35
DA:44,35
DA:45,35
DA:46,115
DA:47,115
DA:48,115
DA:49,111
DA:50,111
DA:51,111
DA:52,14
DA:53,14
DA:54,14
DA:55,0
DA:56,0
DA:57,0
DA:58,0
DA:59,0
DA:60,0
DA:66,1739
DA:68,1739
DA:72,711
DA:73,60
DA:74,60
DA:75,60
DA:76,27
DA:77,27
DA:78,27
DA:79,64
DA:80,64
DA:81,64
DA:82,41
DA:83,41
DA:84,41
DA:85,33
DA:86,33
DA:87,33
DA:88,176
DA:89,176
DA:90,176
DA:91,35
DA:92,35
DA:93,35
DA:94,115
DA:95,115
DA:96,115
DA:97,111
DA:98,111
DA:99,111
DA:100,14
DA:101,14
DA:102,14
DA:108,20
DA:113,20
DA:115,268
DA:117,268
LF:86
LH:80
end_of_record
TN:
SF:/home/dunja/Desktop/tankAttack/17-tankattack/code/src/Map.cpp
FN:9,_ZN3MapC2EiSt6vectorIP4WallSaIS2_EE
FN:11,_ZN3MapC2EPKc
FN:31,_ZN3MapD2Ev
FN:37,_ZNK3Map13getNumOfWallsEv
FN:41,_ZN3Map13setNumOfWallsEi
FN:45,_ZNK3Map8getWallsEv
FN:49,_ZN3Map8setWallsERKSt6vectorIP4WallSaIS2_EE
FNDA:0,_ZNK3Map13getNumOfWallsEv
FNDA:9,_ZN3MapC2EPKc
FNDA:9,_ZNK3Map8getWallsEv
FNDA:9,_ZN3Map13setNumOfWallsEi
FNDA:8,_ZN3MapD2Ev
FNDA:0,_ZN3Map8setWallsERKSt6vectorIP4WallSaIS2_EE
FNDA:0,_ZN3MapC2EiSt6vectorIP4WallSaIS2_EE
FNF:7
FNH:4
BRDA:11,0,0,9
BRDA:11,0,1,0
BRDA:12,0,0,9
BRDA:12,0,1,0
BRDA:12,0,2,9
BRDA:12,0,3,0
BRDA:12,0,4,9
BRDA:12,0,5,0
BRDA:12,0,6,0
BRDA:12,0,7,0
BRDA:13,0,0,9
BRDA:13,0,1,0
BRDA:13,0,2,9
BRDA:13,0,3,0
BRDA:14,0,0,9
BRDA:14,0,1,0
BRDA:16,0,0,283
BRDA:16,0,1,0
BRDA:16,0,2,274
BRDA:16,0,3,9
BRDA:17,0,0,274
BRDA:17,0,1,0
BRDA:18,0,0,274
BRDA:18,0,1,0
BRDA:18,0,2,274
BRDA:18,0,3,0
BRDA:18,0,4,274
BRDA:18,0,5,0
BRDA:19,0,0,1096
BRDA:19,0,1,274
BRDA:20,0,0,1096
BRDA:20,0,1,0
BRDA:20,0,2,1096
BRDA:20,0,3,0
BRDA:21,0,0,274
BRDA:21,0,1,0
BRDA:21,0,2,274
BRDA:21,0,3,0
BRDA:22,0,0,274
BRDA:22,0,1,0
BRDA:26,0,0,9
BRDA:26,0,1,0
BRDA:27,0,0,9
BRDA:27,0,1,0
BRDA:33,0,0,244
BRDA:33,0,1,8
BRDA:34,0,0,244
BRDA:34,0,1,0
BRF:48
BRH:26
DA:9,0
DA:11,9
DA:12,27
DA:13,9
DA:14,18
DA:16,283
DA:17,548
DA:18,548
DA:19,1370
DA:20,1096
DA:21,274
DA:22,274
DA:26,9
DA:27,9
DA:29,9
DA:31,8
DA:33,252
DA:34,244
DA:35,8
DA:37,0
DA:38,0
DA:41,9
DA:42,9
DA:43,9
DA:45,9
DA:46,9
DA:49,0
DA:50,0
DA:51,0
LF:29
LH:23
end_of_record
TN:
SF:/home/dunja/Desktop/tankAttack/17-tankattack/code/src/Rocket.cpp
FN:11,_ZN6RocketC2Efff11Rocket_typeiiidP4Tank
FN:40,_ZN6RocketD0Ev
FN:40,_ZN6RocketD2Ev
FN:44,_ZN6Rocket5paintEP8QPainterPK24QStyleOptionGraphicsItemP7QWidget
FN:53,_ZNK6Rocket12boundingRectEv
FN:57,_ZNK6Rocket5shapeEv
FN:65,_ZN6Rocket4moveEv
FN:205,_ZNK6Rocket4typeEv
FNDA:2547,_ZN6Rocket5paintEP8QPainterPK24QStyleOptionGraphicsItemP7QWidget
FNDA:47,_ZN6RocketD0Ev
FNDA:2570,_ZN6Rocket4moveEv
FNDA:0,_ZNK6Rocket4typeEv
FNDA:3424,_ZNK6Rocket5shapeEv
FNDA:47,_ZN6RocketC2Efff11Rocket_typeiiidP4Tank
FNDA:31807,_ZNK6Rocket12boundingRectEv
FNDA:47,_ZN6RocketD2Ev
FNF:8
FNH:7
BRDA:12,0,0,47
BRDA:12,0,1,0
BRDA:12,0,2,47
BRDA:12,0,3,0
BRDA:14,0,0,47
BRDA:14,0,1,0
BRDA:15,0,0,47
BRDA:15,0,1,0
BRDA:17,0,0,33
BRDA:17,0,1,14
BRDA:23,0,0,47
BRDA:23,0,1,0
BRDA:27,0,0,-
BRDA:27,0,1,-
BRDA:35,0,0,47
BRDA:35,0,1,0
BRDA:36,0,0,47
BRDA:36,0,1,0
BRDA:37,0,0,47
BRDA:37,0,1,0
BRDA:41,0,0,47
BRDA:41,0,1,0
BRDA:48,0,0,2547
BRDA:48,0,1,0
BRDA:59,0,0,3424
BRDA:59,0,1,0
BRDA:60,0,0,3424
BRDA:60,0,1,0
BRDA:66,0,0,2570
BRDA:66,0,1,0
BRDA:70,0,0,119
BRDA:70,0,1,2451
BRDA:74,0,0,119
BRDA:74,0,1,0
BRDA:74,0,2,119
BRDA:74,0,3,0
BRDA:75,0,0,119
BRDA:75,0,1,74
BRDA:78,0,0,119
BRDA:78,0,1,0
BRDA:78,0,2,59
BRDA:78,0,3,60
BRDA:80,0,0,60
BRDA:80,0,1,0
BRDA:84,0,0,119
BRDA:84,0,1,0
BRDA:84,0,2,74
BRDA:84,0,3,45
BRDA:85,0,0,31
BRDA:85,0,1,14
BRDA:91,0,0,45
BRDA:91,0,1,0
BRDA:94,0,0,45
BRDA:94,0,1,0
BRDA:94,0,2,45
BRDA:94,0,3,0
BRDA:95,0,0,45
BRDA:95,0,1,0
BRDA:95,0,2,9
BRDA:95,0,3,36
BRDA:96,0,0,9
BRDA:96,0,1,0
BRDA:99,0,0,45
BRDA:99,0,1,0
BRDA:99,0,2,45
BRDA:99,0,3,0
BRDA:105,0,0,60
BRDA:105,0,1,14
BRDA:108,0,0,0
BRDA:108,0,1,60
BRDA:113,0,0,60
BRDA:113,0,1,0
BRDA:113,0,2,29
BRDA:113,0,3,31
BRDA:114,0,0,29
BRDA:114,0,1,0
BRDA:114,0,2,29
BRDA:114,0,3,0
BRDA:114,0,4,29
BRDA:114,0,5,0
BRDA:114,0,6,29
BRDA:114,0,7,0
BRDA:114,0,8,26
BRDA:114,0,9,3
BRDA:117,0,0,26
BRDA:117,0,1,0
BRDA:117,0,2,15
BRDA:117,0,3,11
BRDA:117,0,4,15
BRDA:117,0,5,0
BRDA:117,0,6,15
BRDA:117,0,7,0
BRDA:117,0,8,0
BRDA:117,0,9,15
BRDA:126,0,0,31
BRDA:126,0,1,0
BRDA:126,0,2,26
BRDA:126,0,3,5
BRDA:126,0,4,26
BRDA:126,0,5,0
BRDA:126,0,6,26
BRDA:126,0,7,0
BRDA:126,0,8,26
BRDA:126,0,9,0
BRDA:129,0,0,26
BRDA:129,0,1,0
BRDA:129,0,2,13
BRDA:129,0,3,13
BRDA:129,0,4,13
BRDA:129,0,5,0
BRDA:129,0,6,13
BRDA:129,0,7,0
BRDA:129,0,8,0
BRDA:129,0,9,13
BRDA:139,0,0,0
BRDA:139,0,1,14
BRDA:140,0,0,-
BRDA:140,0,1,-
BRDA:143,0,0,-
BRDA:143,0,1,-
BRDA:148,0,0,-
BRDA:148,0,1,-
BRDA:148,0,2,-
BRDA:148,0,3,-
BRDA:148,0,4,-
BRDA:148,0,5,-
BRDA:148,0,6,-
BRDA:148,0,7,-
BRDA:149,0,0,-
BRDA:149,0,1,-
BRDA:149,0,2,-
BRDA:149,0,3,-
BRDA:149,0,4,-
BRDA:149,0,5,-
BRDA:149,0,6,-
BRDA:149,0,7,-
BRDA:149,0,8,-
BRDA:149,0,9,-
BRDA:149,0,10,-
BRDA:149,0,11,-
BRDA:150,0,0,-
BRDA:150,0,1,-
BRDA:150,0,2,-
BRDA:150,0,3,-
BRDA:150,0,4,-
BRDA:150,0,5,-
BRDA:150,0,6,-
BRDA:150,0,7,-
BRDA:151,0,0,-
BRDA:151,0,1,-
BRDA:151,0,2,-
BRDA:151,0,3,-
BRDA:151,0,4,-
BRDA:151,0,5,-
BRDA:151,0,6,-
BRDA:151,0,7,-
BRDA:151,0,8,-
BRDA:151,0,9,-
BRDA:151,0,10,-
BRDA:151,0,11,-
BRDA:153,0,0,-
BRDA:153,0,1,-
BRDA:153,0,2,-
BRDA:153,0,3,-
BRDA:154,0,0,-
BRDA:154,0,1,-
BRDA:154,0,2,-
BRDA:154,0,3,-
BRDA:155,0,0,-
BRDA:155,0,1,-
BRDA:155,0,2,-
BRDA:155,0,3,-
BRDA:155,0,4,-
BRDA:155,0,5,-
BRDA:155,0,6,-
BRDA:155,0,7,-
BRDA:155,0,8,-
BRDA:155,0,9,-
BRDA:163,0,0,-
BRDA:163,0,1,-
BRDA:163,0,2,-
BRDA:163,0,3,-
BRDA:163,0,4,-
BRDA:163,0,5,-
BRDA:163,0,6,-
BRDA:163,0,7,-
BRDA:163,0,8,-
BRDA:163,0,9,-
BRDA:181,0,0,47
BRDA:181,0,1,2478
BRDA:194,0,0,2
BRDA:194,0,1,2523
BRDA:195,0,0,2
BRDA:195,0,1,0
BRF:194
BRH:75
DA:11,47
DA:12,47
DA:14,47
DA:15,47
DA:17,47
DA:18,33
DA:20,14
DA:23,47
DA:24,47
DA:25,47
DA:27,0
DA:28,0
DA:29,0
DA:31,0
DA:35,47
DA:36,47
DA:37,47
DA:38,47
DA:40,94
DA:41,47
DA:42,94
DA:44,2547
DA:48,2547
DA:49,2547
DA:50,2547
DA:51,2547
DA:53,31807
DA:54,31807
DA:57,3424
DA:58,3424
DA:59,3424
DA:60,3424
DA:62,3424
DA:65,2570
DA:66,2570
DA:70,2570
DA:74,193
DA:75,193
DA:78,119
DA:79,60
DA:80,60
DA:84,119
DA:85,45
DA:86,31
DA:88,14
DA:91,45
DA:94,45
DA:95,45
DA:96,9
DA:99,45
DA:100,45
DA:105,74
DA:106,60
DA:108,60
DA:109,0
DA:110,0
DA:113,60
DA:114,29
DA:115,3
DA:117,26
DA:118,26
DA:121,0
DA:122,0
DA:126,31
DA:127,5
DA:129,26
DA:130,26
DA:133,0
DA:134,0
DA:139,14
DA:140,0
DA:141,0
DA:143,0
DA:144,0
DA:145,0
DA:148,0
DA:149,0
DA:150,0
DA:151,0
DA:153,0
DA:154,0
DA:155,0
DA:156,0
DA:159,0
DA:163,0
DA:164,0
DA:167,0
DA:172,0
DA:173,0
DA:179,2525
DA:181,2525
DA:182,47
DA:183,47
DA:184,47
DA:187,2525
DA:188,2525
DA:189,2525
DA:193,2525
DA:194,2525
DA:195,2
DA:196,2
DA:198,0
DA:200,2
DA:201,2
DA:205,0
DA:206,0
LF:106
LH:74
end_of_record
TN:
SF:/home/dunja/Desktop/tankAttack/17-tankattack/code/src/Server.cpp
FN:10,_ZN6ServerC2EP7QObject
FN:18,_ZN6ServerD2Ev
FN:18,_ZN6ServerD0Ev
FN:26,_ZN6Server18incomingConnectionEx
FN:51,_ZN6Server8sendJsonEP12ServerWorkerRK11QJsonObject
FN:57,_ZN6Server9broadcastERK11QJsonObjectP12ServerWorker
FN:69,_ZN6Server12jsonReceivedEP12ServerWorkerRK11QJsonObject
FN:77,_ZN6Server16userDisconnectedEP12ServerWorkeri
FN:84,_ZN6Server9userErrorEP12ServerWorker
FN:90,_ZN6Server10stopServerEv
FNDA:0,_ZN6ServerD2Ev
FNDA:0,_ZN6Server12jsonReceivedEP12ServerWorkerRK11QJsonObject
FNDA:0,_ZN6Server10stopServerEv
FNDA:0,_ZN6ServerD0Ev
FNDA:0,_ZN6Server9broadcastERK11QJsonObjectP12ServerWorker
FNDA:0,_ZN6Server9userErrorEP12ServerWorker
FNDA:0,_ZN6Server18incomingConnectionEx
FNDA:0,_ZN6Server8sendJsonEP12ServerWorkerRK11QJsonObject
FNDA:0,_ZN6ServerC2EP7QObject
FNDA:0,_ZN6Server16userDisconnectedEP12ServerWorkeri
FNF:10
FNH:0
BRDA:12,0,0,-
BRDA:12,0,1,-
BRDA:12,0,2,-
BRDA:12,0,3,-
BRDA:14,0,0,-
BRDA:14,0,1,-
BRDA:15,0,0,-
BRDA:15,0,1,-
BRDA:20,0,0,-
BRDA:20,0,1,-
BRDA:28,0,0,-
BRDA:28,0,1,-
BRDA:29,0,0,-
BRDA:29,0,1,-
BRDA:33,0,0,-
BRDA:33,0,1,-
BRDA:34,0,0,-
BRDA:34,0,1,-
BRDA:35,0,0,-
BRDA:35,0,1,-
BRDA:39,0,0,-
BRDA:39,0,1,-
BRDA:54,0,0,-
BRDA:54,0,1,-
BRDA:54,0,2,-
BRDA:54,0,3,-
BRDA:60,0,0,-
BRDA:60,0,1,-
BRDA:62,0,0,-
BRDA:62,0,1,-
BRDA:74,0,0,-
BRDA:74,0,1,-
BRDA:87,0,0,-
BRDA:87,0,1,-
BRF:34
BRH:0
DA:10,0
DA:12,0
DA:14,0
DA:15,0
DA:16,0
DA:18,0
DA:20,0
DA:21,0
DA:22,0
DA:24,0
DA:26,0
DA:28,0
DA:29,0
DA:30,0
DA:31,0
DA:33,0
DA:34,0
DA:35,0
DA:36,0
DA:37,0
DA:39,0
DA:40,0
DA:42,0
DA:43,0
DA:44,0
DA:45,0
DA:46,0
DA:47,0
DA:48,0
DA:51,0
DA:54,0
DA:55,0
DA:57,0
DA:60,0
DA:62,0
DA:63,0
DA:64,0
DA:67,0
DA:69,0
DA:72,0
DA:74,0
DA:75,0
DA:77,0
DA:79,0
DA:80,0
DA:81,0
DA:82,0
DA:84,0
DA:87,0
DA:88,0
DA:90,0
DA:92,0
DA:93,0
DA:94,0
LF:54
LH:0
end_of_record
TN:
SF:/home/dunja/Desktop/tankAttack/17-tankattack/code/src/ServerWorker.cpp
FN:8,_ZN12ServerWorkerC2EP7QObject
FN:18,_ZN12ServerWorker19setSocketDescriptorEx
FN:23,_ZN12ServerWorker8sendJsonERK11QJsonObject
FN:32,_ZN12ServerWorker20disconnectFromClientEv
FN:37,_ZN12ServerWorker11receiveJsonEv
FNDA:0,_ZN12ServerWorker20disconnectFromClientEv
FNDA:0,_ZN12ServerWorkerC2EP7QObject
FNDA:0,_ZN12ServerWorker19setSocketDescriptorEx
FNDA:0,_ZN12ServerWorker11receiveJsonEv
FNDA:0,_ZN12ServerWorker8sendJsonERK11QJsonObject
FNF:5
FNH:0
BRDA:10,0,0,-
BRDA:10,0,1,-
BRDA:10,0,2,-
BRDA:10,0,3,-
BRDA:10,0,4,-
BRDA:10,0,5,-
BRDA:12,0,0,-
BRDA:12,0,1,-
BRDA:13,0,0,-
BRDA:13,0,1,-
BRDA:14,0,0,-
BRDA:14,0,1,-
BRDA:26,0,0,-
BRDA:26,0,1,-
BRDA:27,0,0,-
BRDA:27,0,1,-
BRDA:29,0,0,-
BRDA:29,0,1,-
BRDA:37,0,0,-
BRDA:37,0,1,-
BRDA:40,0,0,-
BRDA:40,0,1,-
BRDA:43,0,0,-
BRDA:43,0,1,-
BRDA:44,0,0,-
BRDA:44,0,1,-
BRDA:46,0,0,-
BRDA:46,0,1,-
BRDA:46,0,2,-
BRDA:46,0,3,-
BRDA:48,0,0,-
BRDA:48,0,1,-
BRDA:49,0,0,-
BRDA:49,0,1,-
BRDA:50,0,0,-
BRDA:50,0,1,-
BRDA:50,0,2,-
BRDA:50,0,3,-
BRDA:51,0,0,-
BRDA:51,0,1,-
BRDA:51,0,2,-
BRDA:51,0,3,-
BRDA:53,0,0,-
BRDA:53,0,1,-
BRDA:53,0,2,-
BRDA:53,0,3,-
BRDA:53,0,4,-
BRDA:53,0,5,-
BRDA:55,0,0,-
BRDA:55,0,1,-
BRDA:55,0,2,-
BRDA:55,0,3,-
BRDA:55,0,4,-
BRDA:55,0,5,-
BRF:54
BRH:0
DA:8,0
DA:10,0
DA:12,0
DA:13,0
DA:14,0
DA:15,0
DA:18,0
DA:20,0
DA:23,0
DA:26,0
DA:27,0
DA:29,0
DA:30,0
DA:32,0
DA:34,0
DA:35,0
DA:37,0
DA:39,0
DA:40,0
DA:43,0
DA:44,0
DA:46,0
DA:48,0
DA:49,0
DA:50,0
DA:51,0
DA:53,0
DA:55,0
DA:60,0
DA:61,0
LF:30
LH:0
end_of_record
TN:
SF:/home/dunja/Desktop/tankAttack/17-tankattack/code/src/SuperPower.cpp
FN:11,_ZN10SuperPowerC2E7QStringfff
FN:16,_ZNK10SuperPower7getTypeEv
FN:20,_ZNK10SuperPower7getSizeEv
FN:24,_ZN10SuperPower7setSizeEf
FN:28,_ZN10SuperPower7setTypeEPc
FN:32,_ZNK10SuperPower4typeEv
FN:36,_ZNK10SuperPower12boundingRectEv
FN:41,_ZN10SuperPower5paintEP8QPainterPK24QStyleOptionGraphicsItemP7QWidget
FNDA:0,_ZNK10SuperPower7getSizeEv
FNDA:0,_ZNK10SuperPower4typeEv
FNDA:0,_ZN10SuperPower7setTypeEPc
FNDA:6,_ZNK10SuperPower7getTypeEv
FNDA:15,_ZN10SuperPowerC2E7QStringfff
FNDA:29,_ZN10SuperPower5paintEP8QPainterPK24QStyleOptionGraphicsItemP7QWidget
FNDA:1947,_ZNK10SuperPower12boundingRectEv
FNDA:0,_ZN10SuperPower7setSizeEf
FNF:8
FNH:4
BRDA:12,0,0,15
BRDA:12,0,1,0
BRDA:14,0,0,15
BRDA:14,0,1,0
BRDA:45,0,0,17
BRDA:45,0,1,12
BRDA:46,0,0,17
BRDA:46,0,1,0
BRDA:46,0,2,17
BRDA:46,0,3,0
BRDA:47,0,0,17
BRDA:47,0,1,0
BRDA:48,0,0,17
BRDA:48,0,1,0
BRDA:48,0,2,17
BRDA:48,0,3,0
BRDA:49,0,0,17
BRDA:49,0,1,0
BRDA:50,0,0,17
BRDA:50,0,1,0
BRDA:52,0,0,12
BRDA:52,0,1,0
BRDA:53,0,0,12
BRDA:53,0,1,0
BRDA:53,0,2,12
BRDA:53,0,3,0
BRDA:54,0,0,12
BRDA:54,0,1,0
BRDA:55,0,0,12
BRDA:55,0,1,0
BRDA:56,0,0,12
BRDA:56,0,1,0
BRDA:56,0,2,12
BRDA:56,0,3,0
BRDA:57,0,0,12
BRDA:57,0,1,0
BRDA:61,0,0,15
BRDA:61,0,1,14
BRDA:62,0,0,6
BRDA:62,0,1,15
BRDA:65,0,0,6
BRDA:65,0,1,0
BRF:42
BRH:24
DA:11,15
DA:12,15
DA:14,15
DA:15,15
DA:16,6
DA:17,6
DA:20,0
DA:21,0
DA:24,0
DA:25,0
DA:26,0
DA:28,0
DA:29,0
DA:30,0
DA:32,0
DA:33,0
DA:36,1947
DA:37,1947
DA:41,29
DA:45,29
DA:46,34
DA:47,17
DA:48,17
DA:49,17
DA:50,17
DA:52,12
DA:53,24
DA:54,12
DA:55,12
DA:56,12
DA:57,12
DA:61,29
DA:62,21
DA:63,6
DA:64,6
DA:65,6
DA:66,6
DA:68,15
DA:71,29
LF:39
LH:29
end_of_record
TN:
SF:/home/dunja/Desktop/tankAttack/17-tankattack/code/src/Tank.cpp
FN:36,_ZN4TankC2Ei6QColorffP5InputS0_S0_b7QString
FN:86,_ZN4TankD2Ev
FN:86,_ZN4TankD0Ev
FN:95,_ZN4Tank5paintEP8QPainterPK24QStyleOptionGraphicsItemP7QWidget
FN:119,_ZNK4Tank12boundingRectEv
FN:123,_ZNK4Tank5shapeEv
FN:132,_ZNK4Tank4typeEv
FN:136,_ZN4Tank12move_forwardEv
FN:170,_ZN4Tank13move_backwardEv
FN:204,_ZN4Tank6rotateEf
FN:233,_ZN4Tank7advanceEv
FN:437,_ZN4Tank7destroyEv
FN:449,_ZN4Tank13isMultiplayerEv
FN:455,_ZN4Tank12is_destroyedEv
FN:459,_ZN4Tank8is_pauseEv
FN:463,_ZN4Tank16set_end_of_roundEv
FN:467,_ZN4Tank8set_nameERK7QString
FN:471,_ZNK4Tank8get_nameEv
FN:475,_ZNK4Tank18get_current_healthEv
FN:479,_ZNK4Tank12getXpositionEv
FN:483,_ZNK4Tank12getYpositionEv
FN:487,_ZNK4Tank4GetXEv
FN:491,_ZNK4Tank4GetYEv
FN:495,_ZN4Tank9SetHealthEf
FN:511,_ZN4Tank15decrease_healthEi
FN:533,_ZN4Tank15increase_healthEi
FN:537,_ZN4Tank9set_scoreEi
FN:541,_ZNK4Tank9get_scoreEv
FN:545,_ZN4Tank5getIdEv
FN:549,_ZNK4Tank19get_explosion_soundEv
FN:553,_ZN4Tank9setColorsEv
FN:558,_ZN4Tank14add_health_barEv
FNDA:7,_ZN4Tank9set_scoreEi
FNDA:7,_ZNK4Tank8get_nameEv
FNDA:16,_ZN4TankD0Ev
FNDA:18,_ZN4Tank8set_nameERK7QString
FNDA:2749,_ZN4Tank12move_forwardEv
FNDA:6183,_ZNK4Tank5shapeEv
FNDA:0,_ZNK4Tank4typeEv
FNDA:45,_ZNK4Tank19get_explosion_soundEv
FNDA:9,_ZN4Tank7destroyEv
FNDA:18,_ZN4Tank14add_health_barEv
FNDA:47,_ZN4Tank5getIdEv
FNDA:0,_ZNK4Tank12getYpositionEv
FNDA:8,_ZN4Tank16set_end_of_roundEv
FNDA:26402,_ZN4Tank8is_pauseEv
FNDA:0,_ZNK4Tank9get_scoreEv
FNDA:0,_ZNK4Tank4GetYEv
FNDA:66004,_ZN4Tank12is_destroyedEv
FNDA:137,_ZNK4Tank18get_current_healthEv
FNDA:26402,_ZN4Tank7advanceEv
FNDA:45,_ZN4Tank15decrease_healthEi
FNDA:18748,_ZN4Tank13isMultiplayerEv
FNDA:0,_ZN4Tank9setColorsEv
FNDA:0,_ZN4Tank15increase_healthEi
FNDA:0,_ZNK4Tank12getXpositionEv
FNDA:2403,_ZN4Tank6rotateEf
FNDA:2,_ZN4Tank9SetHealthEf
FNDA:93654,_ZNK4Tank12boundingRectEv
FNDA:18,_ZN4TankC2Ei6QColorffP5InputS0_S0_b7QString
FNDA:10302,_ZN4Tank5paintEP8QPainterPK24QStyleOptionGraphicsItemP7QWidget
FNDA:533,_ZN4Tank13move_backwardEv
FNDA:0,_ZNK4Tank4GetXEv
FNDA:16,_ZN4TankD2Ev
FNF:32
FNH:24
BRDA:37,0,0,18
BRDA:37,0,1,0
BRDA:37,0,2,18
BRDA:37,0,3,0
BRDA:40,0,0,18
BRDA:40,0,1,0
BRDA:42,0,0,18
BRDA:42,0,1,0
BRDA:46,0,0,18
BRDA:46,0,1,0
BRDA:47,0,0,18
BRDA:47,0,1,0
BRDA:47,0,2,18
BRDA:47,0,3,0
BRDA:47,0,4,18
BRDA:47,0,5,0
BRDA:47,0,6,18
BRDA:47,0,7,0
BRDA:48,0,0,18
BRDA:48,0,1,0
BRDA:50,0,0,18
BRDA:50,0,1,0
BRDA:51,0,0,18
BRDA:51,0,1,0
BRDA:51,0,2,18
BRDA:51,0,3,0
BRDA:51,0,4,18
BRDA:51,0,5,0
BRDA:51,0,6,18
BRDA:51,0,7,0
BRDA:52,0,0,18
BRDA:52,0,1,0
BRDA:54,0,0,9
BRDA:54,0,1,9
BRDA:55,0,0,9
BRDA:55,0,1,0
BRDA:55,0,2,9
BRDA:55,0,3,0
BRDA:58,0,0,9
BRDA:58,0,1,0
BRDA:58,0,2,9
BRDA:58,0,3,0
BRDA:62,0,0,8
BRDA:62,0,1,10
BRDA:63,0,0,4
BRDA:63,0,1,4
BRDA:64,0,0,4
BRDA:64,0,1,0
BRDA:65,0,0,0
BRDA:65,0,1,4
BRDA:67,0,0,-
BRDA:67,0,1,-
BRDA:70,0,0,-
BRDA:70,0,1,-
BRDA:73,0,0,-
BRDA:73,0,1,-
BRDA:73,0,2,-
BRDA:73,0,3,-
BRDA:74,0,0,-
BRDA:74,0,1,-
BRDA:74,0,2,-
BRDA:74,0,3,-
BRDA:75,0,0,-
BRDA:75,0,1,-
BRDA:77,0,0,-
BRDA:77,0,1,-
BRDA:80,0,0,4
BRDA:80,0,1,0
BRDA:88,0,0,16
BRDA:88,0,1,0
BRDA:89,0,0,16
BRDA:89,0,1,0
BRDA:91,0,0,8
BRDA:91,0,1,8
BRDA:91,0,2,4
BRDA:91,0,3,4
BRDA:92,0,0,4
BRDA:92,0,1,0
BRDA:101,0,0,6410
BRDA:101,0,1,3892
BRDA:102,0,0,6410
BRDA:102,0,1,0
BRDA:102,0,2,6410
BRDA:102,0,3,0
BRDA:105,0,0,3892
BRDA:105,0,1,0
BRDA:105,0,2,3892
BRDA:105,0,3,0
BRDA:108,0,0,10302
BRDA:108,0,1,0
BRDA:109,0,0,10302
BRDA:109,0,1,0
BRDA:109,0,2,10302
BRDA:109,0,3,0
BRDA:109,0,4,10302
BRDA:109,0,5,0
BRDA:112,0,0,10302
BRDA:112,0,1,0
BRDA:112,0,2,10302
BRDA:112,0,3,0
BRDA:112,0,4,10302
BRDA:112,0,5,0
BRDA:112,0,6,10302
BRDA:112,0,7,0
BRDA:112,0,8,10302
BRDA:112,0,9,0
BRDA:125,0,0,6183
BRDA:125,0,1,0
BRDA:141,0,0,92
BRDA:141,0,1,2657
BRDA:143,0,0,92
BRDA:143,0,1,92
BRDA:144,0,0,92
BRDA:144,0,1,0
BRDA:144,0,2,88
BRDA:144,0,3,4
BRDA:146,0,0,4
BRDA:146,0,1,0
BRDA:146,0,2,4
BRDA:146,0,3,0
BRDA:146,0,4,2
BRDA:146,0,5,2
BRDA:152,0,0,2
BRDA:152,0,1,0
BRDA:152,0,2,2
BRDA:152,0,3,0
BRDA:152,0,4,2
BRDA:152,0,5,0
BRDA:153,0,0,2
BRDA:153,0,1,0
BRDA:155,0,0,4
BRDA:155,0,1,0
BRDA:155,0,2,4
BRDA:155,0,3,0
BRDA:156,0,0,4
BRDA:156,0,1,0
BRDA:159,0,0,494
BRDA:159,0,1,0
BRDA:159,0,2,407
BRDA:159,0,3,87
BRDA:159,0,4,407
BRDA:159,0,5,0
BRDA:159,0,6,406
BRDA:159,0,7,1
BRDA:162,0,0,406
BRDA:162,0,1,0
BRDA:165,0,0,92
BRDA:165,0,1,0
BRDA:165,0,2,92
BRDA:165,0,3,0
BRDA:175,0,0,3
BRDA:175,0,1,530
BRDA:177,0,0,3
BRDA:177,0,1,3
BRDA:178,0,0,3
BRDA:178,0,1,0
BRDA:178,0,2,3
BRDA:178,0,3,0
BRDA:180,0,0,-
BRDA:180,0,1,-
BRDA:180,0,2,-
BRDA:180,0,3,-
BRDA:180,0,4,-
BRDA:180,0,5,-
BRDA:186,0,0,-
BRDA:186,0,1,-
BRDA:186,0,2,-
BRDA:186,0,3,-
BRDA:186,0,4,-
BRDA:186,0,5,-
BRDA:187,0,0,-
BRDA:187,0,1,-
BRDA:189,0,0,-
BRDA:189,0,1,-
BRDA:189,0,2,-
BRDA:189,0,3,-
BRDA:190,0,0,-
BRDA:190,0,1,-
BRDA:193,0,0,8
BRDA:193,0,1,0
BRDA:193,0,2,5
BRDA:193,0,3,3
BRDA:193,0,4,5
BRDA:193,0,5,0
BRDA:193,0,6,5
BRDA:193,0,7,0
BRDA:196,0,0,5
BRDA:196,0,1,0
BRDA:199,0,0,3
BRDA:199,0,1,0
BRDA:199,0,2,3
BRDA:199,0,3,0
BRDA:207,0,0,89
BRDA:207,0,1,2314
BRDA:209,0,0,89
BRDA:209,0,1,89
BRDA:210,0,0,89
BRDA:210,0,1,0
BRDA:210,0,2,89
BRDA:210,0,3,0
BRDA:212,0,0,-
BRDA:212,0,1,-
BRDA:212,0,2,-
BRDA:212,0,3,-
BRDA:212,0,4,-
BRDA:212,0,5,-
BRDA:218,0,0,-
BRDA:218,0,1,-
BRDA:218,0,2,-
BRDA:218,0,3,-
BRDA:218,0,4,-
BRDA:218,0,5,-
BRDA:219,0,0,-
BRDA:219,0,1,-
BRDA:222,0,0,-
BRDA:222,0,1,-
BRDA:222,0,2,-
BRDA:222,0,3,-
BRDA:223,0,0,-
BRDA:223,0,1,-
BRDA:227,0,0,89
BRDA:227,0,1,0
BRDA:227,0,2,89
BRDA:227,0,3,0
BRDA:237,0,0,26402
BRDA:237,0,1,0
BRDA:240,0,0,11118
BRDA:240,0,1,15284
BRDA:240,0,2,5559
BRDA:240,0,3,5559
BRDA:242,0,0,0
BRDA:242,0,1,5559
BRDA:242,0,2,0
BRDA:242,0,3,0
BRDA:248,0,0,11037
BRDA:248,0,1,15365
BRDA:254,0,0,13201
BRDA:254,0,1,13201
BRDA:262,0,0,13201
BRDA:262,0,1,0
BRDA:273,0,0,25266
BRDA:273,0,1,1136
BRDA:293,0,0,198
BRDA:293,0,1,25068
BRDA:299,0,0,1018
BRDA:299,0,1,24248
BRDA:299,0,2,30
BRDA:299,0,3,988
BRDA:303,0,0,19
BRDA:303,0,1,11
BRDA:303,0,2,19
BRDA:303,0,3,0
BRDA:307,0,0,19
BRDA:307,0,1,0
BRDA:310,0,0,1398
BRDA:310,0,1,23838
BRDA:310,0,2,107
BRDA:310,0,3,1291
BRDA:314,0,0,95
BRDA:314,0,1,12
BRDA:314,0,2,50
BRDA:314,0,3,45
BRDA:318,0,0,50
BRDA:318,0,1,0
BRDA:322,0,0,988
BRDA:322,0,1,24141
BRDA:322,0,2,3
BRDA:322,0,3,985
BRDA:326,0,0,0
BRDA:326,0,1,3
BRDA:326,0,2,0
BRDA:326,0,3,0
BRDA:330,0,0,-
BRDA:330,0,1,-
BRDA:334,0,0,1291
BRDA:334,0,1,23835
BRDA:334,0,2,2
BRDA:334,0,3,1289
BRDA:338,0,0,0
BRDA:338,0,1,2
BRDA:338,0,2,0
BRDA:338,0,3,0
BRDA:342,0,0,-
BRDA:342,0,1,-
BRDA:346,0,0,2612
BRDA:346,0,1,22512
BRDA:348,0,0,956
BRDA:348,0,1,1656
BRDA:348,0,2,885
BRDA:348,0,3,71
BRDA:352,0,0,885
BRDA:352,0,1,0
BRDA:356,0,0,985
BRDA:356,0,1,21527
BRDA:359,0,0,444
BRDA:359,0,1,541
BRDA:359,0,2,395
BRDA:359,0,3,49
BRDA:363,0,0,395
BRDA:363,0,1,0
BRDA:367,0,0,1276
BRDA:367,0,1,20251
BRDA:370,0,0,665
BRDA:370,0,1,611
BRDA:370,0,2,367
BRDA:370,0,3,298
BRDA:374,0,0,367
BRDA:374,0,1,0
BRDA:378,0,0,528
BRDA:378,0,1,19723
BRDA:381,0,0,231
BRDA:381,0,1,297
BRDA:381,0,2,126
BRDA:381,0,3,105
BRDA:385,0,0,126
BRDA:385,0,1,0
BRDA:389,0,0,10514
BRDA:389,0,1,14752
BRDA:389,0,2,5106
BRDA:389,0,3,5408
BRDA:389,0,4,0
BRDA:389,0,5,5106
BRDA:394,0,0,47
BRDA:394,0,1,25219
BRDA:397,0,0,47
BRDA:397,0,1,0
BRDA:398,0,0,23
BRDA:398,0,1,24
BRDA:398,0,2,14
BRDA:398,0,3,9
BRDA:399,0,0,14
BRDA:399,0,1,0
BRDA:401,0,0,33
BRDA:401,0,1,14
BRDA:401,0,2,33
BRDA:401,0,3,0
BRDA:407,0,0,22
BRDA:407,0,1,11
BRDA:409,0,0,11
BRDA:409,0,1,0
BRDA:412,0,0,14
BRDA:412,0,1,0
BRDA:412,0,2,14
BRDA:412,0,3,0
BRDA:418,0,0,9
BRDA:418,0,1,5
BRDA:420,0,0,5
BRDA:420,0,1,0
BRDA:424,0,0,-
BRDA:424,0,1,-
BRDA:426,0,0,-
BRDA:426,0,1,-
BRDA:430,0,0,33
BRDA:430,0,1,14
BRDA:432,0,0,14
BRDA:432,0,1,33
BRDA:497,0,0,0
BRDA:497,0,1,2
BRDA:498,0,0,-
BRDA:498,0,1,-
BRDA:499,0,0,-
BRDA:499,0,1,-
BRDA:500,0,0,-
BRDA:500,0,1,-
BRDA:504,0,0,2
BRDA:504,0,1,0
BRDA:505,0,0,2
BRDA:505,0,1,0
BRDA:506,0,0,2
BRDA:506,0,1,0
BRDA:514,0,0,20
BRDA:514,0,1,25
BRDA:515,0,0,20
BRDA:515,0,1,0
BRDA:516,0,0,20
BRDA:516,0,1,0
BRDA:517,0,0,20
BRDA:517,0,1,0
BRDA:518,0,0,20
BRDA:518,0,1,0
BRDA:522,0,0,25
BRDA:522,0,1,0
BRDA:523,0,0,25
BRDA:523,0,1,0
BRDA:524,0,0,25
BRDA:524,0,1,0
BRDA:525,0,0,25
BRDA:525,0,1,0
BRDA:528,0,0,9
BRDA:528,0,1,36
BRF:390
BRH:215
DA:36,18
DA:37,18
DA:40,18
DA:41,18
DA:42,18
DA:46,18
DA:47,18
DA:48,18
DA:50,18
DA:51,18
DA:52,18
DA:54,18
DA:55,9
DA:58,9
DA:62,18
DA:63,8
DA:64,4
DA:65,4
DA:67,0
DA:69,0
DA:70,0
DA:73,0
DA:74,0
DA:75,0
DA:77,0
DA:80,4
DA:84,18
DA:86,32
DA:88,16
DA:89,16
DA:91,16
DA:92,4
DA:93,32
DA:95,10302
DA:99,20604
DA:101,10302
DA:102,6410
DA:105,3892
DA:108,10302
DA:109,10302
DA:112,10302
DA:117,10302
DA:119,93654
DA:120,93654
DA:123,6183
DA:124,6183
DA:125,6183
DA:129,6183
DA:132,0
DA:133,0
DA:136,2749
DA:137,2749
DA:138,2749
DA:139,2749
DA:141,2749
DA:142,184
DA:143,184
DA:144,92
DA:146,4
DA:147,2
DA:148,2
DA:149,2
DA:150,2
DA:152,2
DA:153,2
DA:155,4
DA:156,4
DA:159,494
DA:160,406
DA:161,406
DA:162,406
DA:165,184
DA:168,2749
DA:170,533
DA:171,533
DA:172,533
DA:173,533
DA:175,533
DA:176,6
DA:177,6
DA:178,3
DA:180,0
DA:181,0
DA:182,0
DA:183,0
DA:184,0
DA:186,0
DA:187,0
DA:189,0
DA:190,0
DA:193,8
DA:194,5
DA:195,5
DA:196,5
DA:199,6
DA:202,533
DA:204,2403
DA:205,2403
DA:207,2403
DA:208,178
DA:209,178
DA:210,89
DA:212,0
DA:213,0
DA:214,0
DA:215,0
DA:216,0
DA:218,0
DA:219,0
DA:222,0
DA:223,0
DA:227,89
DA:231,2403
DA:233,26402
DA:235,26402
DA:237,26402
DA:240,26402
DA:242,5559
DA:243,0
DA:244,5559
DA:248,26402
DA:249,11037
DA:250,11037
DA:251,11037
DA:254,26402
DA:255,13201
DA:256,13201
DA:257,13201
DA:258,13201
DA:259,13201
DA:262,13201
DA:263,13201
DA:264,13201
DA:265,13201
DA:266,13201
DA:267,13201
DA:273,26402
DA:277,25266
DA:280,25266
DA:281,25266
DA:283,25266
DA:284,25266
DA:285,25266
DA:290,25266
DA:291,25266
DA:293,25266
DA:294,198
DA:295,198
DA:299,25266
DA:300,30
DA:301,30
DA:303,30
DA:304,19
DA:305,19
DA:306,19
DA:307,19
DA:310,25236
DA:311,107
DA:312,107
DA:314,107
DA:315,50
DA:316,50
DA:317,50
DA:318,50
DA:322,25129
DA:323,3
DA:324,3
DA:326,3
DA:327,0
DA:328,0
DA:329,0
DA:330,0
DA:334,25126
DA:335,2
DA:336,2
DA:338,2
DA:339,0
DA:340,0
DA:341,0
DA:342,0
DA:346,25124
DA:347,2612
DA:348,2612
DA:349,885
DA:350,885
DA:351,885
DA:352,885
DA:356,22512
DA:357,985
DA:359,985
DA:360,395
DA:361,395
DA:362,395
DA:363,395
DA:367,21527
DA:368,1276
DA:370,1276
DA:371,367
DA:372,367
DA:373,367
DA:374,367
DA:378,20251
DA:379,528
DA:381,528
DA:382,126
DA:383,126
DA:384,126
DA:385,126
DA:389,25266
DA:390,0
DA:391,0
DA:394,25266
DA:397,47
DA:398,47
DA:399,14
DA:401,47
DA:402,33
DA:403,33
DA:404,33
DA:407,33
DA:408,22
DA:409,11
DA:410,11
DA:412,14
DA:413,14
DA:414,14
DA:415,14
DA:418,14
DA:419,9
DA:420,5
DA:421,5
DA:424,0
DA:425,0
DA:426,0
DA:427,0
DA:428,0
DA:430,47
DA:431,33
DA:432,47
DA:433,14
DA:437,9
DA:438,9
DA:443,9
DA:447,9
DA:449,18748
DA:451,18748
DA:455,66004
DA:456,66004
DA:459,26402
DA:460,26402
DA:463,8
DA:464,8
DA:465,8
DA:467,18
DA:468,18
DA:469,18
DA:471,7
DA:472,7
DA:475,137
DA:476,137
DA:479,0
DA:480,0
DA:483,0
DA:484,0
DA:487,0
DA:488,0
DA:491,0
DA:492,0
DA:495,2
DA:496,2
DA:497,2
DA:498,0
DA:499,0
DA:500,0
DA:501,0
DA:504,2
DA:505,2
DA:506,2
DA:507,2
DA:509,2
DA:511,45
DA:512,45
DA:514,45
DA:515,20
DA:516,20
DA:517,20
DA:518,20
DA:519,20
DA:522,25
DA:523,25
DA:524,25
DA:525,25
DA:526,25
DA:528,45
DA:529,9
DA:531,45
DA:533,0
DA:534,0
DA:535,0
DA:537,7
DA:538,7
DA:539,7
DA:541,0
DA:542,0
DA:545,47
DA:546,47
DA:549,45
DA:550,45
DA:553,0
DA:554,0
DA:555,0
DA:556,0
DA:558,18
DA:560,18
DA:561,18
DA:562,18
LF:316
LH:252
end_of_record
TN:
SF:/home/dunja/Desktop/tankAttack/17-tankattack/code/src/Wall.cpp
FN:7,_ZN4WallC2Effff
FN:13,_ZN4WallC2ERKS_
FN:16,_ZN4WallaSERKS_
FN:20,_ZN4Wall5paintEP8QPainterPK24QStyleOptionGraphicsItemP7QWidget
FN:30,_ZNK4Wall12boundingRectEv
FN:34,_ZNK4Wall4typeEv
FN:38,_ZNK4Wall10isVerticalEv
FN:42,_ZNK4Wall12isHorizontalEv
FN:46,_ZNK4Wall9getHeightEv
FN:50,_ZNK4Wall8getWidthEv
FN:54,_ZNK4Wall4getXEv
FN:58,_ZNK4Wall4getYEv
FN:62,_ZNK4Wall14getCoordinatesEv
FNDA:1819,_ZN4Wall5paintEP8QPainterPK24QStyleOptionGraphicsItemP7QWidget
FNDA:42,_ZNK4Wall9getHeightEv
FNDA:60,_ZNK4Wall10isVerticalEv
FNDA:98,_ZNK4Wall4getXEv
FNDA:0,_ZNK4Wall12isHorizontalEv
FNDA:274,_ZN4WallC2Effff
FNDA:0,_ZNK4Wall14getCoordinatesEv
FNDA:41,_ZNK4Wall8getWidthEv
FNDA:0,_ZN4WallaSERKS_
FNDA:97,_ZNK4Wall4getYEv
FNDA:0,_ZNK4Wall4typeEv
FNDA:202156,_ZNK4Wall12boundingRectEv
FNDA:0,_ZN4WallC2ERKS_
FNF:13
FNH:8
BRDA:10,0,0,274
BRDA:10,0,1,0
BRDA:25,0,0,1819
BRDA:25,0,1,0
BRF:4
BRH:2
DA:7,274
DA:8,274
DA:10,274
DA:11,274
DA:13,0
DA:14,0
DA:16,0
DA:17,0
DA:20,1819
DA:25,1819
DA:26,1819
DA:27,1819
DA:28,1819
DA:30,202156
DA:31,202156
DA:34,0
DA:35,0
DA:38,60
DA:39,60
DA:42,0
DA:43,0
DA:46,42
DA:47,42
DA:50,41
DA:51,41
DA:54,98
DA:55,98
DA:58,97
DA:59,97
DA:62,0
DA:63,0
LF:31
LH:21
end_of_record
TN:
SF:/home/dunja/Desktop/tankAttack/17-tankattack/code/src/World.cpp
FN:29,_ZN5WorldC2EP7QObject
FN:55,_ZN5WorldD2Ev
FN:55,_ZN5WorldD0Ev
FN:80,_ZN5World4showEv
FN:86,_ZN5World9main_menuEv
FN:183,_ZN5World5startEv
FN:251,_ZN5World16multiplayer_menuEv
FN:279,_ZN5World12show_battlesEv
FN:334,_ZN5World12start_serverEv
FN:350,_ZN5World9find_gameEv
FN:393,_ZN5World15enter_ip_adressEv
FN:399,_ZN5World19generate_superpowerEv
FN:424,_Z8rand_intj
FN:429,_ZN5World8load_mapEv
FN:459,_ZN5World6roundsEv
FN:522,_ZN5World12end_of_roundE7QString
FN:571,_ZN5World5pauseEv
FN:592,_ZN5World15end_game_screenE7QString
FN:612,_ZN5World14show_tank_infoEv
FN:653,_ZN5World21read_previous_battlesEPKc
FN:681,_ZN5World21write_the_last_battleEPKc
FN:725,_ZN5World19input_players_namesEv
FN:783,_ZN5World25change_name_of_first_tankEv
FN:805,_ZN5World26change_name_of_second_tankEv
FN:827,_ZN5World11make_buttonE7QString
FN:853,_ZN5World14button_clickedEv
FN:856,_ZN5World13volumen_firstEv
FN:876,_ZN5World10set_volumeEv
FN:899,_ZN5World4quitEv
FNDA:3,_ZN5World19input_players_namesEv
FNDA:2,_ZN5World15end_game_screenE7QString
FNDA:13193,_ZN5World19generate_superpowerEv
FNDA:4,_ZN5World21read_previous_battlesEPKc
FNDA:3,_ZN5WorldC2EP7QObject
FNDA:22,_ZN5World14button_clickedEv
FNDA:0,_Z8rand_intj
FNDA:8,_ZN5World9main_menuEv
FNDA:13201,_ZN5World6roundsEv
FNDA:3,_ZN5World4showEv
FNDA:0,_ZN5World5pauseEv
FNDA:40,_ZN5World26change_name_of_second_tankEv
FNDA:8,_ZN5World13volumen_firstEv
FNDA:9,_ZN5World5startEv
FNDA:0,_ZN5World10set_volumeEv
FNDA:0,_ZN5World12start_serverEv
FNDA:10,_ZN5World25change_name_of_first_tankEv
FNDA:13209,_ZN5World14show_tank_infoEv
FNDA:2,_ZN5World12show_battlesEv
FNDA:0,_ZN5World9find_gameEv
FNDA:2,_ZN5World21write_the_last_battleEPKc
FNDA:9,_ZN5World8load_mapEv
FNDA:2,_ZN5World4quitEv
FNDA:8,_ZN5World12end_of_roundE7QString
FNDA:2,_ZN5WorldD0Ev
FNDA:2,_ZN5WorldD2Ev
FNDA:65,_ZN5World11make_buttonE7QString
FNDA:1,_ZN5World16multiplayer_menuEv
FNDA:0,_ZN5World15enter_ip_adressEv
FNF:29
FNH:23
BRDA:30,0,0,3
BRDA:30,0,1,0
BRDA:30,0,2,3
BRDA:30,0,3,0
BRDA:30,0,4,3
BRDA:30,0,5,0
BRDA:35,0,0,3
BRDA:35,0,1,0
BRDA:35,0,2,3
BRDA:35,0,3,0
BRDA:38,0,0,3
BRDA:38,0,1,0
BRDA:39,0,0,3
BRDA:39,0,1,0
BRDA:40,0,0,3
BRDA:40,0,1,0
BRDA:41,0,0,3
BRDA:41,0,1,0
BRDA:43,0,0,3
BRDA:43,0,1,0
BRDA:46,0,0,3
BRDA:46,0,1,0
BRDA:47,0,0,3
BRDA:47,0,1,0
BRDA:47,0,2,3
BRDA:47,0,3,0
BRDA:47,0,4,3
BRDA:47,0,5,0
BRDA:47,0,6,3
BRDA:47,0,7,0
BRDA:48,0,0,3
BRDA:48,0,1,0
BRDA:50,0,0,3
BRDA:50,0,1,0
BRDA:51,0,0,3
BRDA:51,0,1,0
BRDA:51,0,2,3
BRDA:51,0,3,0
BRDA:51,0,4,3
BRDA:51,0,5,0
BRDA:51,0,6,3
BRDA:51,0,7,0
BRDA:52,0,0,3
BRDA:52,0,1,0
BRDA:62,0,0,2
BRDA:62,0,1,0
BRDA:64,0,0,2
BRDA:64,0,1,0
BRDA:66,0,0,2
BRDA:66,0,1,0
BRDA:81,0,0,3
BRDA:81,0,1,0
BRDA:88,0,0,0
BRDA:88,0,1,8
BRDA:91,0,0,-
BRDA:91,0,1,-
BRDA:94,0,0,2
BRDA:94,0,1,6
BRDA:96,0,0,2
BRDA:96,0,1,0
BRDA:97,0,0,2
BRDA:97,0,1,0
BRDA:98,0,0,2
BRDA:98,0,1,0
BRDA:104,0,0,5
BRDA:104,0,1,3
BRDA:104,0,2,2
BRDA:104,0,3,3
BRDA:106,0,0,5
BRDA:106,0,1,0
BRDA:106,0,2,5
BRDA:106,0,3,0
BRDA:118,0,0,8
BRDA:118,0,1,0
BRDA:118,0,2,8
BRDA:118,0,3,0
BRDA:118,0,4,8
BRDA:118,0,5,0
BRDA:122,0,0,8
BRDA:122,0,1,0
BRDA:130,0,0,8
BRDA:130,0,1,0
BRDA:134,0,0,8
BRDA:134,0,1,0
BRDA:139,0,0,8
BRDA:139,0,1,0
BRDA:158,0,0,8
BRDA:158,0,1,0
BRDA:166,0,0,8
BRDA:166,0,1,0
BRDA:175,0,0,8
BRDA:175,0,1,0
BRDA:186,0,0,6
BRDA:186,0,1,3
BRDA:188,0,0,6
BRDA:188,0,1,0
BRDA:189,0,0,6
BRDA:189,0,1,0
BRDA:190,0,0,6
BRDA:190,0,1,0
BRDA:211,0,0,0
BRDA:211,0,1,9
BRDA:215,0,0,9
BRDA:215,0,1,0
BRDA:215,0,2,9
BRDA:215,0,3,0
BRDA:216,0,0,9
BRDA:216,0,1,0
BRDA:216,0,2,9
BRDA:216,0,3,0
BRDA:225,0,0,9
BRDA:225,0,1,0
BRDA:226,0,0,9
BRDA:226,0,1,0
BRDA:255,0,0,1
BRDA:255,0,1,0
BRDA:255,0,2,1
BRDA:255,0,3,0
BRDA:255,0,4,1
BRDA:255,0,5,0
BRDA:257,0,0,1
BRDA:257,0,1,0
BRDA:264,0,0,1
BRDA:264,0,1,0
BRDA:271,0,0,1
BRDA:271,0,1,0
BRDA:282,0,0,2
BRDA:282,0,1,0
BRDA:282,0,2,2
BRDA:282,0,3,0
BRDA:282,0,4,2
BRDA:282,0,5,0
BRDA:285,0,0,2
BRDA:285,0,1,0
BRDA:296,0,0,2
BRDA:296,0,1,0
BRDA:299,0,0,0
BRDA:299,0,1,0
BRDA:299,0,2,0
BRDA:299,0,3,0
BRDA:307,0,0,2
BRDA:307,0,1,0
BRDA:310,0,0,2
BRDA:310,0,1,0
BRDA:312,0,0,10
BRDA:312,0,1,2
BRDA:313,0,0,10
BRDA:313,0,1,0
BRDA:313,0,2,10
BRDA:313,0,3,0
BRDA:314,0,0,10
BRDA:314,0,1,0
BRDA:314,0,2,10
BRDA:314,0,3,0
BRDA:314,0,4,10
BRDA:314,0,5,0
BRDA:315,0,0,10
BRDA:315,0,1,0
BRDA:318,0,0,2
BRDA:318,0,1,0
BRDA:318,0,2,2
BRDA:318,0,3,0
BRDA:319,0,0,2
BRDA:319,0,1,0
BRDA:319,0,2,2
BRDA:319,0,3,0
BRDA:320,0,0,2
BRDA:320,0,1,0
BRDA:321,0,0,2
BRDA:321,0,1,0
BRDA:321,0,2,2
BRDA:321,0,3,0
BRDA:322,0,0,2
BRDA:322,0,1,0
BRDA:323,0,0,2
BRDA:323,0,1,0
BRDA:323,0,2,2
BRDA:323,0,3,0
BRDA:325,0,0,2
BRDA:325,0,1,0
BRDA:326,0,0,2
BRDA:326,0,1,0
BRDA:326,0,2,2
BRDA:326,0,3,0
BRDA:327,0,0,2
BRDA:327,0,1,0
BRDA:328,0,0,2
BRDA:328,0,1,0
BRDA:328,0,2,2
BRDA:328,0,3,0
BRDA:337,0,0,-
BRDA:337,0,1,-
BRDA:337,0,2,-
BRDA:337,0,3,-
BRDA:338,0,0,-
BRDA:338,0,1,-
BRDA:341,0,0,-
BRDA:341,0,1,-
BRDA:353,0,0,-
BRDA:353,0,1,-
BRDA:353,0,2,-
BRDA:353,0,3,-
BRDA:353,0,4,-
BRDA:353,0,5,-
BRDA:357,0,0,-
BRDA:357,0,1,-
BRDA:365,0,0,-
BRDA:365,0,1,-
BRDA:373,0,0,-
BRDA:373,0,1,-
BRDA:373,0,2,-
BRDA:373,0,3,-
BRDA:375,0,0,-
BRDA:375,0,1,-
BRDA:375,0,2,-
BRDA:375,0,3,-
BRDA:379,0,0,-
BRDA:379,0,1,-
BRDA:382,0,0,-
BRDA:382,0,1,-
BRDA:382,0,2,-
BRDA:382,0,3,-
BRDA:382,0,4,-
BRDA:382,0,5,-
BRDA:383,0,0,-
BRDA:383,0,1,-
BRDA:384,0,0,-
BRDA:384,0,1,-
BRDA:385,0,0,-
BRDA:385,0,1,-
BRDA:386,0,0,-
BRDA:386,0,1,-
BRDA:389,0,0,-
BRDA:389,0,1,-
BRDA:401,0,0,5555
BRDA:401,0,1,7638
BRDA:401,0,2,0
BRDA:401,0,3,5555
BRDA:403,0,0,7638
BRDA:403,0,1,0
BRDA:404,0,0,15
BRDA:404,0,1,7623
BRDA:406,0,0,15
BRDA:406,0,1,0
BRDA:407,0,0,15
BRDA:407,0,1,0
BRDA:409,0,0,4
BRDA:409,0,1,11
BRDA:410,0,0,4
BRDA:410,0,1,0
BRDA:410,0,2,4
BRDA:410,0,3,0
BRDA:410,0,4,4
BRDA:410,0,5,0
BRDA:414,0,0,11
BRDA:414,0,1,0
BRDA:414,0,2,11
BRDA:414,0,3,0
BRDA:414,0,4,11
BRDA:414,0,5,0
BRDA:434,0,0,7
BRDA:434,0,1,2
BRDA:448,0,0,9
BRDA:448,0,1,0
BRDA:448,0,2,9
BRDA:448,0,3,0
BRDA:448,0,4,9
BRDA:448,0,5,0
BRDA:450,0,0,9
BRDA:450,0,1,0
BRDA:453,0,0,274
BRDA:453,0,1,9
BRDA:454,0,0,274
BRDA:454,0,1,0
BRDA:460,0,0,13201
BRDA:460,0,1,0
BRDA:463,0,0,13201
BRDA:463,0,1,0
BRDA:463,0,2,0
BRDA:463,0,3,13201
BRDA:469,0,0,0
BRDA:469,0,1,13201
BRDA:472,0,0,-
BRDA:472,0,1,-
BRDA:473,0,0,-
BRDA:473,0,1,-
BRDA:482,0,0,454
BRDA:482,0,1,12747
BRDA:482,0,2,453
BRDA:482,0,3,1
BRDA:484,0,0,1
BRDA:484,0,1,0
BRDA:487,0,0,453
BRDA:487,0,1,12747
BRDA:490,0,0,453
BRDA:490,0,1,0
BRDA:491,0,0,3
BRDA:491,0,1,450
BRDA:494,0,0,3
BRDA:494,0,1,450
BRDA:497,0,0,3
BRDA:497,0,1,0
BRDA:504,0,0,681
BRDA:504,0,1,12066
BRDA:507,0,0,5
BRDA:507,0,1,676
BRDA:510,0,0,4
BRDA:510,0,1,677
BRDA:513,0,0,4
BRDA:513,0,1,0
BRDA:529,0,0,7
BRDA:529,0,1,1
BRDA:529,0,2,1
BRDA:529,0,3,6
BRDA:530,0,0,2
BRDA:530,0,1,0
BRDA:534,0,0,6
BRDA:534,0,1,0
BRDA:536,0,0,6
BRDA:536,0,1,0
BRDA:536,0,2,6
BRDA:536,0,3,0
BRDA:537,0,0,6
BRDA:537,0,1,0
BRDA:537,0,2,6
BRDA:537,0,3,0
BRDA:538,0,0,6
BRDA:538,0,1,0
BRDA:539,0,0,6
BRDA:539,0,1,0
BRDA:539,0,2,6
BRDA:539,0,3,0
BRDA:541,0,0,6
BRDA:541,0,1,0
BRDA:541,0,2,6
BRDA:541,0,3,0
BRDA:542,0,0,6
BRDA:542,0,1,0
BRDA:543,0,0,6
BRDA:543,0,1,0
BRDA:544,0,0,6
BRDA:544,0,1,0
BRDA:544,0,2,6
BRDA:544,0,3,0
BRDA:544,0,4,6
BRDA:544,0,5,0
BRDA:545,0,0,6
BRDA:545,0,1,0
BRDA:546,0,0,6
BRDA:546,0,1,0
BRDA:550,0,0,6
BRDA:550,0,1,0
BRDA:550,0,2,6
BRDA:550,0,3,0
BRDA:551,0,0,6
BRDA:551,0,1,0
BRDA:552,0,0,6
BRDA:552,0,1,0
BRDA:553,0,0,6
BRDA:553,0,1,0
BRDA:553,0,2,6
BRDA:553,0,3,0
BRDA:553,0,4,6
BRDA:553,0,5,0
BRDA:554,0,0,6
BRDA:554,0,1,0
BRDA:555,0,0,6
BRDA:555,0,1,0
BRDA:561,0,0,8
BRDA:561,0,1,0
BRDA:562,0,0,8
BRDA:562,0,1,0
BRDA:564,0,0,8
BRDA:564,0,1,0
BRDA:566,0,0,8
BRDA:566,0,1,0
BRDA:572,0,0,-
BRDA:572,0,1,-
BRDA:573,0,0,-
BRDA:573,0,1,-
BRDA:575,0,0,-
BRDA:575,0,1,-
BRDA:579,0,0,-
BRDA:579,0,1,-
BRDA:579,0,2,-
BRDA:579,0,3,-
BRDA:581,0,0,-
BRDA:581,0,1,-
BRDA:582,0,0,-
BRDA:582,0,1,-
BRDA:586,0,0,-
BRDA:586,0,1,-
BRDA:587,0,0,-
BRDA:587,0,1,-
BRDA:587,0,2,-
BRDA:587,0,3,-
BRDA:588,0,0,-
BRDA:588,0,1,-
BRDA:589,0,0,-
BRDA:589,0,1,-
BRDA:589,0,2,-
BRDA:589,0,3,-
BRDA:594,0,0,2
BRDA:594,0,1,0
BRDA:596,0,0,2
BRDA:596,0,1,0
BRDA:596,0,2,2
BRDA:596,0,3,0
BRDA:597,0,0,2
BRDA:597,0,1,0
BRDA:597,0,2,2
BRDA:597,0,3,0
BRDA:598,0,0,2
BRDA:598,0,1,0
BRDA:599,0,0,2
BRDA:599,0,1,0
BRDA:599,0,2,2
BRDA:599,0,3,0
BRDA:602,0,0,2
BRDA:602,0,1,0
BRDA:602,0,2,2
BRDA:602,0,3,0
BRDA:603,0,0,2
BRDA:603,0,1,0
BRDA:604,0,0,2
BRDA:604,0,1,0
BRDA:605,0,0,2
BRDA:605,0,1,0
BRDA:605,0,2,2
BRDA:605,0,3,0
BRDA:605,0,4,2
BRDA:605,0,5,0
BRDA:606,0,0,2
BRDA:606,0,1,0
BRDA:607,0,0,2
BRDA:607,0,1,0
BRDA:614,0,0,13200
BRDA:614,0,1,9
BRDA:615,0,0,13200
BRDA:615,0,1,0
BRDA:616,0,0,13200
BRDA:616,0,1,0
BRDA:617,0,0,13200
BRDA:617,0,1,0
BRDA:618,0,0,13200
BRDA:618,0,1,0
BRDA:619,0,0,13200
BRDA:619,0,1,0
BRDA:620,0,0,13200
BRDA:620,0,1,0
BRDA:625,0,0,13209
BRDA:625,0,1,0
BRDA:627,0,0,13209
BRDA:627,0,1,0
BRDA:627,0,2,13209
BRDA:627,0,3,0
BRDA:627,0,4,13209
BRDA:627,0,5,0
BRDA:630,0,0,13209
BRDA:630,0,1,0
BRDA:631,0,0,13209
BRDA:631,0,1,0
BRDA:632,0,0,13209
BRDA:632,0,1,0
BRDA:634,0,0,13209
BRDA:634,0,1,0
BRDA:635,0,0,13209
BRDA:635,0,1,0
BRDA:636,0,0,13209
BRDA:636,0,1,0
BRDA:637,0,0,13209
BRDA:637,0,1,0
BRDA:637,0,2,13209
BRDA:637,0,3,0
BRDA:640,0,0,13209
BRDA:640,0,1,0
BRDA:641,0,0,13209
BRDA:641,0,1,0
BRDA:642,0,0,13209
BRDA:642,0,1,0
BRDA:643,0,0,13209
BRDA:643,0,1,0
BRDA:643,0,2,13209
BRDA:643,0,3,0
BRDA:646,0,0,13209
BRDA:646,0,1,0
BRDA:646,0,2,13209
BRDA:646,0,3,0
BRDA:646,0,4,13209
BRDA:646,0,5,0
BRDA:646,0,6,13209
BRDA:646,0,7,0
BRDA:646,0,8,13209
BRDA:646,0,9,0
BRDA:647,0,0,13209
BRDA:647,0,1,0
BRDA:648,0,0,13209
BRDA:648,0,1,0
BRDA:648,0,2,13209
BRDA:648,0,3,0
BRDA:649,0,0,13209
BRDA:649,0,1,0
BRDA:650,0,0,13209
BRDA:650,0,1,0
BRDA:650,0,2,13209
BRDA:650,0,3,0
BRDA:656,0,0,4
BRDA:656,0,1,0
BRDA:656,0,2,4
BRDA:656,0,3,0
BRDA:658,0,0,4
BRDA:658,0,1,0
BRDA:658,0,2,0
BRDA:658,0,3,4
BRDA:659,0,0,-
BRDA:659,0,1,-
BRDA:662,0,0,4
BRDA:662,0,1,0
BRDA:663,0,0,4
BRDA:663,0,1,0
BRDA:665,0,0,4
BRDA:665,0,1,0
BRDA:666,0,0,25
BRDA:666,0,1,0
BRDA:666,0,2,21
BRDA:666,0,3,4
BRDA:668,0,0,21
BRDA:668,0,1,0
BRDA:669,0,0,21
BRDA:669,0,1,0
BRDA:673,0,0,4
BRDA:673,0,1,0
BRDA:685,0,0,2
BRDA:685,0,1,0
BRDA:689,0,0,0
BRDA:689,0,1,0
BRDA:689,0,2,0
BRDA:689,0,3,0
BRDA:695,0,0,0
BRDA:695,0,1,2
BRDA:699,0,0,2
BRDA:699,0,1,0
BRDA:699,0,2,2
BRDA:699,0,3,0
BRDA:699,0,4,2
BRDA:699,0,5,0
BRDA:700,0,0,2
BRDA:700,0,1,0
BRDA:700,0,2,2
BRDA:700,0,3,0
BRDA:700,0,4,2
BRDA:700,0,5,0
BRDA:700,0,6,2
BRDA:700,0,7,0
BRDA:701,0,0,2
BRDA:701,0,1,0
BRDA:702,0,0,2
BRDA:702,0,1,0
BRDA:702,0,2,2
BRDA:702,0,3,0
BRDA:702,0,4,2
BRDA:702,0,5,0
BRDA:703,0,0,2
BRDA:703,0,1,0
BRDA:703,0,2,2
BRDA:703,0,3,0
BRDA:709,0,0,13
BRDA:709,0,1,2
BRDA:710,0,0,13
BRDA:710,0,1,0
BRDA:710,0,2,13
BRDA:710,0,3,0
BRDA:714,0,0,2
BRDA:714,0,1,0
BRDA:715,0,0,2
BRDA:715,0,1,0
BRDA:716,0,0,2
BRDA:716,0,1,0
BRDA:717,0,0,13
BRDA:717,0,1,2
BRDA:718,0,0,13
BRDA:718,0,1,0
BRDA:719,0,0,2
BRDA:719,0,1,0
BRDA:727,0,0,3
BRDA:727,0,1,0
BRDA:727,0,2,3
BRDA:727,0,3,0
BRDA:727,0,4,3
BRDA:727,0,5,0
BRDA:731,0,0,3
BRDA:731,0,1,0
BRDA:739,0,0,3
BRDA:739,0,1,0
BRDA:747,0,0,3
BRDA:747,0,1,0
BRDA:747,0,2,3
BRDA:747,0,3,0
BRDA:749,0,0,3
BRDA:749,0,1,0
BRDA:749,0,2,3
BRDA:749,0,3,0
BRDA:753,0,0,3
BRDA:753,0,1,0
BRDA:753,0,2,3
BRDA:753,0,3,0
BRDA:755,0,0,3
BRDA:755,0,1,0
BRDA:755,0,2,3
BRDA:755,0,3,0
BRDA:760,0,0,3
BRDA:760,0,1,0
BRDA:763,0,0,3
BRDA:763,0,1,0
BRDA:763,0,2,3
BRDA:763,0,3,0
BRDA:763,0,4,3
BRDA:763,0,5,0
BRDA:764,0,0,3
BRDA:764,0,1,0
BRDA:765,0,0,3
BRDA:765,0,1,0
BRDA:766,0,0,3
BRDA:766,0,1,0
BRDA:767,0,0,3
BRDA:767,0,1,0
BRDA:770,0,0,3
BRDA:770,0,1,0
BRDA:770,0,2,3
BRDA:770,0,3,0
BRDA:770,0,4,3
BRDA:770,0,5,0
BRDA:771,0,0,3
BRDA:771,0,1,0
BRDA:772,0,0,3
BRDA:772,0,1,0
BRDA:773,0,0,3
BRDA:773,0,1,0
BRDA:774,0,0,3
BRDA:774,0,1,0
BRDA:777,0,0,3
BRDA:777,0,1,0
BRDA:778,0,0,3
BRDA:778,0,1,0
BRDA:784,0,0,0
BRDA:784,0,1,10
BRDA:785,0,0,-
BRDA:785,0,1,-
BRDA:787,0,0,-
BRDA:787,0,1,-
BRDA:790,0,0,-
BRDA:790,0,1,-
BRDA:791,0,0,-
BRDA:791,0,1,-
BRDA:793,0,0,-
BRDA:793,0,1,-
BRDA:793,0,2,-
BRDA:793,0,3,-
BRDA:795,0,0,-
BRDA:795,0,1,-
BRDA:796,0,0,-
BRDA:796,0,1,-
BRDA:797,0,0,-
BRDA:797,0,1,-
BRDA:806,0,0,0
BRDA:806,0,1,40
BRDA:807,0,0,-
BRDA:807,0,1,-
BRDA:809,0,0,-
BRDA:809,0,1,-
BRDA:812,0,0,-
BRDA:812,0,1,-
BRDA:813,0,0,-
BRDA:813,0,1,-
BRDA:815,0,0,-
BRDA:815,0,1,-
BRDA:815,0,2,-
BRDA:815,0,3,-
BRDA:817,0,0,-
BRDA:817,0,1,-
BRDA:818,0,0,-
BRDA:818,0,1,-
BRDA:819,0,0,-
BRDA:819,0,1,-
BRDA:845,0,0,65
BRDA:845,0,1,0
BRDA:845,0,2,65
BRDA:845,0,3,0
BRDA:846,0,0,65
BRDA:846,0,1,0
BRDA:847,0,0,65
BRDA:847,0,1,0
BRDA:848,0,0,65
BRDA:848,0,1,0
BRDA:858,0,0,0
BRDA:858,0,1,8
BRDA:859,0,0,-
BRDA:859,0,1,-
BRDA:859,0,2,-
BRDA:859,0,3,-
BRDA:860,0,0,-
BRDA:860,0,1,-
BRDA:860,0,2,-
BRDA:860,0,3,-
BRDA:862,0,0,0
BRDA:862,0,1,8
BRDA:863,0,0,-
BRDA:863,0,1,-
BRDA:863,0,2,-
BRDA:863,0,3,-
BRDA:864,0,0,-
BRDA:864,0,1,-
BRDA:864,0,2,-
BRDA:864,0,3,-
BRDA:866,0,0,0
BRDA:866,0,1,8
BRDA:867,0,0,-
BRDA:867,0,1,-
BRDA:867,0,2,-
BRDA:867,0,3,-
BRDA:868,0,0,-
BRDA:868,0,1,-
BRDA:868,0,2,-
BRDA:868,0,3,-
BRDA:870,0,0,8
BRDA:870,0,1,0
BRDA:871,0,0,8
BRDA:871,0,1,0
BRDA:871,0,2,8
BRDA:871,0,3,0
BRDA:872,0,0,8
BRDA:872,0,1,0
BRDA:872,0,2,8
BRDA:872,0,3,0
BRDA:877,0,0,-
BRDA:877,0,1,-
BRDA:878,0,0,-
BRDA:878,0,1,-
BRDA:878,0,2,-
BRDA:878,0,3,-
BRDA:879,0,0,-
BRDA:879,0,1,-
BRDA:879,0,2,-
BRDA:879,0,3,-
BRDA:880,0,0,-
BRDA:880,0,1,-
BRDA:882,0,0,-
BRDA:882,0,1,-
BRDA:883,0,0,-
BRDA:883,0,1,-
BRDA:883,0,2,-
BRDA:883,0,3,-
BRDA:884,0,0,-
BRDA:884,0,1,-
BRDA:884,0,2,-
BRDA:884,0,3,-
BRDA:885,0,0,-
BRDA:885,0,1,-
BRDA:887,0,0,-
BRDA:887,0,1,-
BRDA:888,0,0,-
BRDA:888,0,1,-
BRDA:888,0,2,-
BRDA:888,0,3,-
BRDA:889,0,0,-
BRDA:889,0,1,-
BRDA:889,0,2,-
BRDA:889,0,3,-
BRDA:890,0,0,-
BRDA:890,0,1,-
BRDA:892,0,0,-
BRDA:892,0,1,-
BRDA:893,0,0,-
BRDA:893,0,1,-
BRDA:893,0,2,-
BRDA:893,0,3,-
BRDA:894,0,0,-
BRDA:894,0,1,-
BRDA:894,0,2,-
BRDA:894,0,3,-
BRDA:895,0,0,-
BRDA:895,0,1,-
BRF:782
BRH:318
DA:29,3
DA:30,3
DA:35,6
DA:38,3
DA:39,3
DA:40,3
DA:41,3
DA:43,3
DA:46,3
DA:47,3
DA:48,3
DA:50,3
DA:51,3
DA:52,3
DA:53,3
DA:55,4
DA:62,2
DA:64,2
DA:66,2
DA:78,4
DA:80,3
DA:81,3
DA:82,3
DA:83,3
DA:84,3
DA:86,8
DA:88,8
DA:91,0
DA:92,0
DA:94,8
DA:96,2
DA:97,2
DA:98,2
DA:99,2
DA:103,8
DA:104,8
DA:106,5
DA:107,5
DA:109,8
DA:110,8
DA:111,8
DA:112,8
DA:114,8
DA:117,8
DA:118,8
DA:122,8
DA:123,8
DA:126,8
DA:127,8
DA:128,8
DA:130,8
DA:134,8
DA:135,8
DA:136,8
DA:139,8
DA:140,8
DA:141,8
DA:142,8
DA:143,8
DA:144,8
DA:158,8
DA:159,8
DA:160,8
DA:161,8
DA:162,8
DA:163,8
DA:166,8
DA:167,8
DA:168,8
DA:169,8
DA:170,8
DA:171,8
DA:175,8
DA:176,8
DA:177,8
DA:178,8
DA:179,8
DA:180,8
DA:181,8
DA:183,9
DA:184,9
DA:185,9
DA:186,9
DA:188,6
DA:189,6
DA:190,6
DA:193,9
DA:194,9
DA:195,9
DA:196,9
DA:197,9
DA:198,9
DA:199,9
DA:200,9
DA:202,9
DA:203,9
DA:204,9
DA:207,9
DA:208,9
DA:209,9
DA:211,9
DA:212,0
DA:213,0
DA:215,18
DA:216,18
DA:218,9
DA:219,9
DA:225,9
DA:226,9
DA:227,9
DA:228,9
DA:229,9
DA:234,9
DA:235,9
DA:237,9
DA:239,9
DA:240,9
DA:241,9
DA:242,9
DA:244,9
DA:249,9
DA:251,1
DA:252,1
DA:253,1
DA:255,1
DA:257,1
DA:258,1
DA:259,1
DA:260,1
DA:261,1
DA:262,1
DA:264,1
DA:265,1
DA:266,1
DA:267,1
DA:268,1
DA:269,1
DA:271,1
DA:272,1
DA:273,1
DA:274,1
DA:275,1
DA:276,1
DA:277,1
DA:279,2
DA:280,2
DA:282,2
DA:283,2
DA:285,2
DA:286,2
DA:287,2
DA:288,2
DA:289,2
DA:290,2
DA:296,2
DA:298,0
DA:299,0
DA:301,0
DA:304,4
DA:305,2
DA:307,2
DA:310,4
DA:312,12
DA:313,10
DA:314,20
DA:315,10
DA:318,4
DA:319,4
DA:320,2
DA:321,2
DA:322,2
DA:323,2
DA:325,2
DA:326,2
DA:327,2
DA:328,2
DA:331,2
DA:332,2
DA:334,0
DA:336,0
DA:337,0
DA:338,0
DA:341,0
DA:344,0
DA:346,0
DA:348,0
DA:350,0
DA:352,0
DA:353,0
DA:354,0
DA:357,0
DA:358,0
DA:359,0
DA:360,0
DA:361,0
DA:362,0
DA:365,0
DA:366,0
DA:367,0
DA:368,0
DA:369,0
DA:370,0
DA:373,0
DA:374,0
DA:375,0
DA:376,0
DA:377,0
DA:379,0
DA:382,0
DA:383,0
DA:384,0
DA:385,0
DA:386,0
DA:389,0
DA:392,0
DA:393,0
DA:395,0
DA:396,0
DA:399,13193
DA:401,13193
DA:402,7638
DA:403,7638
DA:404,7638
DA:406,15
DA:407,15
DA:409,15
DA:410,8
DA:411,4
DA:414,22
DA:415,11
DA:421,13193
DA:424,0
DA:425,0
DA:426,0
DA:429,9
DA:430,9
DA:431,9
DA:434,9
DA:436,7
DA:441,9
DA:445,9
DA:446,9
DA:448,9
DA:450,9
DA:451,9
DA:453,283
DA:454,274
DA:457,9
DA:459,13201
DA:460,13201
DA:463,13201
DA:464,0
DA:465,0
DA:466,0
DA:469,13201
DA:470,0
DA:471,0
DA:472,0
DA:473,0
DA:481,13201
DA:482,13201
DA:484,1
DA:485,1
DA:487,13200
DA:489,453
DA:490,453
DA:491,453
DA:492,3
DA:494,453
DA:495,3
DA:496,3
DA:497,3
DA:502,453
DA:504,12747
DA:505,681
DA:507,681
DA:508,5
DA:510,681
DA:511,4
DA:512,4
DA:513,4
DA:517,681
DA:522,8
DA:525,8
DA:527,8
DA:529,8
DA:530,2
DA:531,2
DA:534,6
DA:536,6
DA:537,6
DA:538,6
DA:539,6
DA:541,6
DA:542,6
DA:543,6
DA:544,6
DA:545,6
DA:546,6
DA:550,6
DA:551,6
DA:552,6
DA:553,6
DA:554,6
DA:555,6
DA:561,8
DA:562,8
DA:564,8
DA:566,8
DA:568,8
DA:571,0
DA:572,0
DA:573,0
DA:575,0
DA:578,0
DA:579,0
DA:580,0
DA:581,0
DA:582,0
DA:586,0
DA:587,0
DA:588,0
DA:589,0
DA:590,0
DA:592,2
DA:594,2
DA:596,2
DA:597,2
DA:598,2
DA:599,2
DA:602,2
DA:603,2
DA:604,2
DA:605,2
DA:606,2
DA:607,2
DA:609,2
DA:612,13209
DA:614,13209
DA:615,13200
DA:616,13200
DA:617,13200
DA:618,13200
DA:619,13200
DA:620,13200
DA:623,13209
DA:625,26418
DA:627,39627
DA:629,13209
DA:630,13209
DA:631,13209
DA:632,13209
DA:634,13209
DA:635,13209
DA:636,13209
DA:637,13209
DA:640,13209
DA:641,13209
DA:642,13209
DA:643,13209
DA:646,13209
DA:647,13209
DA:648,13209
DA:649,13209
DA:650,13209
DA:651,13209
DA:653,4
DA:656,12
DA:658,4
DA:659,0
DA:662,4
DA:663,4
DA:665,8
DA:666,25
DA:668,42
DA:669,21
DA:673,4
DA:678,4
DA:681,2
DA:685,2
DA:687,0
DA:689,0
DA:691,0
DA:695,2
DA:698,2
DA:699,2
DA:700,4
DA:701,2
DA:702,4
DA:703,2
DA:709,15
DA:710,13
DA:714,4
DA:715,2
DA:716,2
DA:717,15
DA:718,26
DA:719,2
DA:722,2
DA:723,2
DA:725,3
DA:726,3
DA:727,3
DA:728,3
DA:731,3
DA:732,3
DA:733,3
DA:734,3
DA:735,3
DA:736,3
DA:739,3
DA:740,3
DA:741,3
DA:742,3
DA:743,3
DA:744,3
DA:747,3
DA:748,3
DA:749,3
DA:750,3
DA:751,3
DA:753,3
DA:754,3
DA:755,3
DA:756,3
DA:757,3
DA:760,3
DA:763,3
DA:764,3
DA:765,3
DA:766,3
DA:767,3
DA:770,3
DA:771,3
DA:772,3
DA:773,3
DA:774,3
DA:777,3
DA:778,3
DA:781,3
DA:783,10
DA:784,10
DA:785,0
DA:787,0
DA:789,0
DA:790,0
DA:791,0
DA:793,0
DA:795,0
DA:796,0
DA:797,0
DA:801,10
DA:803,10
DA:805,40
DA:806,40
DA:807,0
DA:809,0
DA:811,0
DA:812,0
DA:813,0
DA:815,0
DA:817,0
DA:818,0
DA:819,0
DA:823,40
DA:825,40
DA:827,65
DA:842,65
DA:845,65
DA:846,65
DA:847,65
DA:848,65
DA:850,65
DA:853,22
DA:854,22
DA:855,22
DA:856,8
DA:858,8
DA:859,0
DA:860,0
DA:862,8
DA:863,0
DA:864,0
DA:866,8
DA:867,0
DA:868,0
DA:870,8
DA:871,8
DA:872,8
DA:875,8
DA:876,0
DA:877,0
DA:878,0
DA:879,0
DA:880,0
DA:882,0
DA:883,0
DA:884,0
DA:885,0
DA:887,0
DA:888,0
DA:889,0
DA:890,0
DA:892,0
DA:893,0
DA:894,0
DA:895,0
DA:897,0
DA:899,2
DA:901,2
DA:903,2
DA:904,2
LF:512
LH:395
end_of_record
TN:
SF:/home/dunja/Desktop/tankAttack/17-tankattack/code/src/main.cpp
FN:18,main
FNDA:3,main
FNF:1
FNH:1
BRDA:23,0,0,3
BRDA:23,0,1,0
BRDA:25,0,0,3
BRDA:25,0,1,0
BRDA:27,0,0,3
BRDA:27,0,1,0
BRDA:30,0,0,3
BRDA:30,0,1,0
BRF:8
BRH:4
DA:18,3
DA:21,6
DA:23,3
DA:25,3
DA:27,3
DA:30,3
LF:6
LH:6
end_of_record
TN:
SF:/home/dunja/Desktop/tankAttack/build_tank_attack/moc_Client.cpp
FN:105,_ZN6Client18qt_static_metacallEP7QObjectN11QMetaObject4CallEiPPv
FN:176,_ZNK6Client10metaObjectEv
FN:181,_ZN6Client11qt_metacastEPKc
FN:189,_ZN6Client11qt_metacallEN11QMetaObject4CallEiPPv
FN:207,_ZN6Client9connectedEv
FN:213,_ZN6Client12disconnectedEv
FN:219,_ZN6Client15messageReceivedERK7QStringS2_
FN:226,_ZN6Client5errorEN15QAbstractSocket11SocketErrorE
FNDA:0,_ZN6Client18qt_static_metacallEP7QObjectN11QMetaObject4CallEiPPv
FNDA:0,_ZN6Client15messageReceivedERK7QStringS2_
FNDA:0,_ZN6Client11qt_metacastEPKc
FNDA:4,_ZN6Client5errorEN15QAbstractSocket11SocketErrorE
FNDA:0,_ZN6Client9connectedEv
FNDA:0,_ZNK6Client10metaObjectEv
FNDA:0,_ZN6Client11qt_metacallEN11QMetaObject4CallEiPPv
FNDA:0,_ZN6Client12disconnectedEv
FNF:8
FNH:1
BRDA:107,0,0,-
BRDA:107,0,1,-
BRDA:110,0,0,-
BRDA:110,0,1,-
BRDA:110,0,2,-
BRDA:110,0,3,-
BRDA:110,0,4,-
BRDA:110,0,5,-
BRDA:110,0,6,-
BRDA:110,0,7,-
BRDA:110,0,8,-
BRDA:110,0,9,-
BRDA:122,0,0,-
BRDA:122,0,1,-
BRDA:123,0,0,-
BRDA:123,0,1,-
BRDA:126,0,0,-
BRDA:126,0,1,-
BRDA:133,0,0,-
BRDA:133,0,1,-
BRDA:137,0,0,-
BRDA:137,0,1,-
BRDA:137,0,2,-
BRDA:137,0,3,-
BRDA:144,0,0,-
BRDA:144,0,1,-
BRDA:144,0,2,-
BRDA:144,0,3,-
BRDA:151,0,0,-
BRDA:151,0,1,-
BRDA:151,0,2,-
BRDA:151,0,3,-
BRDA:158,0,0,-
BRDA:158,0,1,-
BRDA:158,0,2,-
BRDA:158,0,3,-
BRDA:178,0,0,-
BRDA:178,0,1,-
BRDA:183,0,0,-
BRDA:183,0,1,-
BRDA:184,0,0,-
BRDA:184,0,1,-
BRDA:192,0,0,-
BRDA:192,0,1,-
BRDA:194,0,0,-
BRDA:194,0,1,-
BRDA:195,0,0,-
BRDA:195,0,1,-
BRDA:198,0,0,-
BRDA:198,0,1,-
BRDA:199,0,0,-
BRDA:199,0,1,-
BRF:52
BRH:0
DA:105,0
DA:107,0
DA:110,0
DA:111,0
DA:112,0
DA:113,0
DA:114,0
DA:115,0
DA:116,0
DA:117,0
DA:118,0
DA:119,0
DA:122,0
DA:123,0
DA:124,0
DA:125,0
DA:126,0
DA:127,0
DA:128,0
DA:129,0
DA:133,0
DA:134,0
DA:137,0
DA:138,0
DA:139,0
DA:144,0
DA:145,0
DA:146,0
DA:151,0
DA:152,0
DA:153,0
DA:158,0
DA:159,0
DA:160,0
DA:176,0
DA:178,0
DA:181,0
DA:183,0
DA:184,0
DA:186,0
DA:189,0
DA:191,0
DA:192,0
DA:194,0
DA:195,0
DA:196,0
DA:197,0
DA:198,0
DA:199,0
DA:200,0
DA:201,0
DA:207,0
DA:209,0
DA:210,0
DA:213,0
DA:215,0
DA:216,0
DA:219,0
DA:221,0
DA:222,0
DA:223,0
DA:226,4
DA:228,4
DA:229,4
DA:230,4
LF:65
LH:4
end_of_record
TN:
SF:/home/dunja/Desktop/tankAttack/build_tank_attack/moc_HealthBar.cpp
FN:57,_ZN9HealthBar18qt_static_metacallEP7QObjectN11QMetaObject4CallEiPPv
FN:75,_ZNK9HealthBar10metaObjectEv
FN:80,_ZN9HealthBar11qt_metacastEPKc
FN:90,_ZN9HealthBar11qt_metacallEN11QMetaObject4CallEiPPv
FNDA:0,_ZNK9HealthBar10metaObjectEv
FNDA:0,_ZN9HealthBar11qt_metacallEN11QMetaObject4CallEiPPv
FNDA:0,_ZN9HealthBar11qt_metacastEPKc
FNDA:0,_ZN9HealthBar18qt_static_metacallEP7QObjectN11QMetaObject4CallEiPPv
FNF:4
FNH:0
BRDA:77,0,0,-
BRDA:77,0,1,-
BRDA:82,0,0,-
BRDA:82,0,1,-
BRDA:83,0,0,-
BRDA:83,0,1,-
BRDA:85,0,0,-
BRDA:85,0,1,-
BRF:8
BRH:0
DA:57,0
DA:63,0
DA:75,0
DA:77,0
DA:80,0
DA:82,0
DA:83,0
DA:85,0
DA:86,0
DA:87,0
DA:90,0
DA:92,0
DA:93,0
LF:13
LH:0
end_of_record
TN:
SF:/home/dunja/Desktop/tankAttack/build_tank_attack/moc_Rocket.cpp
FN:65,_ZN6Rocket18qt_static_metacallEP7QObjectN11QMetaObject4CallEiPPv
FN:88,_ZNK6Rocket10metaObjectEv
FN:93,_ZN6Rocket11qt_metacastEPKc
FN:103,_ZN6Rocket11qt_metacallEN11QMetaObject4CallEiPPv
FNDA:0,_ZN6Rocket11qt_metacallEN11QMetaObject4CallEiPPv
FNDA:2523,_ZN6Rocket18qt_static_metacallEP7QObjectN11QMetaObject4CallEiPPv
FNDA:2570,_ZNK6Rocket10metaObjectEv
FNDA:0,_ZN6Rocket11qt_metacastEPKc
FNF:4
FNH:2
BRDA:67,0,0,2523
BRDA:67,0,1,0
BRDA:70,0,0,2523
BRDA:70,0,1,0
BRDA:90,0,0,0
BRDA:90,0,1,2570
BRDA:95,0,0,-
BRDA:95,0,1,-
BRDA:96,0,0,-
BRDA:96,0,1,-
BRDA:98,0,0,-
BRDA:98,0,1,-
BRDA:106,0,0,-
BRDA:106,0,1,-
BRDA:108,0,0,-
BRDA:108,0,1,-
BRDA:109,0,0,-
BRDA:109,0,1,-
BRDA:112,0,0,-
BRDA:112,0,1,-
BRDA:113,0,0,-
BRDA:113,0,1,-
BRF:22
BRH:3
DA:65,2523
DA:67,2523
DA:70,2523
DA:71,2523
DA:76,0
DA:88,2570
DA:90,2570
DA:93,0
DA:95,0
DA:96,0
DA:98,0
DA:99,0
DA:100,0
DA:103,0
DA:105,0
DA:106,0
DA:108,0
DA:109,0
DA:111,0
DA:112,0
DA:113,0
DA:114,0
DA:115,0
LF:23
LH:6
end_of_record
TN:
SF:/home/dunja/Desktop/tankAttack/build_tank_attack/moc_Server.cpp
FN:97,_ZN6Server18qt_static_metacallEP7QObjectN11QMetaObject4CallEiPPv
FN:141,_ZNK6Server10metaObjectEv
FN:146,_ZN6Server11qt_metacastEPKc
FN:154,_ZN6Server11qt_metacallEN11QMetaObject4CallEiPPv
FN:172,_ZN6Server10logMessageERK7QString
FN:179,_ZN6Server14stopAllClientsEv
FNDA:0,_ZN6Server14stopAllClientsEv
FNDA:0,_ZN6Server10logMessageERK7QString
FNDA:0,_ZN6Server11qt_metacastEPKc
FNDA:0,_ZN6Server18qt_static_metacallEP7QObjectN11QMetaObject4CallEiPPv
FNDA:0,_ZNK6Server10metaObjectEv
FNDA:0,_ZN6Server11qt_metacallEN11QMetaObject4CallEiPPv
FNF:6
FNH:0
BRDA:99,0,0,-
BRDA:99,0,1,-
BRDA:102,0,0,-
BRDA:102,0,1,-
BRDA:102,0,2,-
BRDA:102,0,3,-
BRDA:102,0,4,-
BRDA:102,0,5,-
BRDA:102,0,6,-
BRDA:102,0,7,-
BRDA:112,0,0,-
BRDA:112,0,1,-
BRDA:116,0,0,-
BRDA:116,0,1,-
BRDA:116,0,2,-
BRDA:116,0,3,-
BRDA:123,0,0,-
BRDA:123,0,1,-
BRDA:123,0,2,-
BRDA:123,0,3,-
BRDA:143,0,0,-
BRDA:143,0,1,-
BRDA:148,0,0,-
BRDA:148,0,1,-
BRDA:149,0,0,-
BRDA:149,0,1,-
BRDA:157,0,0,-
BRDA:157,0,1,-
BRDA:159,0,0,-
BRDA:159,0,1,-
BRDA:160,0,0,-
BRDA:160,0,1,-
BRDA:163,0,0,-
BRDA:163,0,1,-
BRDA:164,0,0,-
BRDA:164,0,1,-
BRF:36
BRH:0
DA:97,0
DA:99,0
DA:102,0
DA:103,0
DA:104,0
DA:105,0
DA:106,0
DA:107,0
DA:108,0
DA:109,0
DA:112,0
DA:113,0
DA:116,0
DA:117,0
DA:118,0
DA:123,0
DA:124,0
DA:125,0
DA:141,0
DA:143,0
DA:146,0
DA:148,0
DA:149,0
DA:151,0
DA:154,0
DA:156,0
DA:157,0
DA:159,0
DA:160,0
DA:161,0
DA:162,0
DA:163,0
DA:164,0
DA:165,0
DA:166,0
DA:172,0
DA:174,0
DA:175,0
DA:176,0
DA:179,0
DA:181,0
DA:182,0
LF:42
LH:0
end_of_record
TN:
SF:/home/dunja/Desktop/tankAttack/build_tank_attack/moc_ServerWorker.cpp
FN:88,_ZN12ServerWorker18qt_static_metacallEP7QObjectN11QMetaObject4CallEiPPv
FN:145,_ZNK12ServerWorker10metaObjectEv
FN:150,_ZN12ServerWorker11qt_metacastEPKc
FN:158,_ZN12ServerWorker11qt_metacallEN11QMetaObject4CallEiPPv
FN:176,_ZN12ServerWorker12jsonReceivedERK11QJsonObject
FN:183,_ZN12ServerWorker22disconnectedFromClientEv
FN:189,_ZN12ServerWorker5errorEv
FN:195,_ZN12ServerWorker10logMessageERK7QString
FNDA:0,_ZN12ServerWorker22disconnectedFromClientEv
FNDA:0,_ZNK12ServerWorker10metaObjectEv
FNDA:0,_ZN12ServerWorker5errorEv
FNDA:0,_ZN12ServerWorker11qt_metacallEN11QMetaObject4CallEiPPv
FNDA:0,_ZN12ServerWorker12jsonReceivedERK11QJsonObject
FNDA:0,_ZN12ServerWorker10logMessageERK7QString
FNDA:0,_ZN12ServerWorker18qt_static_metacallEP7QObjectN11QMetaObject4CallEiPPv
FNDA:0,_ZN12ServerWorker11qt_metacastEPKc
FNF:8
FNH:0
BRDA:90,0,0,-
BRDA:90,0,1,-
BRDA:93,0,0,-
BRDA:93,0,1,-
BRDA:93,0,2,-
BRDA:93,0,3,-
BRDA:93,0,4,-
BRDA:93,0,5,-
BRDA:93,0,6,-
BRDA:102,0,0,-
BRDA:102,0,1,-
BRDA:106,0,0,-
BRDA:106,0,1,-
BRDA:106,0,2,-
BRDA:106,0,3,-
BRDA:113,0,0,-
BRDA:113,0,1,-
BRDA:113,0,2,-
BRDA:113,0,3,-
BRDA:120,0,0,-
BRDA:120,0,1,-
BRDA:120,0,2,-
BRDA:120,0,3,-
BRDA:127,0,0,-
BRDA:127,0,1,-
BRDA:127,0,2,-
BRDA:127,0,3,-
BRDA:147,0,0,-
BRDA:147,0,1,-
BRDA:152,0,0,-
BRDA:152,0,1,-
BRDA:153,0,0,-
BRDA:153,0,1,-
BRDA:161,0,0,-
BRDA:161,0,1,-
BRDA:163,0,0,-
BRDA:163,0,1,-
BRDA:164,0,0,-
BRDA:164,0,1,-
BRDA:167,0,0,-
BRDA:167,0,1,-
BRDA:168,0,0,-
BRDA:168,0,1,-
BRF:43
BRH:0
DA:88,0
DA:90,0
DA:93,0
DA:94,0
DA:95,0
DA:96,0
DA:97,0
DA:98,0
DA:99,0
DA:102,0
DA:103,0
DA:106,0
DA:107,0
DA:108,0
DA:113,0
DA:114,0
DA:115,0
DA:120,0
DA:121,0
DA:122,0
DA:127,0
DA:128,0
DA:129,0
DA:145,0
DA:147,0
DA:150,0
DA:152,0
DA:153,0
DA:155,0
DA:158,0
DA:160,0
DA:161,0
DA:163,0
DA:164,0
DA:165,0
DA:166,0
DA:167,0
DA:168,0
DA:169,0
DA:170,0
DA:176,0
DA:178,0
DA:179,0
DA:180,0
DA:183,0
DA:185,0
DA:186,0
DA:189,0
DA:191,0
DA:192,0
DA:195,0
DA:197,0
DA:198,0
DA:199,0
LF:54
LH:0
end_of_record
TN:
SF:/home/dunja/Desktop/tankAttack/build_tank_attack/moc_Tank.cpp
FN:65,_ZN4Tank18qt_static_metacallEP7QObjectN11QMetaObject4CallEiPPv
FN:88,_ZNK4Tank10metaObjectEv
FN:93,_ZN4Tank11qt_metacastEPKc
FN:103,_ZN4Tank11qt_metacallEN11QMetaObject4CallEiPPv
FNDA:0,_ZN4Tank11qt_metacallEN11QMetaObject4CallEiPPv
FNDA:26402,_ZN4Tank18qt_static_metacallEP7QObjectN11QMetaObject4CallEiPPv
FNDA:26420,_ZNK4Tank10metaObjectEv
FNDA:0,_ZN4Tank11qt_metacastEPKc
FNF:4
FNH:2
BRDA:67,0,0,26402
BRDA:67,0,1,0
BRDA:70,0,0,26402
BRDA:70,0,1,0
BRDA:90,0,0,0
BRDA:90,0,1,26420
BRDA:95,0,0,-
BRDA:95,0,1,-
BRDA:96,0,0,-
BRDA:96,0,1,-
BRDA:98,0,0,-
BRDA:98,0,1,-
BRDA:106,0,0,-
BRDA:106,0,1,-
BRDA:108,0,0,-
BRDA:108,0,1,-
BRDA:109,0,0,-
BRDA:109,0,1,-
BRDA:112,0,0,-
BRDA:112,0,1,-
BRDA:113,0,0,-
BRDA:113,0,1,-
BRF:22
BRH:3
DA:65,26402
DA:67,26402
DA:70,26402
DA:71,26402
DA:76,0
DA:88,26420
DA:90,26420
DA:93,0
DA:95,0
DA:96,0
DA:98,0
DA:99,0
DA:100,0
DA:103,0
DA:105,0
DA:106,0
DA:108,0
DA:109,0
DA:111,0
DA:112,0
DA:113,0
DA:114,0
DA:115,0
LF:23
LH:6
end_of_record
TN:
SF:/home/dunja/Desktop/tankAttack/build_tank_attack/moc_World.cpp
FN:116,_ZN5World18qt_static_metacallEP7QObjectN11QMetaObject4CallEiPPv
FN:154,_ZNK5World10metaObjectEv
FN:159,_ZN5World11qt_metacastEPKc
FN:167,_ZN5World11qt_metacallEN11QMetaObject4CallEiPPv
FNDA:0,_ZN5World11qt_metacallEN11QMetaObject4CallEiPPv
FNDA:0,_ZN5World11qt_metacastEPKc
FNDA:26488,_ZN5World18qt_static_metacallEP7QObjectN11QMetaObject4CallEiPPv
FNDA:26642,_ZNK5World10metaObjectEv
FNF:4
FNH:2
BRDA:118,0,0,26488
BRDA:118,0,1,0
BRDA:121,0,0,9
BRDA:121,0,1,2
BRDA:121,0,2,5
BRDA:121,0,3,2
BRDA:121,0,4,3
BRDA:121,0,5,13201
BRDA:121,0,6,10
BRDA:121,0,7,40
BRDA:121,0,8,0
BRDA:121,0,9,22
BRDA:121,0,10,0
BRDA:121,0,11,1
BRDA:121,0,12,0
BRDA:121,0,13,0
BRDA:121,0,14,13193
BRDA:121,0,15,0
BRDA:121,0,16,0
BRDA:156,0,0,0
BRDA:156,0,1,26642
BRDA:161,0,0,-
BRDA:161,0,1,-
BRDA:162,0,0,-
BRDA:162,0,1,-
BRDA:170,0,0,-
BRDA:170,0,1,-
BRDA:172,0,0,-
BRDA:172,0,1,-
BRDA:173,0,0,-
BRDA:173,0,1,-
BRDA:176,0,0,-
BRDA:176,0,1,-
BRDA:177,0,0,-
BRDA:177,0,1,-
BRF:35
BRH:13
DA:116,26488
DA:118,26488
DA:121,26488
DA:122,9
DA:123,2
DA:124,5
DA:125,2
DA:126,3
DA:127,13201
DA:128,10
DA:129,40
DA:130,0
DA:131,22
DA:132,0
DA:133,1
DA:134,0
DA:135,0
DA:136,13193
DA:137,0
DA:142,26488
DA:154,26642
DA:156,26642
DA:159,0
DA:161,0
DA:162,0
DA:164,0
DA:167,0
DA:169,0
DA:170,0
DA:172,0
DA:173,0
DA:174,0
DA:175,0
DA:176,0
DA:177,0
DA:178,0
DA:179,0
LF:37
LH:17
end_of_record
TN:
SF:/home/dunja/Desktop/tankAttack/build_tank_attack/qrc_resources.cpp
FN:327926,_Z24qInitResources_resourcesv
FN:327934,_Z27qCleanupResources_resourcesv
FN:327944,_ZN12_GLOBAL__N_111initializerD2Ev
FNDA:3,_Z24qInitResources_resourcesv
FNDA:3,_Z27qCleanupResources_resourcesv
FNDA:3,_ZN12_GLOBAL__N_111initializerD2Ev
FNF:3
FNH:3
DA:327926,3
DA:327929,3
DA:327930,3
DA:327934,3
DA:327937,3
DA:327938,3
DA:327944,3
LF:7
LH:7
end_of_record
