TN:
SF:/home/dunja/Desktop/tankAttack/build_tank_attack/moc_HealthBar.cpp
FN:57,_ZN9HealthBar18qt_static_metacallEP7QObjectN11QMetaObject4CallEiPPv
FNDA:0,_ZN9HealthBar18qt_static_metacallEP7QObjectN11QMetaObject4CallEiPPv
FN:75,_ZNK9HealthBar10metaObjectEv
FNDA:0,_ZNK9HealthBar10metaObjectEv
FN:80,_ZN9HealthBar11qt_metacastEPKc
FNDA:0,_ZN9HealthBar11qt_metacastEPKc
FN:90,_ZN9HealthBar11qt_metacallEN11QMetaObject4CallEiPPv
FNDA:0,_ZN9HealthBar11qt_metacallEN11QMetaObject4CallEiPPv
DA:57,0
DA:63,0
DA:75,0
DA:77,0
BRDA:77,0,0,-
BRDA:77,0,1,-
DA:80,0
DA:82,0
BRDA:82,0,0,-
BRDA:82,0,1,-
DA:83,0
BRDA:83,0,0,-
BRDA:83,0,1,-
DA:85,0
BRDA:85,0,0,-
BRDA:85,0,1,-
DA:86,0
DA:87,0
DA:90,0
DA:92,0
DA:93,0
end_of_record
TN:
SF:/home/dunja/Desktop/tankAttack/build_tank_attack/moc_Server.cpp
FN:97,_ZN6Server18qt_static_metacallEP7QObjectN11QMetaObject4CallEiPPv
FNDA:0,_ZN6Server18qt_static_metacallEP7QObjectN11QMetaObject4CallEiPPv
FN:141,_ZNK6Server10metaObjectEv
FNDA:0,_ZNK6Server10metaObjectEv
FN:146,_ZN6Server11qt_metacastEPKc
FNDA:0,_ZN6Server11qt_metacastEPKc
FN:154,_ZN6Server11qt_metacallEN11QMetaObject4CallEiPPv
FNDA:0,_ZN6Server11qt_metacallEN11QMetaObject4CallEiPPv
FN:172,_ZN6Server10logMessageERK7QString
FNDA:0,_ZN6Server10logMessageERK7QString
FN:179,_ZN6Server14stopAllClientsEv
FNDA:0,_ZN6Server14stopAllClientsEv
DA:97,0
DA:99,0
BRDA:99,0,0,-
BRDA:99,0,1,-
DA:102,0
BRDA:102,0,0,-
BRDA:102,0,1,-
BRDA:102,0,2,-
BRDA:102,0,3,-
BRDA:102,0,4,-
BRDA:102,0,5,-
BRDA:102,0,6,-
BRDA:102,0,7,-
DA:103,0
DA:104,0
DA:105,0
DA:106,0
DA:107,0
DA:108,0
DA:109,0
DA:112,0
BRDA:112,0,0,-
BRDA:112,0,1,-
DA:113,0
DA:116,0
BRDA:116,0,0,-
BRDA:116,0,1,-
BRDA:116,0,2,-
BRDA:116,0,3,-
DA:117,0
DA:118,0
DA:123,0
BRDA:123,0,0,-
BRDA:123,0,1,-
BRDA:123,0,2,-
BRDA:123,0,3,-
DA:124,0
DA:125,0
DA:141,0
DA:143,0
BRDA:143,0,0,-
BRDA:143,0,1,-
DA:146,0
DA:148,0
BRDA:148,0,0,-
BRDA:148,0,1,-
DA:149,0
BRDA:149,0,0,-
BRDA:149,0,1,-
DA:151,0
DA:154,0
DA:156,0
DA:157,0
BRDA:157,0,0,-
BRDA:157,0,1,-
DA:159,0
BRDA:159,0,0,-
BRDA:159,0,1,-
DA:160,0
BRDA:160,0,0,-
BRDA:160,0,1,-
DA:161,0
DA:162,0
DA:163,0
BRDA:163,0,0,-
BRDA:163,0,1,-
DA:164,0
BRDA:164,0,0,-
BRDA:164,0,1,-
DA:165,0
DA:166,0
DA:172,0
DA:174,0
DA:175,0
DA:176,0
DA:179,0
DA:181,0
DA:182,0
end_of_record
TN:
SF:/usr/include/x86_64-linux-gnu/qt5/QtCore/qatomic_cxx11.h
DA:271,0
end_of_record
SF:/usr/include/x86_64-linux-gnu/qt5/QtCore/qrefcount.h
FN:54,_ZN9QtPrivate8RefCount3refEv
FNDA:0,_ZN9QtPrivate8RefCount3refEv
FN:65,_ZN9QtPrivate8RefCount5derefEv
FNDA:0,_ZN9QtPrivate8RefCount5derefEv
DA:54,0
BRDA:54,0,0,-
BRDA:54,0,1,-
DA:57,0
BRDA:57,0,0,-
BRDA:57,0,1,-
DA:60,0
BRDA:60,0,0,-
BRDA:60,0,1,-
DA:65,0
BRDA:65,0,0,-
BRDA:65,0,1,-
DA:68,0
BRDA:68,0,0,-
BRDA:68,0,1,-
DA:71,0
BRDA:71,0,0,-
BRDA:71,0,1,-
DA:73,0
end_of_record
SF:/usr/include/x86_64-linux-gnu/qt5/QtCore/qarraydata.h
DA:61,0
DA:208,0
DA:239,0
DA:240,0
end_of_record
SF:/usr/include/x86_64-linux-gnu/qt5/QtCore/qbasicatomic.h
DA:114,0
end_of_record
SF:/usr/include/x86_64-linux-gnu/qt5/QtCore/qobject_impl.h
FN:75,_ZN9QtPrivate15ConnectionTypesINS_4ListIJN15QAbstractSocket11SocketErrorEEEELb1EE5typesEv
FNDA:0,_ZN9QtPrivate15ConnectionTypesINS_4ListIJN15QAbstractSocket11SocketErrorEEEELb1EE5typesEv
DA:75,0
BRDA:75,0,0,-
BRDA:75,0,1,-
BRDA:75,0,2,-
BRDA:75,0,3,-
end_of_record
SF:/usr/include/x86_64-linux-gnu/qt5/QtCore/qobject.h
FN:228,_ZN7QObject7connectIM15QAbstractSocketFvNS1_11SocketErrorEEM12ServerWorkerFvvEEEN11QMetaObject10ConnectionEPKN9QtPrivate15FunctionPointerIT_E6ObjectESC_PKNSB_IT0_E6ObjectESH_N2Qt14ConnectionTypeE
FNDA:0,_ZN7QObject7connectIM15QAbstractSocketFvNS1_11SocketErrorEEM12ServerWorkerFvvEEEN11QMetaObject10ConnectionEPKN9QtPrivate15FunctionPointerIT_E6ObjectESC_PKNSB_IT0_E6ObjectESH_N2Qt14ConnectionTypeE
FN:228,_ZN7QObject7connectIM15QAbstractSocketFvvEM12ServerWorkerFvvEEEN11QMetaObject10ConnectionEPKN9QtPrivate15FunctionPointerIT_E6ObjectESB_PKNSA_IT0_E6ObjectESG_N2Qt14ConnectionTypeE
FNDA:0,_ZN7QObject7connectIM15QAbstractSocketFvvEM12ServerWorkerFvvEEEN11QMetaObject10ConnectionEPKN9QtPrivate15FunctionPointerIT_E6ObjectESB_PKNSA_IT0_E6ObjectESG_N2Qt14ConnectionTypeE
FN:228,_ZN7QObject7connectIM9QIODeviceFvvEM12ServerWorkerFvvEEEN11QMetaObject10ConnectionEPKN9QtPrivate15FunctionPointerIT_E6ObjectESB_PKNSA_IT0_E6ObjectESG_N2Qt14ConnectionTypeE
FNDA:0,_ZN7QObject7connectIM9QIODeviceFvvEM12ServerWorkerFvvEEEN11QMetaObject10ConnectionEPKN9QtPrivate15FunctionPointerIT_E6ObjectESB_PKNSA_IT0_E6ObjectESG_N2Qt14ConnectionTypeE
DA:228,0
DA:247,0
BRDA:247,0,0,-
BRDA:247,0,1,-
DA:248,0
DA:252,0
DA:254,0
DA:228,0
DA:252,0
DA:254,0
DA:228,0
DA:252,0
DA:254,0
end_of_record
SF:/usr/include/x86_64-linux-gnu/qt5/QtCore/qflags.h
DA:120,0
DA:133,0
end_of_record
SF:/home/dunja/Desktop/tankAttack/17-tankattack/code/src/ServerWorker.cpp
FN:8,_ZN12ServerWorkerC2EP7QObject
FNDA:0,_ZN12ServerWorkerC2EP7QObject
FN:18,_ZN12ServerWorker19setSocketDescriptorEx
FNDA:0,_ZN12ServerWorker19setSocketDescriptorEx
FN:23,_ZN12ServerWorker8sendJsonERK11QJsonObject
FNDA:0,_ZN12ServerWorker8sendJsonERK11QJsonObject
FN:32,_ZN12ServerWorker20disconnectFromClientEv
FNDA:0,_ZN12ServerWorker20disconnectFromClientEv
FN:37,_ZN12ServerWorker11receiveJsonEv
FNDA:0,_ZN12ServerWorker11receiveJsonEv
DA:8,0
DA:10,0
BRDA:10,0,0,-
BRDA:10,0,1,-
BRDA:10,0,2,-
BRDA:10,0,3,-
BRDA:10,0,4,-
BRDA:10,0,5,-
DA:12,0
BRDA:12,0,0,-
BRDA:12,0,1,-
DA:13,0
BRDA:13,0,0,-
BRDA:13,0,1,-
DA:14,0
BRDA:14,0,0,-
BRDA:14,0,1,-
DA:15,0
DA:18,0
DA:20,0
DA:23,0
DA:26,0
BRDA:26,0,0,-
BRDA:26,0,1,-
DA:27,0
BRDA:27,0,0,-
BRDA:27,0,1,-
DA:29,0
BRDA:29,0,0,-
BRDA:29,0,1,-
DA:30,0
DA:32,0
DA:34,0
DA:35,0
DA:37,0
BRDA:37,0,0,-
BRDA:37,0,1,-
DA:39,0
DA:40,0
BRDA:40,0,0,-
BRDA:40,0,1,-
DA:43,0
BRDA:43,0,0,-
BRDA:43,0,1,-
DA:44,0
BRDA:44,0,0,-
BRDA:44,0,1,-
DA:46,0
BRDA:46,0,0,-
BRDA:46,0,1,-
BRDA:46,0,2,-
BRDA:46,0,3,-
DA:48,0
BRDA:48,0,0,-
BRDA:48,0,1,-
DA:49,0
BRDA:49,0,0,-
BRDA:49,0,1,-
DA:50,0
BRDA:50,0,0,-
BRDA:50,0,1,-
BRDA:50,0,2,-
BRDA:50,0,3,-
DA:51,0
BRDA:51,0,0,-
BRDA:51,0,1,-
BRDA:51,0,2,-
BRDA:51,0,3,-
DA:53,0
BRDA:53,0,0,-
BRDA:53,0,1,-
BRDA:53,0,2,-
BRDA:53,0,3,-
BRDA:53,0,4,-
BRDA:53,0,5,-
DA:55,0
BRDA:55,0,0,-
BRDA:55,0,1,-
BRDA:55,0,2,-
BRDA:55,0,3,-
BRDA:55,0,4,-
BRDA:55,0,5,-
DA:60,0
DA:61,0
end_of_record
SF:/usr/include/x86_64-linux-gnu/qt5/QtCore/qmetatype.h
FN:795,_ZN17QtMetaTypePrivate23QMetaTypeFunctionHelperIN15QAbstractSocket11SocketErrorELb1EE8DestructEPv
FNDA:0,_ZN17QtMetaTypePrivate23QMetaTypeFunctionHelperIN15QAbstractSocket11SocketErrorELb1EE8DestructEPv
FN:801,_ZN17QtMetaTypePrivate23QMetaTypeFunctionHelperIN15QAbstractSocket11SocketErrorELb1EE9ConstructEPvPKv
FNDA:0,_ZN17QtMetaTypePrivate23QMetaTypeFunctionHelperIN15QAbstractSocket11SocketErrorELb1EE9ConstructEPvPKv
FN:1674,_ZN9QtPrivate17QMetaTypeIdHelperIN15QAbstractSocket11SocketErrorELb1EE14qt_metatype_idEv
FNDA:0,_ZN9QtPrivate17QMetaTypeIdHelperIN15QAbstractSocket11SocketErrorELb1EE14qt_metatype_idEv
FN:1728,_Z27qRegisterNormalizedMetaTypeIN15QAbstractSocket11SocketErrorEEiRK10QByteArrayPT_N9QtPrivate21MetaTypeDefinedHelperIS5_Xaasr12QMetaTypeId2IS5_E7DefinedntsrSA_9IsBuiltInEE11DefinedTypeE
FNDA:0,_Z27qRegisterNormalizedMetaTypeIN15QAbstractSocket11SocketErrorEEiRK10QByteArrayPT_N9QtPrivate21MetaTypeDefinedHelperIS5_Xaasr12QMetaTypeId2IS5_E7DefinedntsrSA_9IsBuiltInEE11DefinedTypeE
FN:1765,_Z17qRegisterMetaTypeIN15QAbstractSocket11SocketErrorEEiPKcPT_N9QtPrivate21MetaTypeDefinedHelperIS4_Xaasr12QMetaTypeId2IS4_E7DefinedntsrS9_9IsBuiltInEE11DefinedTypeE
FNDA:0,_Z17qRegisterMetaTypeIN15QAbstractSocket11SocketErrorEEiPKcPT_N9QtPrivate21MetaTypeDefinedHelperIS4_Xaasr12QMetaTypeId2IS4_E7DefinedntsrS9_9IsBuiltInEE11DefinedTypeE
DA:795,0
DA:799,0
DA:801,0
DA:803,0
BRDA:803,0,0,-
BRDA:803,0,1,-
DA:804,0
DA:1662,0
BRDA:1662,0,0,-
BRDA:1662,0,1,-
DA:1674,0
DA:1675,0
DA:1728,0
DA:1738,0
BRDA:1738,0,0,-
BRDA:1738,0,1,-
DA:1739,0
BRDA:1739,0,0,-
BRDA:1739,0,1,-
DA:1740,0
DA:1744,0
BRDA:1744,0,0,-
BRDA:1744,0,1,-
DA:1747,0
DA:1765,0
DA:1775,0
DA:1777,0
BRDA:1777,0,0,-
BRDA:1777,0,1,-
end_of_record
SF:/usr/include/x86_64-linux-gnu/qt5/QtNetwork/qabstractsocket.h
FN:249,_ZN11QMetaTypeIdIN15QAbstractSocket11SocketErrorEE14qt_metatype_idEv
FNDA:0,_ZN11QMetaTypeIdIN15QAbstractSocket11SocketErrorEE14qt_metatype_idEv
DA:249,0
BRDA:249,0,0,-
BRDA:249,0,1,-
end_of_record
SF:/usr/include/x86_64-linux-gnu/qt5/QtCore/qstring.h
FN:570,_ZN7QString8fromUtf8EPKci
FNDA:0,_ZN7QString8fromUtf8EPKci
FN:580,_ZN7QString8fromUtf8ERK10QByteArray
FNDA:0,_ZN7QString8fromUtf8ERK10QByteArray
FN:1135,_ZN7QStringD2Ev
FNDA:0,_ZN7QStringD2Ev
DA:570,0
DA:572,0
BRDA:572,0,0,-
BRDA:572,0,1,-
DA:580,0
DA:581,0
BRDA:581,0,0,-
BRDA:581,0,1,-
DA:931,0
BRDA:931,0,0,-
BRDA:931,0,1,-
BRDA:931,0,2,-
BRDA:931,0,3,-
BRDA:931,0,4,-
BRDA:931,0,5,-
BRDA:931,0,6,-
BRDA:931,0,7,-
DA:1134,0
DA:1135,0
BRDA:1135,0,0,-
BRDA:1135,0,1,-
end_of_record
SF:/usr/include/x86_64-linux-gnu/qt5/QtCore/qbytearray.h
FN:476,_ZN10QByteArrayD2Ev
FNDA:0,_ZN10QByteArrayD2Ev
DA:80,0
BRDA:80,0,0,-
BRDA:80,0,1,-
BRDA:80,0,2,-
BRDA:80,0,3,-
DA:81,0
DA:475,0
BRDA:475,0,0,-
BRDA:475,0,1,-
DA:476,0
BRDA:476,0,0,-
BRDA:476,0,1,-
DA:478,0
end_of_record
SF:/usr/include/x86_64-linux-gnu/qt5/QtCore/qdatastream.h
DA:341,0
BRDA:341,0,0,-
BRDA:341,0,1,-
end_of_record
SF:/usr/include/x86_64-linux-gnu/qt5/QtCore/qobjectdefs_impl.h
FN:407,_ZN9QtPrivate11QSlotObjectIM12ServerWorkerFvvENS_4ListIJEEEvE4implEiPNS_15QSlotObjectBaseEP7QObjectPPvPb
FNDA:0,_ZN9QtPrivate11QSlotObjectIM12ServerWorkerFvvENS_4ListIJEEEvE4implEiPNS_15QSlotObjectBaseEP7QObjectPPvPb
DA:152,0
DA:387,0
DA:403,0
DA:407,0
DA:409,0
BRDA:409,0,0,-
BRDA:409,0,1,-
BRDA:409,0,2,-
BRDA:409,0,3,-
DA:410,0
DA:411,0
BRDA:411,0,0,-
BRDA:411,0,1,-
DA:413,0
BRDA:413,0,0,-
BRDA:413,0,1,-
DA:415,0
DA:416,0
DA:417,0
BRDA:417,0,0,-
BRDA:417,0,1,-
BRDA:417,0,2,-
BRDA:417,0,3,-
BRDA:417,0,4,-
BRDA:417,0,5,-
DA:418,0
DA:419,0
DA:421,0
DA:423,0
end_of_record
SF:/usr/include/c++/9/bits/atomic_base.h
DA:279,0
DA:319,0
DA:327,0
DA:397,0
DA:419,0
BRDA:419,0,0,-
BRDA:419,0,1,-
BRDA:419,0,2,-
BRDA:419,0,3,-
BRDA:419,0,4,-
BRDA:419,0,5,-
end_of_record
TN:
SF:/home/dunja/Desktop/tankAttack/17-tankattack/code/src/Input.cpp
FN:7,_ZN5InputC2Ev
FNDA:9,_ZN5InputC2Ev
FN:14,_ZN5InputD0Ev
FNDA:8,_ZN5InputD0Ev
FN:14,_ZN5InputD2Ev
FNDA:8,_ZN5InputD2Ev
FN:19,_ZN5Input13keyPressEventEP9QKeyEvent
FNDA:1739,_ZN5Input13keyPressEventEP9QKeyEvent
FN:66,_ZN5Input15keyReleaseEventEP9QKeyEvent
FNDA:1739,_ZN5Input15keyReleaseEventEP9QKeyEvent
FN:108,_ZN5Input5paintEP8QPainterPK24QStyleOptionGraphicsItemP7QWidget
FNDA:20,_ZN5Input5paintEP8QPainterPK24QStyleOptionGraphicsItemP7QWidget
FN:115,_ZNK5Input12boundingRectEv
FNDA:268,_ZNK5Input12boundingRectEv
DA:7,9
DA:8,9
BRDA:8,0,0,9
BRDA:8,0,1,0
DA:9,9
DA:10,9
DA:11,9
DA:12,9
DA:13,9
DA:14,8
DA:17,8
DA:14,8
DA:16,8
BRDA:16,0,0,8
BRDA:16,0,1,0
DA:17,8
DA:19,1739
BRDA:19,0,0,711
BRDA:19,0,1,1028
DA:21,1739
BRDA:21,0,0,711
BRDA:21,0,1,1028
DA:24,711
BRDA:24,0,0,60
BRDA:24,0,1,27
BRDA:24,0,2,64
BRDA:24,0,3,41
BRDA:24,0,4,33
BRDA:24,0,5,176
BRDA:24,0,6,35
BRDA:24,0,7,115
BRDA:24,0,8,111
BRDA:24,0,9,14
BRDA:24,0,10,0
BRDA:24,0,11,0
BRDA:24,0,12,35
DA:25,60
DA:26,60
DA:27,60
DA:28,27
DA:29,27
DA:30,27
DA:31,64
DA:32,64
DA:33,64
DA:34,41
DA:35,41
DA:36,41
DA:37,33
DA:38,33
DA:39,33
DA:40,176
DA:41,176
DA:42,176
DA:43,35
DA:44,35
DA:45,35
DA:46,115
DA:47,115
DA:48,115
DA:49,111
DA:50,111
DA:51,111
DA:52,14
DA:53,14
DA:54,14
DA:55,0
DA:56,0
DA:57,0
DA:58,0
DA:59,0
DA:60,0
DA:66,1739
BRDA:66,0,0,711
BRDA:66,0,1,1028
DA:68,1739
BRDA:68,0,0,711
BRDA:68,0,1,1028
DA:72,711
BRDA:72,0,0,60
BRDA:72,0,1,27
BRDA:72,0,2,64
BRDA:72,0,3,41
BRDA:72,0,4,33
BRDA:72,0,5,176
BRDA:72,0,6,35
BRDA:72,0,7,115
BRDA:72,0,8,111
BRDA:72,0,9,14
BRDA:72,0,10,35
DA:73,60
DA:74,60
DA:75,60
DA:76,27
DA:77,27
DA:78,27
DA:79,64
DA:80,64
DA:81,64
DA:82,41
DA:83,41
DA:84,41
DA:85,33
DA:86,33
DA:87,33
DA:88,176
DA:89,176
DA:90,176
DA:91,35
DA:92,35
DA:93,35
DA:94,115
DA:95,115
DA:96,115
DA:97,111
DA:98,111
DA:99,111
DA:100,14
DA:101,14
DA:102,14
DA:108,20
DA:113,20
DA:115,268
DA:117,268
end_of_record
SF:/usr/include/x86_64-linux-gnu/qt5/QtCore/qrect.h
DA:644,268
DA:645,268
end_of_record
SF:/usr/include/c++/9/iostream
end_of_record
SF:/usr/include/x86_64-linux-gnu/qt5/QtGui/qevent.h
DA:356,3478
BRDA:356,0,0,711
BRDA:356,0,1,1028
BRDA:356,0,2,711
BRDA:356,0,3,1028
end_of_record
TN:
SF:/usr/include/c++/9/bits/stl_iterator.h
DA:804,9
DA:826,274
DA:827,274
end_of_record
SF:/usr/include/x86_64-linux-gnu/qt5/QtCore/qrect.h
DA:184,6
DA:185,6
BRDA:185,0,0,3
BRDA:185,0,1,0
BRDA:185,0,2,3
BRDA:185,0,3,0
BRDA:185,0,4,0
BRDA:185,0,5,0
DA:266,53
BRDA:266,0,0,2
BRDA:266,0,1,0
BRDA:266,0,2,6
BRDA:266,0,3,0
BRDA:266,0,4,6
BRDA:266,0,5,0
DA:269,9
DA:644,3
DA:645,3
BRDA:645,0,0,3
BRDA:645,0,1,0
end_of_record
SF:/usr/include/c++/9/bits/stl_vector.h
DA:350,9
DA:677,9
BRDA:677,0,0,9
BRDA:677,0,1,0
BRDA:677,0,2,0
BRDA:677,0,3,0
end_of_record
SF:/usr/include/x86_64-linux-gnu/qt5/QtGui/qcolor.h
FN:79,_ZN6QColorC2EPKc
FNDA:39639,_ZN6QColorC2EPKc
DA:79,39639
BRDA:79,0,0,39639
BRDA:79,0,1,0
DA:289,39639
DA:290,39639
DA:301,18
DA:302,18
DA:303,18
end_of_record
SF:/usr/include/c++/9/bits/basic_string.tcc
FN:206,_ZNSt7__cxx1112basic_stringIcSt11char_traitsIcESaIcEE12_M_constructIPKcEEvT_S8_St20forward_iterator_tag
FNDA:13,_ZNSt7__cxx1112basic_stringIcSt11char_traitsIcESaIcEE12_M_constructIPKcEEvT_S8_St20forward_iterator_tag
DA:206,13
DA:211,13
BRDA:211,0,0,0
BRDA:211,0,1,13
BRDA:211,0,2,0
BRDA:211,0,3,0
DA:212,0
DA:215,13
DA:217,13
BRDA:217,0,0,11
BRDA:217,0,1,2
DA:219,11
DA:220,11
DA:225,13
BRDA:225,0,0,0
BRDA:225,0,1,13
DA:232,13
DA:233,13
end_of_record
SF:/usr/include/x86_64-linux-gnu/qt5/QtCore/qarraydata.h
DA:61,79
DA:208,52
BRDA:208,0,0,2
BRDA:208,0,1,0
BRDA:208,0,2,0
BRDA:208,0,3,6
BRDA:208,0,4,4
BRDA:208,0,5,2
BRDA:208,0,6,2
BRDA:208,0,7,0
BRDA:208,0,8,2
BRDA:208,0,9,0
BRDA:208,0,10,2
BRDA:208,0,11,0
BRDA:208,0,12,13
BRDA:208,0,13,0
DA:212,27
BRDA:212,0,0,0
BRDA:212,0,1,0
DA:224,6
DA:239,79464
DA:240,79464
DA:273,0
end_of_record
SF:/usr/include/x86_64-linux-gnu/qt5/QtCore/qrefcount.h
FN:54,_ZN9QtPrivate8RefCount3refEv
FNDA:53,_ZN9QtPrivate8RefCount3refEv
FN:65,_ZN9QtPrivate8RefCount5derefEv
FNDA:106070,_ZN9QtPrivate8RefCount5derefEv
DA:54,53
BRDA:54,0,0,53
BRDA:54,0,1,0
DA:57,53
BRDA:57,0,0,53
BRDA:57,0,1,0
DA:60,53
BRDA:60,0,0,53
BRDA:60,0,1,0
DA:65,106070
BRDA:65,0,0,106070
BRDA:65,0,1,0
DA:68,106070
BRDA:68,0,0,106070
BRDA:68,0,1,0
DA:71,106070
BRDA:71,0,0,106043
BRDA:71,0,1,27
DA:73,106043
DA:102,10
BRDA:102,0,0,6
BRDA:102,0,1,4
end_of_record
SF:/usr/include/c++/9/bits/move.h
DA:193,50
DA:194,50
DA:195,50
end_of_record
SF:/usr/include/c++/9/bits/alloc_traits.h
DA:469,9
end_of_record
SF:/usr/include/c++/9/bits/char_traits.h
DA:300,0
DA:370,13
BRDA:370,0,0,13
BRDA:370,0,1,0
DA:372,13
end_of_record
SF:/usr/include/x86_64-linux-gnu/qt5/QtCore/qsize.h
DA:119,8
end_of_record
SF:/usr/include/x86_64-linux-gnu/qt5/QtCore/qlogging.h
DA:69,501
BRDA:69,0,0,13
BRDA:69,0,1,0
BRDA:69,0,2,0
BRDA:69,0,3,0
BRDA:69,0,4,0
BRDA:69,0,5,0
end_of_record
SF:/usr/include/x86_64-linux-gnu/qt5/QtCore/qstring.h
FN:570,_ZN7QString8fromUtf8EPKci
FNDA:13302,_ZN7QString8fromUtf8EPKci
FN:699,_ZN7QStringC2EPKc
FNDA:26670,_ZN7QStringC2EPKc
FN:717,_ZN7QString6appendEPKc
FNDA:13264,_ZN7QString6appendEPKc
FN:1135,_ZN7QStringD2Ev
FNDA:106047,_ZN7QStringD2Ev
FN:1137,_ZN7QString7reserveEi
FNDA:39627,_ZN7QString7reserveEi
FN:1371,_ZNK7QString11toStdStringB5cxx11Ev
FNDA:13,_ZNK7QString11toStdStringB5cxx11Ev
DA:95,39639
BRDA:95,0,0,39639
BRDA:95,0,1,0
DA:234,5
DA:550,13
DA:570,13302
DA:572,13302
BRDA:572,0,0,13302
BRDA:572,0,1,0
DA:699,26670
DA:700,26670
BRDA:700,0,0,26670
BRDA:700,0,1,0
DA:701,26670
DA:717,13264
DA:718,13264
BRDA:718,0,0,13264
BRDA:718,0,1,0
DA:934,63
DA:957,45
DA:958,45
DA:1134,13213
BRDA:1134,0,0,0
BRDA:1134,0,1,0
BRDA:1134,0,2,0
BRDA:1134,0,3,0
BRDA:1134,0,4,2
BRDA:1134,0,5,0
BRDA:1134,0,6,13209
BRDA:1134,0,7,0
BRDA:1134,0,8,0
BRDA:1134,0,9,0
BRDA:1134,0,10,2
BRDA:1134,0,11,0
DA:1135,106047
BRDA:1135,0,0,79449
BRDA:1135,0,1,26598
DA:1137,39627
DA:1139,39627
BRDA:1139,0,0,0
BRDA:1139,0,1,39627
BRDA:1139,0,2,0
BRDA:1139,0,3,0
DA:1140,79254
BRDA:1140,0,0,39627
BRDA:1140,0,1,0
DA:1142,39627
BRDA:1142,0,0,39627
BRDA:1142,0,1,0
DA:1144,39627
DA:1146,39627
DA:1371,13
DA:1372,13
end_of_record
SF:/usr/include/c++/9/bits/stl_iterator_base_funcs.h
DA:104,15
BRDA:104,0,0,11
BRDA:104,0,1,2
BRDA:104,0,2,2
BRDA:104,0,3,0
end_of_record
SF:/home/dunja/Desktop/tankAttack/17-tankattack/code/src/World.cpp
FN:29,_ZN5WorldC2EP7QObject
FNDA:3,_ZN5WorldC2EP7QObject
FN:55,_ZN5WorldD2Ev
FNDA:2,_ZN5WorldD2Ev
FN:55,_ZN5WorldD0Ev
FNDA:2,_ZN5WorldD0Ev
FN:80,_ZN5World4showEv
FNDA:3,_ZN5World4showEv
FN:86,_ZN5World9main_menuEv
FNDA:8,_ZN5World9main_menuEv
FN:183,_ZN5World5startEv
FNDA:9,_ZN5World5startEv
FN:251,_ZN5World16multiplayer_menuEv
FNDA:1,_ZN5World16multiplayer_menuEv
FN:279,_ZN5World12show_battlesEv
FNDA:2,_ZN5World12show_battlesEv
FN:334,_ZN5World12start_serverEv
FNDA:0,_ZN5World12start_serverEv
FN:350,_ZN5World9find_gameEv
FNDA:0,_ZN5World9find_gameEv
FN:393,_ZN5World15enter_ip_adressEv
FNDA:0,_ZN5World15enter_ip_adressEv
FN:399,_ZN5World19generate_superpowerEv
FNDA:13193,_ZN5World19generate_superpowerEv
FN:424,_Z8rand_intj
FNDA:0,_Z8rand_intj
FN:429,_ZN5World8load_mapEv
FNDA:9,_ZN5World8load_mapEv
FN:459,_ZN5World6roundsEv
FNDA:13201,_ZN5World6roundsEv
FN:522,_ZN5World12end_of_roundE7QString
FNDA:8,_ZN5World12end_of_roundE7QString
FN:571,_ZN5World5pauseEv
FNDA:0,_ZN5World5pauseEv
FN:592,_ZN5World15end_game_screenE7QString
FNDA:2,_ZN5World15end_game_screenE7QString
FN:612,_ZN5World14show_tank_infoEv
FNDA:13209,_ZN5World14show_tank_infoEv
FN:653,_ZN5World21read_previous_battlesEPKc
FNDA:4,_ZN5World21read_previous_battlesEPKc
FN:681,_ZN5World21write_the_last_battleEPKc
FNDA:2,_ZN5World21write_the_last_battleEPKc
FN:725,_ZN5World19input_players_namesEv
FNDA:3,_ZN5World19input_players_namesEv
FN:783,_ZN5World25change_name_of_first_tankEv
FNDA:10,_ZN5World25change_name_of_first_tankEv
FN:805,_ZN5World26change_name_of_second_tankEv
FNDA:40,_ZN5World26change_name_of_second_tankEv
FN:827,_ZN5World11make_buttonE7QString
FNDA:65,_ZN5World11make_buttonE7QString
FN:853,_ZN5World14button_clickedEv
FNDA:22,_ZN5World14button_clickedEv
FN:856,_ZN5World13volumen_firstEv
FNDA:8,_ZN5World13volumen_firstEv
FN:876,_ZN5World10set_volumeEv
FNDA:0,_ZN5World10set_volumeEv
FN:899,_ZN5World4quitEv
FNDA:2,_ZN5World4quitEv
DA:29,3
DA:30,3
BRDA:30,0,0,3
BRDA:30,0,1,0
BRDA:30,0,2,3
BRDA:30,0,3,0
BRDA:30,0,4,3
BRDA:30,0,5,0
DA:35,6
BRDA:35,0,0,3
BRDA:35,0,1,0
BRDA:35,0,2,3
BRDA:35,0,3,0
DA:38,3
BRDA:38,0,0,3
BRDA:38,0,1,0
DA:39,3
BRDA:39,0,0,3
BRDA:39,0,1,0
DA:40,3
BRDA:40,0,0,3
BRDA:40,0,1,0
DA:41,3
BRDA:41,0,0,3
BRDA:41,0,1,0
DA:43,3
BRDA:43,0,0,3
BRDA:43,0,1,0
DA:46,3
BRDA:46,0,0,3
BRDA:46,0,1,0
DA:47,3
BRDA:47,0,0,3
BRDA:47,0,1,0
BRDA:47,0,2,3
BRDA:47,0,3,0
BRDA:47,0,4,3
BRDA:47,0,5,0
BRDA:47,0,6,3
BRDA:47,0,7,0
DA:48,3
BRDA:48,0,0,3
BRDA:48,0,1,0
DA:50,3
BRDA:50,0,0,3
BRDA:50,0,1,0
DA:51,3
BRDA:51,0,0,3
BRDA:51,0,1,0
BRDA:51,0,2,3
BRDA:51,0,3,0
BRDA:51,0,4,3
BRDA:51,0,5,0
BRDA:51,0,6,3
BRDA:51,0,7,0
DA:52,3
BRDA:52,0,0,3
BRDA:52,0,1,0
DA:53,3
DA:55,2
DA:78,2
DA:55,2
DA:62,2
BRDA:62,0,0,2
BRDA:62,0,1,0
DA:64,2
BRDA:64,0,0,2
BRDA:64,0,1,0
DA:66,2
BRDA:66,0,0,2
BRDA:66,0,1,0
DA:78,2
DA:80,3
DA:81,3
BRDA:81,0,0,3
BRDA:81,0,1,0
DA:82,3
DA:83,3
DA:84,3
DA:86,8
DA:88,8
BRDA:88,0,0,0
BRDA:88,0,1,8
DA:91,0
BRDA:91,0,0,-
BRDA:91,0,1,-
DA:92,0
DA:94,8
BRDA:94,0,0,2
BRDA:94,0,1,6
DA:96,2
BRDA:96,0,0,2
BRDA:96,0,1,0
DA:97,2
BRDA:97,0,0,2
BRDA:97,0,1,0
DA:98,2
BRDA:98,0,0,2
BRDA:98,0,1,0
DA:99,2
DA:103,8
DA:104,8
BRDA:104,0,0,5
BRDA:104,0,1,3
BRDA:104,0,2,2
BRDA:104,0,3,3
DA:106,5
BRDA:106,0,0,5
BRDA:106,0,1,0
BRDA:106,0,2,5
BRDA:106,0,3,0
DA:107,5
DA:109,8
DA:110,8
DA:111,8
DA:112,8
DA:114,8
DA:117,8
DA:118,8
BRDA:118,0,0,8
BRDA:118,0,1,0
BRDA:118,0,2,8
BRDA:118,0,3,0
BRDA:118,0,4,8
BRDA:118,0,5,0
DA:122,8
BRDA:122,0,0,8
BRDA:122,0,1,0
DA:123,8
DA:126,8
DA:127,8
DA:128,8
DA:130,8
BRDA:130,0,0,8
BRDA:130,0,1,0
DA:134,8
BRDA:134,0,0,8
BRDA:134,0,1,0
DA:135,8
DA:136,8
DA:139,8
BRDA:139,0,0,8
BRDA:139,0,1,0
DA:140,8
DA:141,8
DA:142,8
DA:143,8
DA:144,8
DA:158,8
BRDA:158,0,0,8
BRDA:158,0,1,0
DA:159,8
DA:160,8
DA:161,8
DA:162,8
DA:163,8
DA:166,8
BRDA:166,0,0,8
BRDA:166,0,1,0
DA:167,8
DA:168,8
DA:169,8
DA:170,8
DA:171,8
DA:175,8
BRDA:175,0,0,8
BRDA:175,0,1,0
DA:176,8
DA:177,8
DA:178,8
DA:179,8
DA:180,8
DA:181,8
DA:183,9
DA:184,9
DA:185,9
DA:186,9
BRDA:186,0,0,6
BRDA:186,0,1,3
DA:188,6
BRDA:188,0,0,6
BRDA:188,0,1,0
DA:189,6
BRDA:189,0,0,6
BRDA:189,0,1,0
DA:190,6
BRDA:190,0,0,6
BRDA:190,0,1,0
DA:193,9
DA:194,9
DA:195,9
DA:196,9
DA:197,9
DA:198,9
DA:199,9
DA:200,9
DA:202,9
DA:203,9
DA:204,9
DA:207,9
DA:208,9
DA:209,9
DA:211,9
BRDA:211,0,0,0
BRDA:211,0,1,9
DA:212,0
DA:213,0
DA:215,18
BRDA:215,0,0,9
BRDA:215,0,1,0
BRDA:215,0,2,9
BRDA:215,0,3,0
DA:216,18
BRDA:216,0,0,9
BRDA:216,0,1,0
BRDA:216,0,2,9
BRDA:216,0,3,0
DA:218,9
DA:219,9
DA:225,9
BRDA:225,0,0,9
BRDA:225,0,1,0
DA:226,9
BRDA:226,0,0,9
BRDA:226,0,1,0
DA:227,9
DA:228,9
DA:229,9
DA:234,9
DA:235,9
DA:237,9
DA:239,9
DA:240,9
DA:241,9
DA:242,9
DA:244,9
DA:249,9
DA:251,1
DA:252,1
DA:253,1
DA:255,1
BRDA:255,0,0,1
BRDA:255,0,1,0
BRDA:255,0,2,1
BRDA:255,0,3,0
BRDA:255,0,4,1
BRDA:255,0,5,0
DA:257,1
BRDA:257,0,0,1
BRDA:257,0,1,0
DA:258,1
DA:259,1
DA:260,1
DA:261,1
DA:262,1
DA:264,1
BRDA:264,0,0,1
BRDA:264,0,1,0
DA:265,1
DA:266,1
DA:267,1
DA:268,1
DA:269,1
DA:271,1
BRDA:271,0,0,1
BRDA:271,0,1,0
DA:272,1
DA:273,1
DA:274,1
DA:275,1
DA:276,1
DA:277,1
DA:279,2
DA:280,2
DA:282,2
BRDA:282,0,0,2
BRDA:282,0,1,0
BRDA:282,0,2,2
BRDA:282,0,3,0
BRDA:282,0,4,2
BRDA:282,0,5,0
DA:283,2
DA:285,2
BRDA:285,0,0,2
BRDA:285,0,1,0
DA:286,2
DA:287,2
DA:288,2
DA:289,2
DA:290,2
DA:296,2
BRDA:296,0,0,2
BRDA:296,0,1,0
DA:298,0
DA:299,0
BRDA:299,0,0,0
BRDA:299,0,1,0
BRDA:299,0,2,0
BRDA:299,0,3,0
DA:301,0
DA:304,4
DA:305,2
DA:307,2
BRDA:307,0,0,2
BRDA:307,0,1,0
DA:310,4
BRDA:310,0,0,2
BRDA:310,0,1,0
DA:312,12
BRDA:312,0,0,10
BRDA:312,0,1,2
DA:313,10
BRDA:313,0,0,10
BRDA:313,0,1,0
BRDA:313,0,2,10
BRDA:313,0,3,0
DA:314,20
BRDA:314,0,0,10
BRDA:314,0,1,0
BRDA:314,0,2,10
BRDA:314,0,3,0
BRDA:314,0,4,10
BRDA:314,0,5,0
DA:315,10
BRDA:315,0,0,10
BRDA:315,0,1,0
DA:318,4
BRDA:318,0,0,2
BRDA:318,0,1,0
BRDA:318,0,2,2
BRDA:318,0,3,0
DA:319,4
BRDA:319,0,0,2
BRDA:319,0,1,0
BRDA:319,0,2,2
BRDA:319,0,3,0
DA:320,2
BRDA:320,0,0,2
BRDA:320,0,1,0
DA:321,2
BRDA:321,0,0,2
BRDA:321,0,1,0
BRDA:321,0,2,2
BRDA:321,0,3,0
DA:322,2
BRDA:322,0,0,2
BRDA:322,0,1,0
DA:323,2
BRDA:323,0,0,2
BRDA:323,0,1,0
BRDA:323,0,2,2
BRDA:323,0,3,0
DA:325,2
BRDA:325,0,0,2
BRDA:325,0,1,0
DA:326,2
BRDA:326,0,0,2
BRDA:326,0,1,0
BRDA:326,0,2,2
BRDA:326,0,3,0
DA:327,2
BRDA:327,0,0,2
BRDA:327,0,1,0
DA:328,2
BRDA:328,0,0,2
BRDA:328,0,1,0
BRDA:328,0,2,2
BRDA:328,0,3,0
DA:331,2
DA:332,2
DA:334,0
DA:336,0
DA:337,0
BRDA:337,0,0,-
BRDA:337,0,1,-
BRDA:337,0,2,-
BRDA:337,0,3,-
DA:338,0
BRDA:338,0,0,-
BRDA:338,0,1,-
DA:341,0
BRDA:341,0,0,-
BRDA:341,0,1,-
DA:344,0
DA:346,0
DA:348,0
DA:350,0
DA:352,0
DA:353,0
BRDA:353,0,0,-
BRDA:353,0,1,-
BRDA:353,0,2,-
BRDA:353,0,3,-
BRDA:353,0,4,-
BRDA:353,0,5,-
DA:354,0
DA:357,0
BRDA:357,0,0,-
BRDA:357,0,1,-
DA:358,0
DA:359,0
DA:360,0
DA:361,0
DA:362,0
DA:365,0
BRDA:365,0,0,-
BRDA:365,0,1,-
DA:366,0
DA:367,0
DA:368,0
DA:369,0
DA:370,0
DA:373,0
BRDA:373,0,0,-
BRDA:373,0,1,-
BRDA:373,0,2,-
BRDA:373,0,3,-
DA:374,0
DA:375,0
BRDA:375,0,0,-
BRDA:375,0,1,-
BRDA:375,0,2,-
BRDA:375,0,3,-
DA:376,0
DA:377,0
DA:379,0
BRDA:379,0,0,-
BRDA:379,0,1,-
DA:382,0
BRDA:382,0,0,-
BRDA:382,0,1,-
BRDA:382,0,2,-
BRDA:382,0,3,-
BRDA:382,0,4,-
BRDA:382,0,5,-
DA:383,0
BRDA:383,0,0,-
BRDA:383,0,1,-
DA:384,0
BRDA:384,0,0,-
BRDA:384,0,1,-
DA:385,0
BRDA:385,0,0,-
BRDA:385,0,1,-
DA:386,0
BRDA:386,0,0,-
BRDA:386,0,1,-
DA:389,0
BRDA:389,0,0,-
BRDA:389,0,1,-
DA:392,0
DA:393,0
DA:395,0
DA:396,0
DA:399,13193
DA:401,13193
BRDA:401,0,0,5555
BRDA:401,0,1,7638
BRDA:401,0,2,0
BRDA:401,0,3,5555
DA:402,7638
DA:403,7638
BRDA:403,0,0,7638
BRDA:403,0,1,0
DA:404,7638
BRDA:404,0,0,15
BRDA:404,0,1,7623
DA:406,15
BRDA:406,0,0,15
BRDA:406,0,1,0
DA:407,15
BRDA:407,0,0,15
BRDA:407,0,1,0
DA:409,15
BRDA:409,0,0,4
BRDA:409,0,1,11
DA:410,8
BRDA:410,0,0,4
BRDA:410,0,1,0
BRDA:410,0,2,4
BRDA:410,0,3,0
BRDA:410,0,4,4
BRDA:410,0,5,0
DA:411,4
DA:414,22
BRDA:414,0,0,11
BRDA:414,0,1,0
BRDA:414,0,2,11
BRDA:414,0,3,0
BRDA:414,0,4,11
BRDA:414,0,5,0
DA:415,11
DA:421,13193
DA:424,0
DA:425,0
DA:426,0
DA:429,9
DA:430,9
DA:431,9
DA:434,9
BRDA:434,0,0,7
BRDA:434,0,1,2
DA:436,7
DA:441,9
DA:445,9
DA:446,9
DA:448,9
BRDA:448,0,0,9
BRDA:448,0,1,0
BRDA:448,0,2,9
BRDA:448,0,3,0
BRDA:448,0,4,9
BRDA:448,0,5,0
DA:450,9
BRDA:450,0,0,9
BRDA:450,0,1,0
DA:451,9
DA:453,283
BRDA:453,0,0,274
BRDA:453,0,1,9
DA:454,274
BRDA:454,0,0,274
BRDA:454,0,1,0
DA:457,9
DA:459,13201
DA:460,13201
BRDA:460,0,0,13201
BRDA:460,0,1,0
DA:463,13201
BRDA:463,0,0,13201
BRDA:463,0,1,0
BRDA:463,0,2,0
BRDA:463,0,3,13201
DA:464,0
DA:465,0
DA:466,0
DA:469,13201
BRDA:469,0,0,0
BRDA:469,0,1,13201
DA:470,0
DA:471,0
DA:472,0
BRDA:472,0,0,-
BRDA:472,0,1,-
DA:473,0
BRDA:473,0,0,-
BRDA:473,0,1,-
DA:481,13201
DA:482,13201
BRDA:482,0,0,454
BRDA:482,0,1,12747
BRDA:482,0,2,453
BRDA:482,0,3,1
DA:484,1
BRDA:484,0,0,1
BRDA:484,0,1,0
DA:485,1
DA:487,13200
BRDA:487,0,0,453
BRDA:487,0,1,12747
DA:489,453
DA:490,453
BRDA:490,0,0,453
BRDA:490,0,1,0
DA:491,453
BRDA:491,0,0,3
BRDA:491,0,1,450
DA:492,3
DA:494,453
BRDA:494,0,0,3
BRDA:494,0,1,450
DA:495,3
DA:496,3
DA:497,3
BRDA:497,0,0,3
BRDA:497,0,1,0
DA:502,453
DA:504,12747
BRDA:504,0,0,681
BRDA:504,0,1,12066
DA:505,681
DA:507,681
BRDA:507,0,0,5
BRDA:507,0,1,676
DA:508,5
DA:510,681
BRDA:510,0,0,4
BRDA:510,0,1,677
DA:511,4
DA:512,4
DA:513,4
BRDA:513,0,0,4
BRDA:513,0,1,0
DA:517,681
DA:522,8
DA:525,8
DA:527,8
DA:529,8
BRDA:529,0,0,7
BRDA:529,0,1,1
BRDA:529,0,2,1
BRDA:529,0,3,6
DA:530,2
BRDA:530,0,0,2
BRDA:530,0,1,0
DA:531,2
DA:534,6
BRDA:534,0,0,6
BRDA:534,0,1,0
DA:536,6
BRDA:536,0,0,6
BRDA:536,0,1,0
BRDA:536,0,2,6
BRDA:536,0,3,0
DA:537,6
BRDA:537,0,0,6
BRDA:537,0,1,0
BRDA:537,0,2,6
BRDA:537,0,3,0
DA:538,6
BRDA:538,0,0,6
BRDA:538,0,1,0
DA:539,6
BRDA:539,0,0,6
BRDA:539,0,1,0
BRDA:539,0,2,6
BRDA:539,0,3,0
DA:541,6
BRDA:541,0,0,6
BRDA:541,0,1,0
BRDA:541,0,2,6
BRDA:541,0,3,0
DA:542,6
BRDA:542,0,0,6
BRDA:542,0,1,0
DA:543,6
BRDA:543,0,0,6
BRDA:543,0,1,0
DA:544,6
BRDA:544,0,0,6
BRDA:544,0,1,0
BRDA:544,0,2,6
BRDA:544,0,3,0
BRDA:544,0,4,6
BRDA:544,0,5,0
DA:545,6
BRDA:545,0,0,6
BRDA:545,0,1,0
DA:546,6
BRDA:546,0,0,6
BRDA:546,0,1,0
DA:550,6
BRDA:550,0,0,6
BRDA:550,0,1,0
BRDA:550,0,2,6
BRDA:550,0,3,0
DA:551,6
BRDA:551,0,0,6
BRDA:551,0,1,0
DA:552,6
BRDA:552,0,0,6
BRDA:552,0,1,0
DA:553,6
BRDA:553,0,0,6
BRDA:553,0,1,0
BRDA:553,0,2,6
BRDA:553,0,3,0
BRDA:553,0,4,6
BRDA:553,0,5,0
DA:554,6
BRDA:554,0,0,6
BRDA:554,0,1,0
DA:555,6
BRDA:555,0,0,6
BRDA:555,0,1,0
DA:561,8
BRDA:561,0,0,8
BRDA:561,0,1,0
DA:562,8
BRDA:562,0,0,8
BRDA:562,0,1,0
DA:564,8
BRDA:564,0,0,8
BRDA:564,0,1,0
DA:566,8
BRDA:566,0,0,8
BRDA:566,0,1,0
DA:568,8
DA:571,0
DA:572,0
BRDA:572,0,0,-
BRDA:572,0,1,-
DA:573,0
BRDA:573,0,0,-
BRDA:573,0,1,-
DA:575,0
BRDA:575,0,0,-
BRDA:575,0,1,-
DA:578,0
DA:579,0
BRDA:579,0,0,-
BRDA:579,0,1,-
BRDA:579,0,2,-
BRDA:579,0,3,-
DA:580,0
DA:581,0
BRDA:581,0,0,-
BRDA:581,0,1,-
DA:582,0
BRDA:582,0,0,-
BRDA:582,0,1,-
DA:586,0
BRDA:586,0,0,-
BRDA:586,0,1,-
DA:587,0
BRDA:587,0,0,-
BRDA:587,0,1,-
BRDA:587,0,2,-
BRDA:587,0,3,-
DA:588,0
BRDA:588,0,0,-
BRDA:588,0,1,-
DA:589,0
BRDA:589,0,0,-
BRDA:589,0,1,-
BRDA:589,0,2,-
BRDA:589,0,3,-
DA:590,0
DA:592,2
DA:594,2
BRDA:594,0,0,2
BRDA:594,0,1,0
DA:596,2
BRDA:596,0,0,2
BRDA:596,0,1,0
BRDA:596,0,2,2
BRDA:596,0,3,0
DA:597,2
BRDA:597,0,0,2
BRDA:597,0,1,0
BRDA:597,0,2,2
BRDA:597,0,3,0
DA:598,2
BRDA:598,0,0,2
BRDA:598,0,1,0
DA:599,2
BRDA:599,0,0,2
BRDA:599,0,1,0
BRDA:599,0,2,2
BRDA:599,0,3,0
DA:602,2
BRDA:602,0,0,2
BRDA:602,0,1,0
BRDA:602,0,2,2
BRDA:602,0,3,0
DA:603,2
BRDA:603,0,0,2
BRDA:603,0,1,0
DA:604,2
BRDA:604,0,0,2
BRDA:604,0,1,0
DA:605,2
BRDA:605,0,0,2
BRDA:605,0,1,0
BRDA:605,0,2,2
BRDA:605,0,3,0
BRDA:605,0,4,2
BRDA:605,0,5,0
DA:606,2
BRDA:606,0,0,2
BRDA:606,0,1,0
DA:607,2
BRDA:607,0,0,2
BRDA:607,0,1,0
DA:609,2
DA:612,13209
DA:614,13209
BRDA:614,0,0,13200
BRDA:614,0,1,9
DA:615,13200
BRDA:615,0,0,13200
BRDA:615,0,1,0
DA:616,13200
BRDA:616,0,0,13200
BRDA:616,0,1,0
DA:617,13200
BRDA:617,0,0,13200
BRDA:617,0,1,0
DA:618,13200
BRDA:618,0,0,13200
BRDA:618,0,1,0
DA:619,13200
BRDA:619,0,0,13200
BRDA:619,0,1,0
DA:620,13200
BRDA:620,0,0,13200
BRDA:620,0,1,0
DA:623,13209
DA:625,26418
BRDA:625,0,0,13209
BRDA:625,0,1,0
DA:627,39627
BRDA:627,0,0,13209
BRDA:627,0,1,0
BRDA:627,0,2,13209
BRDA:627,0,3,0
BRDA:627,0,4,13209
BRDA:627,0,5,0
DA:629,13209
DA:630,13209
BRDA:630,0,0,13209
BRDA:630,0,1,0
DA:631,13209
BRDA:631,0,0,13209
BRDA:631,0,1,0
DA:632,13209
BRDA:632,0,0,13209
BRDA:632,0,1,0
DA:634,13209
BRDA:634,0,0,13209
BRDA:634,0,1,0
DA:635,13209
BRDA:635,0,0,13209
BRDA:635,0,1,0
DA:636,13209
BRDA:636,0,0,13209
BRDA:636,0,1,0
DA:637,13209
BRDA:637,0,0,13209
BRDA:637,0,1,0
BRDA:637,0,2,13209
BRDA:637,0,3,0
DA:640,13209
BRDA:640,0,0,13209
BRDA:640,0,1,0
DA:641,13209
BRDA:641,0,0,13209
BRDA:641,0,1,0
DA:642,13209
BRDA:642,0,0,13209
BRDA:642,0,1,0
DA:643,13209
BRDA:643,0,0,13209
BRDA:643,0,1,0
BRDA:643,0,2,13209
BRDA:643,0,3,0
DA:646,13209
BRDA:646,0,0,13209
BRDA:646,0,1,0
BRDA:646,0,2,13209
BRDA:646,0,3,0
BRDA:646,0,4,13209
BRDA:646,0,5,0
BRDA:646,0,6,13209
BRDA:646,0,7,0
BRDA:646,0,8,13209
BRDA:646,0,9,0
DA:647,13209
BRDA:647,0,0,13209
BRDA:647,0,1,0
DA:648,13209
BRDA:648,0,0,13209
BRDA:648,0,1,0
BRDA:648,0,2,13209
BRDA:648,0,3,0
DA:649,13209
BRDA:649,0,0,13209
BRDA:649,0,1,0
DA:650,13209
BRDA:650,0,0,13209
BRDA:650,0,1,0
BRDA:650,0,2,13209
BRDA:650,0,3,0
DA:651,13209
DA:653,4
DA:656,12
BRDA:656,0,0,4
BRDA:656,0,1,0
BRDA:656,0,2,4
BRDA:656,0,3,0
DA:658,4
BRDA:658,0,0,4
BRDA:658,0,1,0
BRDA:658,0,2,0
BRDA:658,0,3,4
DA:659,0
BRDA:659,0,0,-
BRDA:659,0,1,-
DA:662,4
BRDA:662,0,0,4
BRDA:662,0,1,0
DA:663,4
BRDA:663,0,0,4
BRDA:663,0,1,0
DA:665,8
BRDA:665,0,0,4
BRDA:665,0,1,0
DA:666,25
BRDA:666,0,0,25
BRDA:666,0,1,0
BRDA:666,0,2,21
BRDA:666,0,3,4
DA:668,42
BRDA:668,0,0,21
BRDA:668,0,1,0
DA:669,21
BRDA:669,0,0,21
BRDA:669,0,1,0
DA:673,4
BRDA:673,0,0,4
BRDA:673,0,1,0
DA:678,4
DA:681,2
DA:685,2
BRDA:685,0,0,2
BRDA:685,0,1,0
DA:687,0
DA:689,0
BRDA:689,0,0,0
BRDA:689,0,1,0
BRDA:689,0,2,0
BRDA:689,0,3,0
DA:691,0
DA:695,2
BRDA:695,0,0,0
BRDA:695,0,1,2
DA:698,2
DA:699,2
BRDA:699,0,0,2
BRDA:699,0,1,0
BRDA:699,0,2,2
BRDA:699,0,3,0
BRDA:699,0,4,2
BRDA:699,0,5,0
DA:700,4
BRDA:700,0,0,2
BRDA:700,0,1,0
BRDA:700,0,2,2
BRDA:700,0,3,0
BRDA:700,0,4,2
BRDA:700,0,5,0
BRDA:700,0,6,2
BRDA:700,0,7,0
DA:701,2
BRDA:701,0,0,2
BRDA:701,0,1,0
DA:702,4
BRDA:702,0,0,2
BRDA:702,0,1,0
BRDA:702,0,2,2
BRDA:702,0,3,0
BRDA:702,0,4,2
BRDA:702,0,5,0
DA:703,2
BRDA:703,0,0,2
BRDA:703,0,1,0
BRDA:703,0,2,2
BRDA:703,0,3,0
DA:709,15
BRDA:709,0,0,13
BRDA:709,0,1,2
DA:710,13
BRDA:710,0,0,13
BRDA:710,0,1,0
BRDA:710,0,2,13
BRDA:710,0,3,0
DA:714,4
BRDA:714,0,0,2
BRDA:714,0,1,0
DA:715,2
BRDA:715,0,0,2
BRDA:715,0,1,0
DA:716,2
BRDA:716,0,0,2
BRDA:716,0,1,0
DA:717,15
BRDA:717,0,0,13
BRDA:717,0,1,2
DA:718,26
BRDA:718,0,0,13
BRDA:718,0,1,0
DA:719,2
BRDA:719,0,0,2
BRDA:719,0,1,0
DA:722,2
DA:723,2
DA:725,3
DA:726,3
DA:727,3
BRDA:727,0,0,3
BRDA:727,0,1,0
BRDA:727,0,2,3
BRDA:727,0,3,0
BRDA:727,0,4,3
BRDA:727,0,5,0
DA:728,3
DA:731,3
BRDA:731,0,0,3
BRDA:731,0,1,0
DA:732,3
DA:733,3
DA:734,3
DA:735,3
DA:736,3
DA:739,3
BRDA:739,0,0,3
BRDA:739,0,1,0
DA:740,3
DA:741,3
DA:742,3
DA:743,3
DA:744,3
DA:747,3
BRDA:747,0,0,3
BRDA:747,0,1,0
BRDA:747,0,2,3
BRDA:747,0,3,0
DA:748,3
DA:749,3
BRDA:749,0,0,3
BRDA:749,0,1,0
BRDA:749,0,2,3
BRDA:749,0,3,0
DA:750,3
DA:751,3
DA:753,3
BRDA:753,0,0,3
BRDA:753,0,1,0
BRDA:753,0,2,3
BRDA:753,0,3,0
DA:754,3
DA:755,3
BRDA:755,0,0,3
BRDA:755,0,1,0
BRDA:755,0,2,3
BRDA:755,0,3,0
DA:756,3
DA:757,3
DA:760,3
BRDA:760,0,0,3
BRDA:760,0,1,0
DA:763,3
BRDA:763,0,0,3
BRDA:763,0,1,0
BRDA:763,0,2,3
BRDA:763,0,3,0
BRDA:763,0,4,3
BRDA:763,0,5,0
DA:764,3
BRDA:764,0,0,3
BRDA:764,0,1,0
DA:765,3
BRDA:765,0,0,3
BRDA:765,0,1,0
DA:766,3
BRDA:766,0,0,3
BRDA:766,0,1,0
DA:767,3
BRDA:767,0,0,3
BRDA:767,0,1,0
DA:770,3
BRDA:770,0,0,3
BRDA:770,0,1,0
BRDA:770,0,2,3
BRDA:770,0,3,0
BRDA:770,0,4,3
BRDA:770,0,5,0
DA:771,3
BRDA:771,0,0,3
BRDA:771,0,1,0
DA:772,3
BRDA:772,0,0,3
BRDA:772,0,1,0
DA:773,3
BRDA:773,0,0,3
BRDA:773,0,1,0
DA:774,3
BRDA:774,0,0,3
BRDA:774,0,1,0
DA:777,3
BRDA:777,0,0,3
BRDA:777,0,1,0
DA:778,3
BRDA:778,0,0,3
BRDA:778,0,1,0
DA:781,3
DA:783,10
DA:784,10
BRDA:784,0,0,0
BRDA:784,0,1,10
DA:785,0
BRDA:785,0,0,-
BRDA:785,0,1,-
DA:787,0
BRDA:787,0,0,-
BRDA:787,0,1,-
DA:789,0
DA:790,0
BRDA:790,0,0,-
BRDA:790,0,1,-
DA:791,0
BRDA:791,0,0,-
BRDA:791,0,1,-
DA:793,0
BRDA:793,0,0,-
BRDA:793,0,1,-
BRDA:793,0,2,-
BRDA:793,0,3,-
DA:795,0
BRDA:795,0,0,-
BRDA:795,0,1,-
DA:796,0
BRDA:796,0,0,-
BRDA:796,0,1,-
DA:797,0
BRDA:797,0,0,-
BRDA:797,0,1,-
DA:801,10
DA:803,10
DA:805,40
DA:806,40
BRDA:806,0,0,0
BRDA:806,0,1,40
DA:807,0
BRDA:807,0,0,-
BRDA:807,0,1,-
DA:809,0
BRDA:809,0,0,-
BRDA:809,0,1,-
DA:811,0
DA:812,0
BRDA:812,0,0,-
BRDA:812,0,1,-
DA:813,0
BRDA:813,0,0,-
BRDA:813,0,1,-
DA:815,0
BRDA:815,0,0,-
BRDA:815,0,1,-
BRDA:815,0,2,-
BRDA:815,0,3,-
DA:817,0
BRDA:817,0,0,-
BRDA:817,0,1,-
DA:818,0
BRDA:818,0,0,-
BRDA:818,0,1,-
DA:819,0
BRDA:819,0,0,-
BRDA:819,0,1,-
DA:823,40
DA:825,40
DA:827,65
DA:842,65
DA:845,65
BRDA:845,0,0,65
BRDA:845,0,1,0
BRDA:845,0,2,65
BRDA:845,0,3,0
DA:846,65
BRDA:846,0,0,65
BRDA:846,0,1,0
DA:847,65
BRDA:847,0,0,65
BRDA:847,0,1,0
DA:848,65
BRDA:848,0,0,65
BRDA:848,0,1,0
DA:850,65
DA:853,22
DA:854,22
DA:855,22
DA:856,8
DA:858,8
BRDA:858,0,0,0
BRDA:858,0,1,8
DA:859,0
BRDA:859,0,0,-
BRDA:859,0,1,-
BRDA:859,0,2,-
BRDA:859,0,3,-
DA:860,0
BRDA:860,0,0,-
BRDA:860,0,1,-
BRDA:860,0,2,-
BRDA:860,0,3,-
DA:862,8
BRDA:862,0,0,0
BRDA:862,0,1,8
DA:863,0
BRDA:863,0,0,-
BRDA:863,0,1,-
BRDA:863,0,2,-
BRDA:863,0,3,-
DA:864,0
BRDA:864,0,0,-
BRDA:864,0,1,-
BRDA:864,0,2,-
BRDA:864,0,3,-
DA:866,8
BRDA:866,0,0,0
BRDA:866,0,1,8
DA:867,0
BRDA:867,0,0,-
BRDA:867,0,1,-
BRDA:867,0,2,-
BRDA:867,0,3,-
DA:868,0
BRDA:868,0,0,-
BRDA:868,0,1,-
BRDA:868,0,2,-
BRDA:868,0,3,-
DA:870,8
BRDA:870,0,0,8
BRDA:870,0,1,0
DA:871,8
BRDA:871,0,0,8
BRDA:871,0,1,0
BRDA:871,0,2,8
BRDA:871,0,3,0
DA:872,8
BRDA:872,0,0,8
BRDA:872,0,1,0
BRDA:872,0,2,8
BRDA:872,0,3,0
DA:875,8
DA:876,0
DA:877,0
BRDA:877,0,0,-
BRDA:877,0,1,-
DA:878,0
BRDA:878,0,0,-
BRDA:878,0,1,-
BRDA:878,0,2,-
BRDA:878,0,3,-
DA:879,0
BRDA:879,0,0,-
BRDA:879,0,1,-
BRDA:879,0,2,-
BRDA:879,0,3,-
DA:880,0
BRDA:880,0,0,-
BRDA:880,0,1,-
DA:882,0
BRDA:882,0,0,-
BRDA:882,0,1,-
DA:883,0
BRDA:883,0,0,-
BRDA:883,0,1,-
BRDA:883,0,2,-
BRDA:883,0,3,-
DA:884,0
BRDA:884,0,0,-
BRDA:884,0,1,-
BRDA:884,0,2,-
BRDA:884,0,3,-
DA:885,0
BRDA:885,0,0,-
BRDA:885,0,1,-
DA:887,0
BRDA:887,0,0,-
BRDA:887,0,1,-
DA:888,0
BRDA:888,0,0,-
BRDA:888,0,1,-
BRDA:888,0,2,-
BRDA:888,0,3,-
DA:889,0
BRDA:889,0,0,-
BRDA:889,0,1,-
BRDA:889,0,2,-
BRDA:889,0,3,-
DA:890,0
BRDA:890,0,0,-
BRDA:890,0,1,-
DA:892,0
BRDA:892,0,0,-
BRDA:892,0,1,-
DA:893,0
BRDA:893,0,0,-
BRDA:893,0,1,-
BRDA:893,0,2,-
BRDA:893,0,3,-
DA:894,0
BRDA:894,0,0,-
BRDA:894,0,1,-
BRDA:894,0,2,-
BRDA:894,0,3,-
DA:895,0
BRDA:895,0,0,-
BRDA:895,0,1,-
DA:897,0
DA:899,2
DA:901,2
DA:903,2
DA:904,2
end_of_record
SF:/usr/include/c++/9/ext/new_allocator.h
DA:128,20
end_of_record
SF:/usr/include/x86_64-linux-gnu/bits/stdio2.h
DA:36,9
end_of_record
SF:/usr/include/x86_64-linux-gnu/qt5/QtMultimedia/qmediaplayer.h
FN:235,_Zls6QDebugN12QMediaPlayer5StateE
FNDA:5,_Zls6QDebugN12QMediaPlayer5StateE
DA:235,5
end_of_record
SF:/usr/include/x86_64-linux-gnu/bits/string_fortified.h
DA:34,2
BRDA:34,0,0,0
BRDA:34,0,1,2
DA:40,2
end_of_record
SF:/usr/include/x86_64-linux-gnu/qt5/QtWidgets/qgraphicsscene.h
DA:131,13282
BRDA:131,0,0,13209
BRDA:131,0,1,0
BRDA:131,0,2,13209
BRDA:131,0,3,0
BRDA:131,0,4,2
BRDA:131,0,5,0
BRDA:131,0,6,2
BRDA:131,0,7,0
BRDA:131,0,8,2
BRDA:131,0,9,0
BRDA:131,0,10,2
BRDA:131,0,11,0
BRDA:131,0,12,0
BRDA:131,0,13,0
BRDA:131,0,14,0
BRDA:131,0,15,0
BRDA:131,0,16,6
BRDA:131,0,17,0
BRDA:131,0,18,6
BRDA:131,0,19,0
BRDA:131,0,20,6
BRDA:131,0,21,0
BRDA:131,0,22,6
BRDA:131,0,23,0
BRDA:131,0,24,6
BRDA:131,0,25,0
BRDA:131,0,26,6
BRDA:131,0,27,0
BRDA:131,0,28,2
BRDA:131,0,29,0
BRDA:131,0,30,2
BRDA:131,0,31,0
BRDA:131,0,32,2
BRDA:131,0,33,0
BRDA:131,0,34,2
BRDA:131,0,35,0
DA:132,33
BRDA:132,0,0,2
BRDA:132,0,1,0
BRDA:132,0,2,2
BRDA:132,0,3,0
BRDA:132,0,4,6
BRDA:132,0,5,0
BRDA:132,0,6,6
BRDA:132,0,7,0
BRDA:132,0,8,6
BRDA:132,0,9,0
BRDA:132,0,10,6
BRDA:132,0,11,0
DA:135,3
BRDA:135,0,0,3
BRDA:135,0,1,0
BRDA:135,0,2,3
BRDA:135,0,3,0
end_of_record
SF:/usr/include/x86_64-linux-gnu/qt5/QtWidgets/qwidget.h
DA:836,65
BRDA:836,0,0,2
BRDA:836,0,1,0
BRDA:836,0,2,2
BRDA:836,0,3,0
BRDA:836,0,4,6
BRDA:836,0,5,0
BRDA:836,0,6,6
BRDA:836,0,7,0
BRDA:836,0,8,6
BRDA:836,0,9,0
BRDA:836,0,10,6
BRDA:836,0,11,0
DA:842,6
BRDA:842,0,0,3
BRDA:842,0,1,0
BRDA:842,0,2,3
BRDA:842,0,3,0
BRDA:842,0,4,3
BRDA:842,0,5,0
BRDA:842,0,6,3
BRDA:842,0,7,0
BRDA:842,0,8,0
BRDA:842,0,9,0
BRDA:842,0,10,0
BRDA:842,0,11,0
DA:845,57
BRDA:845,0,0,2
BRDA:845,0,1,0
BRDA:845,0,2,6
BRDA:845,0,3,0
BRDA:845,0,4,6
BRDA:845,0,5,0
end_of_record
SF:/usr/include/c++/9/bits/basic_string.h
DA:161,13
DA:183,11
DA:187,13
DA:197,13
DA:215,11
DA:221,13
DA:226,13
DA:235,13
BRDA:235,0,0,11
BRDA:235,0,1,2
BRDA:235,0,2,0
BRDA:235,0,3,0
DA:241,11
DA:251,13
DA:352,13
BRDA:352,0,0,0
BRDA:352,0,1,13
DA:353,0
DA:517,13
BRDA:517,0,0,13
BRDA:517,0,1,0
DA:2317,13
DA:6424,13
BRDA:6424,0,0,13
BRDA:6424,0,1,0
end_of_record
SF:/usr/include/x86_64-linux-gnu/qt5/QtCore/qglobal.h
DA:596,39627
BRDA:596,0,0,39627
BRDA:596,0,1,0
end_of_record
SF:/usr/include/x86_64-linux-gnu/qt5/QtCore/qatomic_cxx11.h
DA:271,106043
end_of_record
SF:/usr/include/x86_64-linux-gnu/qt5/QtCore/qrandom.h
DA:88,45
DA:119,45
DA:120,45
DA:121,45
DA:134,30
BRDA:134,0,0,4
BRDA:134,0,1,0
BRDA:134,0,2,4
BRDA:134,0,3,0
BRDA:134,0,4,11
BRDA:134,0,5,0
BRDA:134,0,6,11
BRDA:134,0,7,0
DA:145,30
BRDA:145,0,0,4
BRDA:145,0,1,0
BRDA:145,0,2,4
BRDA:145,0,3,0
BRDA:145,0,4,11
BRDA:145,0,5,0
BRDA:145,0,6,11
BRDA:145,0,7,0
DA:263,30
BRDA:263,0,0,4
BRDA:263,0,1,0
BRDA:263,0,2,11
BRDA:263,0,3,0
end_of_record
SF:/usr/include/c++/9/iostream
end_of_record
SF:/usr/include/x86_64-linux-gnu/qt5/QtCore/qflags.h
DA:120,41
BRDA:120,0,0,1
BRDA:120,0,1,0
BRDA:120,0,2,5
BRDA:120,0,3,0
BRDA:120,0,4,0
BRDA:120,0,5,0
BRDA:120,0,6,0
BRDA:120,0,7,0
BRDA:120,0,8,0
BRDA:120,0,9,0
BRDA:120,0,10,0
BRDA:120,0,11,0
BRDA:120,0,12,0
BRDA:120,0,13,0
BRDA:120,0,14,0
BRDA:120,0,15,0
BRDA:120,0,16,0
BRDA:120,0,17,0
BRDA:120,0,18,8
BRDA:120,0,19,0
BRDA:120,0,20,4
BRDA:120,0,21,0
DA:121,77
BRDA:121,0,0,65
BRDA:121,0,1,0
BRDA:121,0,2,3
BRDA:121,0,3,0
BRDA:121,0,4,3
BRDA:121,0,5,0
BRDA:121,0,6,0
BRDA:121,0,7,0
BRDA:121,0,8,3
BRDA:121,0,9,0
BRDA:121,0,10,3
BRDA:121,0,11,0
end_of_record
SF:/usr/include/x86_64-linux-gnu/qt5/QtCore/qbasicatomic.h
DA:114,53
end_of_record
SF:/usr/include/c++/9/fstream
DA:266,2
BRDA:266,0,0,2
BRDA:266,0,1,0
end_of_record
SF:/usr/include/x86_64-linux-gnu/qt5/QtCore/qvector.h
FN:73,_ZN7QVectorI7QStringED2Ev
FNDA:4,_ZN7QVectorI7QStringED2Ev
FN:382,_ZN7QVectorI7QStringE6detachEv
FNDA:14,_ZN7QVectorI7QStringE6detachEv
FN:410,_ZN7QVectorI7QStringE6resizeEi
FNDA:4,_ZN7QVectorI7QStringE6resizeEi
FN:460,_ZN7QVectorI7QStringE7prependERKS0_
FNDA:2,_ZN7QVectorI7QStringE7prependERKS0_
FN:552,_ZN7QVectorI7QStringE11reallocDataEii6QFlagsIN10QArrayData16AllocationOptionEE
FNDA:10,_ZN7QVectorI7QStringE11reallocDataEii6QFlagsIN10QArrayData16AllocationOptionEE
FN:676,_ZN7QVectorI7QStringE6appendERKS0_
FNDA:21,_ZN7QVectorI7QStringE6appendERKS0_
FN:715,_ZN7QVectorI7QStringE10removeLastEv
FNDA:0,_ZN7QVectorI7QStringE10removeLastEv
FN:730,_ZN7QVectorI7QStringE6insertEPS0_iRKS0_
FNDA:2,_ZN7QVectorI7QStringE6insertEPS0_iRKS0_
DA:69,4
BRDA:69,0,0,4
BRDA:69,0,1,0
DA:73,4
BRDA:73,0,0,4
BRDA:73,0,1,0
DA:87,2
DA:183,2
BRDA:183,0,0,0
BRDA:183,0,1,2
DA:205,8
BRDA:205,0,0,2
BRDA:205,0,1,0
BRDA:205,0,2,2
BRDA:205,0,3,0
BRDA:205,0,4,2
BRDA:205,0,5,0
BRDA:205,0,6,2
BRDA:205,0,7,0
BRDA:205,0,8,2
BRDA:205,0,9,0
BRDA:205,0,10,2
BRDA:205,0,11,0
DA:209,6
BRDA:209,0,0,2
BRDA:209,0,1,0
BRDA:209,0,2,2
BRDA:209,0,3,0
BRDA:209,0,4,2
BRDA:209,0,5,0
DA:260,21
BRDA:260,0,0,21
BRDA:260,0,1,0
DA:265,2
BRDA:265,0,0,2
BRDA:265,0,1,0
DA:266,0
DA:302,0
DA:327,0
BRDA:327,0,0,-
BRDA:327,0,1,-
DA:328,0
DA:350,0
BRDA:350,0,0,-
BRDA:350,0,1,-
BRDA:350,0,2,-
BRDA:350,0,3,-
DA:351,0
DA:382,14
DA:384,14
BRDA:384,0,0,0
BRDA:384,0,1,14
DA:386,0
BRDA:386,0,0,-
BRDA:386,0,1,-
DA:387,0
DA:390,0
DA:393,14
DA:410,4
DA:413,4
DA:414,4
DA:416,4
BRDA:416,0,0,0
BRDA:416,0,1,4
DA:418,0
DA:422,4
DA:423,4
DA:460,2
DA:461,2
DA:552,10
DA:555,10
BRDA:555,0,0,6
BRDA:555,0,1,4
DA:559,10
BRDA:559,0,0,6
BRDA:559,0,1,4
DA:560,6
BRDA:560,0,0,0
BRDA:560,0,1,6
BRDA:560,0,2,0
BRDA:560,0,3,0
DA:563,6
DA:564,6
BRDA:564,0,0,0
BRDA:564,0,1,6
BRDA:564,0,2,0
BRDA:564,0,3,0
DA:570,6
DA:572,6
BRDA:572,0,0,0
BRDA:572,0,1,6
DA:573,6
BRDA:573,0,0,0
BRDA:573,0,1,6
DA:576,6
BRDA:576,0,0,4
BRDA:576,0,1,2
DA:580,4
BRDA:580,0,0,0
BRDA:580,0,1,4
DA:581,0
DA:592,2
BRDA:592,0,0,0
BRDA:592,0,1,2
DA:593,2
DA:596,2
BRDA:596,0,0,0
BRDA:596,0,1,2
DA:597,0
DA:600,6
BRDA:600,0,0,0
BRDA:600,0,1,6
DA:606,0
BRDA:606,0,0,-
BRDA:606,0,1,-
DA:607,0
DA:615,0
DA:617,0
DA:619,6
DA:624,0
BRDA:624,0,0,-
BRDA:624,0,1,-
DA:625,0
DA:627,0
DA:629,0
DA:634,10
BRDA:634,0,0,6
BRDA:634,0,1,4
DA:635,6
BRDA:635,0,0,2
BRDA:635,0,1,4
DA:636,2
BRDA:636,0,0,0
BRDA:636,0,1,2
DA:639,0
DA:641,2
DA:644,6
DA:655,10
DA:676,21
DA:678,21
BRDA:678,0,0,17
BRDA:678,0,1,4
DA:679,21
BRDA:679,0,0,17
BRDA:679,0,1,4
BRDA:679,0,2,16
BRDA:679,0,3,1
DA:680,5
DA:681,5
BRDA:681,0,0,0
BRDA:681,0,1,5
DA:682,5
BRDA:682,0,0,5
BRDA:682,0,1,0
BRDA:682,0,2,5
BRDA:682,0,3,0
DA:685,5
DA:691,16
DA:695,21
DA:696,21
DA:715,0
DA:720,0
BRDA:720,0,0,-
BRDA:720,0,1,-
DA:721,0
DA:723,0
DA:725,0
DA:727,0
DA:730,2
DA:734,2
BRDA:734,0,0,2
BRDA:734,0,1,0
DA:735,2
BRDA:735,0,0,2
BRDA:735,0,1,0
DA:736,2
DA:737,2
BRDA:737,0,0,2
BRDA:737,0,1,0
BRDA:737,0,2,1
BRDA:737,0,3,1
DA:738,1
BRDA:738,0,0,1
BRDA:738,0,1,0
DA:753,2
DA:754,2
DA:755,2
DA:756,4
BRDA:756,0,0,2
BRDA:756,0,1,2
DA:757,2
DA:759,2
DA:761,2
end_of_record
SF:/usr/include/x86_64-linux-gnu/qt5/QtCore/qbytearray.h
FN:476,_ZN10QByteArrayD2Ev
FNDA:13,_ZN10QByteArrayD2Ev
DA:441,13
DA:476,13
BRDA:476,0,0,13
BRDA:476,0,1,0
DA:689,13
BRDA:689,0,0,13
BRDA:689,0,1,0
end_of_record
SF:/usr/include/x86_64-linux-gnu/qt5/QtWidgets/qgraphicsitem.h
DA:495,39645
BRDA:495,0,0,0
BRDA:495,0,1,0
BRDA:495,0,2,0
BRDA:495,0,3,0
BRDA:495,0,4,13209
BRDA:495,0,5,0
BRDA:495,0,6,13209
BRDA:495,0,7,0
BRDA:495,0,8,13209
BRDA:495,0,9,0
BRDA:495,0,10,13209
BRDA:495,0,11,0
BRDA:495,0,12,13209
BRDA:495,0,13,0
BRDA:495,0,14,13209
BRDA:495,0,15,0
BRDA:495,0,16,2
BRDA:495,0,17,0
BRDA:495,0,18,2
BRDA:495,0,19,0
BRDA:495,0,20,0
BRDA:495,0,21,0
BRDA:495,0,22,0
BRDA:495,0,23,0
BRDA:495,0,24,6
BRDA:495,0,25,0
BRDA:495,0,26,6
BRDA:495,0,27,0
BRDA:495,0,28,2
BRDA:495,0,29,0
BRDA:495,0,30,2
BRDA:495,0,31,0
BRDA:495,0,32,2
BRDA:495,0,33,0
BRDA:495,0,34,2
BRDA:495,0,35,0
end_of_record
SF:/usr/include/x86_64-linux-gnu/qt5/QtCore/qdebug.h
FN:145,_ZN6QDebuglsEi
FNDA:468,_ZN6QDebuglsEi
FN:153,_ZN6QDebuglsEPKc
FNDA:30,_ZN6QDebuglsEPKc
FN:155,_ZN6QDebuglsERK7QString
FNDA:13,_ZN6QDebuglsERK7QString
DA:116,5
DA:123,5
DA:124,5
DA:125,496
BRDA:125,0,0,13
BRDA:125,0,1,0
BRDA:125,0,2,468
BRDA:125,0,3,0
DA:145,468
DA:153,45
BRDA:153,0,0,30
BRDA:153,0,1,0
BRDA:153,0,2,15
BRDA:153,0,3,15
DA:155,13
end_of_record
SF:/usr/include/c++/9/bits/atomic_base.h
DA:319,53
DA:327,106043
DA:419,145797
BRDA:419,0,0,2
BRDA:419,0,1,0
BRDA:419,0,2,0
BRDA:419,0,3,0
BRDA:419,0,4,17
BRDA:419,0,5,4
BRDA:419,0,6,6
BRDA:419,0,7,4
BRDA:419,0,8,0
BRDA:419,0,9,14
BRDA:419,0,10,0
BRDA:419,0,11,39627
BRDA:419,0,12,106070
BRDA:419,0,13,0
BRDA:419,0,14,53
BRDA:419,0,15,0
end_of_record
SF:/usr/include/x86_64-linux-gnu/qt5/QtCore/qpoint.h
DA:122,65
BRDA:122,0,0,2
BRDA:122,0,1,0
BRDA:122,0,2,6
BRDA:122,0,3,0
BRDA:122,0,4,6
BRDA:122,0,5,0
DA:287,39645
BRDA:287,0,0,0
BRDA:287,0,1,0
BRDA:287,0,2,0
BRDA:287,0,3,0
BRDA:287,0,4,13209
BRDA:287,0,5,0
BRDA:287,0,6,13209
BRDA:287,0,7,0
BRDA:287,0,8,13209
BRDA:287,0,9,0
BRDA:287,0,10,2
BRDA:287,0,11,0
BRDA:287,0,12,0
BRDA:287,0,13,0
BRDA:287,0,14,6
BRDA:287,0,15,0
BRDA:287,0,16,2
BRDA:287,0,17,0
BRDA:287,0,18,2
BRDA:287,0,19,0
end_of_record
TN:
SF:/usr/include/x86_64-linux-gnu/qt5/QtCore/qlist.h
FN:172,_ZN5QListIP13QGraphicsItemE6detachEv
FNDA:238,_ZN5QListIP13QGraphicsItemE6detachEv
FN:786,_ZN5QListIP13QGraphicsItemE13detach_helperEi
FNDA:0,_ZN5QListIP13QGraphicsItemE13detach_helperEi
FN:827,_ZN5QListIP13QGraphicsItemED2Ev
FNDA:8748,_ZN5QListIP13QGraphicsItemED2Ev
DA:114,2570
DA:116,119
DA:117,119
DA:172,238
BRDA:172,0,0,0
BRDA:172,0,1,238
DA:195,2570
DA:264,74
DA:324,119
BRDA:324,0,0,119
BRDA:324,0,1,0
DA:328,119
BRDA:328,0,0,119
BRDA:328,0,1,0
DA:488,0
BRDA:488,0,0,-
BRDA:488,0,1,-
DA:489,0
DA:786,0
DA:788,0
DA:789,0
DA:791,0
BRDA:791,0,0,-
BRDA:791,0,1,-
DA:798,0
BRDA:798,0,0,-
BRDA:798,0,1,-
DA:800,0
DA:805,0
DA:806,0
DA:827,8748
DA:829,8748
BRDA:829,0,0,607
BRDA:829,0,1,8141
DA:830,607
DA:831,8748
DA:870,607
DA:871,607
end_of_record
SF:/usr/include/x86_64-linux-gnu/qt5/QtWidgets/qgraphicsitem.h
DA:495,2572
BRDA:495,0,0,2
BRDA:495,0,1,2523
BRDA:495,0,2,47
BRDA:495,0,3,0
BRDA:495,0,4,33
BRDA:495,0,5,14
DA:507,2525
BRDA:507,0,0,47
BRDA:507,0,1,2478
DA:1030,45
BRDA:1030,0,0,45
BRDA:1030,0,1,0
end_of_record
SF:/home/dunja/Desktop/tankAttack/17-tankattack/code/include/Rocket.hpp
end_of_record
SF:/usr/include/x86_64-linux-gnu/qt5/QtCore/qpoint.h
DA:285,47
BRDA:285,0,0,47
BRDA:285,0,1,0
DA:287,5097
BRDA:287,0,0,47
BRDA:287,0,1,0
end_of_record
SF:/usr/include/c++/9/bits/stl_uninitialized.h
DA:927,60
DA:928,60
BRDA:928,0,0,0
BRDA:928,0,1,60
BRDA:928,0,2,0
BRDA:928,0,3,60
DA:929,0
DA:930,60
BRDA:930,0,0,0
BRDA:930,0,1,60
end_of_record
SF:/usr/include/c++/9/bits/atomic_base.h
DA:327,607
DA:419,8986
BRDA:419,0,0,0
BRDA:419,0,1,238
BRDA:419,0,2,8748
BRDA:419,0,3,0
end_of_record
SF:/usr/include/x86_64-linux-gnu/qt5/QtGui/qpainterpath.h
DA:316,3424
BRDA:316,0,0,3424
BRDA:316,0,1,0
end_of_record
SF:/usr/include/x86_64-linux-gnu/qt5/QtGui/qpainter.h
DA:655,2547
end_of_record
SF:/usr/include/c++/9/bits/vector.tcc
FN:109,_ZNSt6vectorIP4WallSaIS1_EE12emplace_backIJS1_EEERS1_DpOT_
FNDA:60,_ZNSt6vectorIP4WallSaIS1_EE12emplace_backIJS1_EEERS1_DpOT_
FN:426,_ZNSt6vectorIP4WallSaIS1_EE17_M_realloc_insertIJS1_EEEvN9__gnu_cxx17__normal_iteratorIPS1_S3_EEDpOT_
FNDA:60,_ZNSt6vectorIP4WallSaIS1_EE17_M_realloc_insertIJS1_EEEvN9__gnu_cxx17__normal_iteratorIPS1_S3_EEDpOT_
DA:109,60
DA:112,60
BRDA:112,0,0,0
BRDA:112,0,1,60
DA:115,0
DA:117,0
DA:121,60
DA:123,60
DA:426,60
DA:435,60
DA:437,60
DA:438,60
DA:440,60
DA:449,60
DA:450,60
BRDA:450,0,0,0
BRDA:450,0,1,60
DA:464,60
BRDA:464,0,0,0
BRDA:464,0,1,60
DA:502,60
DA:503,60
DA:504,60
DA:505,60
end_of_record
SF:/home/dunja/Desktop/tankAttack/17-tankattack/code/src/Rocket.cpp
FN:11,_ZN6RocketC2Efff11Rocket_typeiiidP4Tank
FNDA:47,_ZN6RocketC2Efff11Rocket_typeiiidP4Tank
FN:40,_ZN6RocketD0Ev
FNDA:47,_ZN6RocketD0Ev
FN:40,_ZN6RocketD2Ev
FNDA:47,_ZN6RocketD2Ev
FN:44,_ZN6Rocket5paintEP8QPainterPK24QStyleOptionGraphicsItemP7QWidget
FNDA:2547,_ZN6Rocket5paintEP8QPainterPK24QStyleOptionGraphicsItemP7QWidget
FN:53,_ZNK6Rocket12boundingRectEv
FNDA:31807,_ZNK6Rocket12boundingRectEv
FN:57,_ZNK6Rocket5shapeEv
FNDA:3424,_ZNK6Rocket5shapeEv
FN:65,_ZN6Rocket4moveEv
FNDA:2570,_ZN6Rocket4moveEv
FN:205,_ZNK6Rocket4typeEv
FNDA:0,_ZNK6Rocket4typeEv
DA:11,47
DA:12,47
BRDA:12,0,0,47
BRDA:12,0,1,0
BRDA:12,0,2,47
BRDA:12,0,3,0
DA:14,47
BRDA:14,0,0,47
BRDA:14,0,1,0
DA:15,47
BRDA:15,0,0,47
BRDA:15,0,1,0
DA:17,47
BRDA:17,0,0,33
BRDA:17,0,1,14
DA:18,33
DA:20,14
DA:23,47
BRDA:23,0,0,47
BRDA:23,0,1,0
DA:24,47
DA:25,47
DA:27,0
BRDA:27,0,0,-
BRDA:27,0,1,-
DA:28,0
DA:29,0
DA:31,0
DA:35,47
BRDA:35,0,0,47
BRDA:35,0,1,0
DA:36,47
BRDA:36,0,0,47
BRDA:36,0,1,0
DA:37,47
BRDA:37,0,0,47
BRDA:37,0,1,0
DA:38,47
DA:40,47
DA:42,47
DA:40,47
DA:41,47
BRDA:41,0,0,47
BRDA:41,0,1,0
DA:42,47
DA:44,2547
DA:48,2547
BRDA:48,0,0,2547
BRDA:48,0,1,0
DA:49,2547
DA:50,2547
DA:51,2547
DA:53,31807
DA:54,31807
DA:57,3424
DA:58,3424
DA:59,3424
BRDA:59,0,0,3424
BRDA:59,0,1,0
DA:60,3424
BRDA:60,0,0,3424
BRDA:60,0,1,0
DA:62,3424
DA:65,2570
DA:66,2570
BRDA:66,0,0,2570
BRDA:66,0,1,0
DA:70,2570
BRDA:70,0,0,119
BRDA:70,0,1,2451
DA:74,193
BRDA:74,0,0,119
BRDA:74,0,1,0
BRDA:74,0,2,119
BRDA:74,0,3,0
DA:75,193
BRDA:75,0,0,119
BRDA:75,0,1,74
DA:78,119
BRDA:78,0,0,119
BRDA:78,0,1,0
BRDA:78,0,2,59
BRDA:78,0,3,60
DA:79,60
DA:80,60
BRDA:80,0,0,60
BRDA:80,0,1,0
DA:84,119
BRDA:84,0,0,119
BRDA:84,0,1,0
BRDA:84,0,2,74
BRDA:84,0,3,45
DA:85,45
BRDA:85,0,0,31
BRDA:85,0,1,14
DA:86,31
DA:88,14
DA:91,45
BRDA:91,0,0,45
BRDA:91,0,1,0
DA:94,45
BRDA:94,0,0,45
BRDA:94,0,1,0
BRDA:94,0,2,45
BRDA:94,0,3,0
DA:95,45
BRDA:95,0,0,45
BRDA:95,0,1,0
BRDA:95,0,2,9
BRDA:95,0,3,36
DA:96,9
BRDA:96,0,0,9
BRDA:96,0,1,0
DA:99,45
BRDA:99,0,0,45
BRDA:99,0,1,0
BRDA:99,0,2,45
BRDA:99,0,3,0
DA:100,45
DA:105,74
BRDA:105,0,0,60
BRDA:105,0,1,14
DA:106,60
DA:108,60
BRDA:108,0,0,0
BRDA:108,0,1,60
DA:109,0
DA:110,0
DA:113,60
BRDA:113,0,0,60
BRDA:113,0,1,0
BRDA:113,0,2,29
BRDA:113,0,3,31
DA:114,29
BRDA:114,0,0,29
BRDA:114,0,1,0
BRDA:114,0,2,29
BRDA:114,0,3,0
BRDA:114,0,4,29
BRDA:114,0,5,0
BRDA:114,0,6,29
BRDA:114,0,7,0
BRDA:114,0,8,26
BRDA:114,0,9,3
DA:115,3
DA:117,26
BRDA:117,0,0,26
BRDA:117,0,1,0
BRDA:117,0,2,15
BRDA:117,0,3,11
BRDA:117,0,4,15
BRDA:117,0,5,0
BRDA:117,0,6,15
BRDA:117,0,7,0
BRDA:117,0,8,0
BRDA:117,0,9,15
DA:118,26
DA:121,0
DA:122,0
DA:126,31
BRDA:126,0,0,31
BRDA:126,0,1,0
BRDA:126,0,2,26
BRDA:126,0,3,5
BRDA:126,0,4,26
BRDA:126,0,5,0
BRDA:126,0,6,26
BRDA:126,0,7,0
BRDA:126,0,8,26
BRDA:126,0,9,0
DA:127,5
DA:129,26
BRDA:129,0,0,26
BRDA:129,0,1,0
BRDA:129,0,2,13
BRDA:129,0,3,13
BRDA:129,0,4,13
BRDA:129,0,5,0
BRDA:129,0,6,13
BRDA:129,0,7,0
BRDA:129,0,8,0
BRDA:129,0,9,13
DA:130,26
DA:133,0
DA:134,0
DA:139,14
BRDA:139,0,0,0
BRDA:139,0,1,14
DA:140,0
BRDA:140,0,0,-
BRDA:140,0,1,-
DA:141,0
DA:143,0
BRDA:143,0,0,-
BRDA:143,0,1,-
DA:144,0
DA:145,0
DA:148,0
BRDA:148,0,0,-
BRDA:148,0,1,-
BRDA:148,0,2,-
BRDA:148,0,3,-
BRDA:148,0,4,-
BRDA:148,0,5,-
BRDA:148,0,6,-
BRDA:148,0,7,-
DA:149,0
BRDA:149,0,0,-
BRDA:149,0,1,-
BRDA:149,0,2,-
BRDA:149,0,3,-
BRDA:149,0,4,-
BRDA:149,0,5,-
BRDA:149,0,6,-
BRDA:149,0,7,-
BRDA:149,0,8,-
BRDA:149,0,9,-
BRDA:149,0,10,-
BRDA:149,0,11,-
DA:150,0
BRDA:150,0,0,-
BRDA:150,0,1,-
BRDA:150,0,2,-
BRDA:150,0,3,-
BRDA:150,0,4,-
BRDA:150,0,5,-
BRDA:150,0,6,-
BRDA:150,0,7,-
DA:151,0
BRDA:151,0,0,-
BRDA:151,0,1,-
BRDA:151,0,2,-
BRDA:151,0,3,-
BRDA:151,0,4,-
BRDA:151,0,5,-
BRDA:151,0,6,-
BRDA:151,0,7,-
BRDA:151,0,8,-
BRDA:151,0,9,-
BRDA:151,0,10,-
BRDA:151,0,11,-
DA:153,0
BRDA:153,0,0,-
BRDA:153,0,1,-
BRDA:153,0,2,-
BRDA:153,0,3,-
DA:154,0
BRDA:154,0,0,-
BRDA:154,0,1,-
BRDA:154,0,2,-
BRDA:154,0,3,-
DA:155,0
BRDA:155,0,0,-
BRDA:155,0,1,-
BRDA:155,0,2,-
BRDA:155,0,3,-
BRDA:155,0,4,-
BRDA:155,0,5,-
BRDA:155,0,6,-
BRDA:155,0,7,-
BRDA:155,0,8,-
BRDA:155,0,9,-
DA:156,0
DA:159,0
DA:163,0
BRDA:163,0,0,-
BRDA:163,0,1,-
BRDA:163,0,2,-
BRDA:163,0,3,-
BRDA:163,0,4,-
BRDA:163,0,5,-
BRDA:163,0,6,-
BRDA:163,0,7,-
BRDA:163,0,8,-
BRDA:163,0,9,-
DA:164,0
DA:167,0
DA:172,0
DA:173,0
DA:179,2525
DA:181,2525
BRDA:181,0,0,47
BRDA:181,0,1,2478
DA:182,47
DA:183,47
DA:184,47
DA:187,2525
DA:188,2525
DA:189,2525
DA:193,2525
DA:194,2525
BRDA:194,0,0,2
BRDA:194,0,1,2523
DA:195,2
BRDA:195,0,0,2
BRDA:195,0,1,0
DA:196,2
DA:198,0
DA:200,2
DA:201,2
DA:205,0
DA:206,0
end_of_record
SF:/usr/include/c++/9/iostream
end_of_record
SF:/usr/include/c++/9/typeinfo
DA:123,238
BRDA:123,0,0,59
BRDA:123,0,1,60
BRDA:123,0,2,59
BRDA:123,0,3,0
BRDA:123,0,4,74
BRDA:123,0,5,45
BRDA:123,0,6,74
BRDA:123,0,7,0
DA:124,133
BRDA:124,0,0,0
BRDA:124,0,1,59
BRDA:124,0,2,74
BRDA:124,0,3,0
end_of_record
SF:/usr/include/x86_64-linux-gnu/qt5/QtCore/qatomic_cxx11.h
DA:271,607
end_of_record
SF:/usr/include/x86_64-linux-gnu/bits/string_fortified.h
DA:34,0
end_of_record
SF:/usr/include/c++/9/ext/new_allocator.h
DA:128,60
end_of_record
SF:/usr/include/c++/9/bits/alloc_traits.h
DA:469,60
end_of_record
SF:/usr/include/x86_64-linux-gnu/qt5/QtCore/qrect.h
DA:184,2547
DA:185,2547
DA:644,35231
DA:645,3424
BRDA:645,0,0,3424
BRDA:645,0,1,0
end_of_record
SF:/usr/include/c++/9/bits/stl_iterator.h
DA:804,60
BRDA:804,0,0,0
BRDA:804,0,1,60
DA:865,60
DA:989,60
end_of_record
SF:/usr/include/x86_64-linux-gnu/qt5/QtCore/qrefcount.h
FN:65,_ZN9QtPrivate8RefCount5derefEv
FNDA:8748,_ZN9QtPrivate8RefCount5derefEv
DA:65,8748
BRDA:65,0,0,8748
BRDA:65,0,1,0
DA:68,8748
BRDA:68,0,0,8748
BRDA:68,0,1,0
DA:71,8748
BRDA:71,0,0,607
BRDA:71,0,1,8141
DA:73,607
end_of_record
SF:/usr/include/c++/9/bits/stl_algobase.h
DA:227,60
BRDA:227,0,0,60
BRDA:227,0,1,0
DA:228,60
end_of_record
SF:/usr/include/x86_64-linux-gnu/qt5/QtGui/qcolor.h
DA:88,47
DA:283,47
DA:284,47
DA:286,47
DA:287,47
BRDA:287,0,0,47
BRDA:287,0,1,0
end_of_record
SF:/usr/include/c++/9/bits/stl_vector.h
FN:1753,_ZNKSt6vectorIP4WallSaIS1_EE12_M_check_lenEmPKc
FNDA:60,_ZNKSt6vectorIP4WallSaIS1_EE12_M_check_lenEmPKc
DA:94,119
DA:95,119
BRDA:95,0,0,119
BRDA:95,0,1,0
DA:350,60
BRDA:350,0,0,0
BRDA:350,0,1,60
DA:677,119
BRDA:677,0,0,0
BRDA:677,0,1,45
BRDA:677,0,2,60
BRDA:677,0,3,14
BRDA:677,0,4,0
BRDA:677,0,5,0
DA:916,60
DA:1069,0
BRDA:1069,0,0,-
BRDA:1069,0,1,-
BRDA:1069,0,2,-
BRDA:1069,0,3,-
DA:1070,0
DA:1201,60
BRDA:1201,0,0,60
BRDA:1201,0,1,0
DA:1753,60
DA:1755,60
BRDA:1755,0,0,0
BRDA:1755,0,1,60
DA:1756,0
DA:1758,60
BRDA:1758,0,0,60
BRDA:1758,0,1,0
DA:1759,60
BRDA:1759,0,0,60
BRDA:1759,0,1,0
end_of_record
TN:
SF:/home/dunja/Desktop/tankAttack/build_tank_attack/qrc_resources.cpp
FN:327926,_Z24qInitResources_resourcesv
FNDA:3,_Z24qInitResources_resourcesv
FN:327934,_Z27qCleanupResources_resourcesv
FNDA:3,_Z27qCleanupResources_resourcesv
FN:327944,_ZN12_GLOBAL__N_111initializerD2Ev
FNDA:3,_ZN12_GLOBAL__N_111initializerD2Ev
DA:327926,3
DA:327929,3
DA:327930,3
DA:327934,3
DA:327937,3
DA:327938,3
DA:327944,3
end_of_record
TN:
SF:/usr/include/x86_64-linux-gnu/qt5/QtNetwork/qabstractsocket.h
FN:249,_ZN11QMetaTypeIdIN15QAbstractSocket11SocketErrorEE14qt_metatype_idEv
FNDA:0,_ZN11QMetaTypeIdIN15QAbstractSocket11SocketErrorEE14qt_metatype_idEv
DA:249,0
BRDA:249,0,0,-
BRDA:249,0,1,-
end_of_record
SF:/usr/include/x86_64-linux-gnu/qt5/QtCore/qstring.h
FN:699,_ZN7QStringC2EPKc
FNDA:5526,_ZN7QStringC2EPKc
FN:1135,_ZN7QStringD2Ev
FNDA:11237,_ZN7QStringD2Ev
FN:1237,_ZNK7QStringeqEPKc
FNDA:14,_ZNK7QStringeqEPKc
FN:1239,_ZNK7QStringneEPKc
FNDA:1856,_ZNK7QStringneEPKc
DA:239,1870
DA:699,5526
DA:700,5526
BRDA:700,0,0,5526
BRDA:700,0,1,0
DA:701,5526
DA:829,0
BRDA:829,0,0,-
BRDA:829,0,1,-
BRDA:829,0,2,-
BRDA:829,0,3,-
BRDA:829,0,4,-
BRDA:829,0,5,-
DA:942,1856
BRDA:942,0,0,0
BRDA:942,0,1,1856
DA:957,5540
DA:958,5540
DA:1135,11237
BRDA:1135,0,0,5572
BRDA:1135,0,1,5665
DA:1237,14
DA:1238,14
DA:1239,1856
DA:1240,1856
end_of_record
SF:/usr/include/c++/9/initializer_list
DA:79,7396
BRDA:79,0,0,5540
BRDA:79,0,1,1856
end_of_record
SF:/usr/include/x86_64-linux-gnu/qt5/QtCore/qobjectdefs_impl.h
FN:407,_ZN9QtPrivate11QSlotObjectIM6ClientFvN15QAbstractSocket11SocketErrorEENS_4ListIJS3_EEEvE4implEiPNS_15QSlotObjectBaseEP7QObjectPPvPb
FNDA:8,_ZN9QtPrivate11QSlotObjectIM6ClientFvN15QAbstractSocket11SocketErrorEENS_4ListIJS3_EEEvE4implEiPNS_15QSlotObjectBaseEP7QObjectPPvPb
FN:407,_ZN9QtPrivate11QSlotObjectIM6ClientFvvENS_4ListIJEEEvE4implEiPNS_15QSlotObjectBaseEP7QObjectPPvPb
FNDA:12,_ZN9QtPrivate11QSlotObjectIM6ClientFvvENS_4ListIJEEEvE4implEiPNS_15QSlotObjectBaseEP7QObjectPPvPb
FN:432,_ZN9QtPrivate18QFunctorSlotObjectIZN6ClientC4EP7QObjectEUlvE_Li0ENS_4ListIJEEEvE4implEiPNS_15QSlotObjectBaseES3_PPvPb
FNDA:4,_ZN9QtPrivate18QFunctorSlotObjectIZN6ClientC4EP7QObjectEUlvE_Li0ENS_4ListIJEEEvE4implEiPNS_15QSlotObjectBaseES3_PPvPb
DA:146,0
DA:152,4
DA:257,0
DA:387,20
DA:403,16
DA:407,8
DA:409,8
BRDA:409,0,0,4
BRDA:409,0,1,4
BRDA:409,0,2,0
BRDA:409,0,3,0
DA:410,4
DA:411,4
BRDA:411,0,0,4
BRDA:411,0,1,0
DA:413,4
BRDA:413,0,0,0
BRDA:413,0,1,4
DA:415,4
DA:416,0
DA:417,0
BRDA:417,0,0,-
BRDA:417,0,1,-
BRDA:417,0,2,-
BRDA:417,0,3,-
BRDA:417,0,4,-
BRDA:417,0,5,-
DA:418,0
DA:419,8
DA:421,8
DA:407,12
DA:409,12
BRDA:409,0,0,12
BRDA:409,0,1,0
BRDA:409,0,2,0
BRDA:409,0,3,0
DA:410,12
DA:411,12
BRDA:411,0,0,12
BRDA:411,0,1,0
DA:413,0
BRDA:413,0,0,-
BRDA:413,0,1,-
DA:415,0
DA:416,0
DA:417,0
BRDA:417,0,0,-
BRDA:417,0,1,-
BRDA:417,0,2,-
BRDA:417,0,3,-
BRDA:417,0,4,-
BRDA:417,0,5,-
DA:418,0
DA:419,12
DA:421,12
DA:423,16
DA:428,4
DA:432,4
DA:434,4
BRDA:434,0,0,4
BRDA:434,0,1,0
BRDA:434,0,2,0
DA:435,4
DA:436,4
BRDA:436,0,0,4
BRDA:436,0,1,0
DA:438,0
DA:441,4
DA:445,4
DA:447,4
end_of_record
SF:/usr/include/x86_64-linux-gnu/qt5/QtCore/qdatastream.h
DA:341,1856
BRDA:341,0,0,1856
BRDA:341,0,1,0
BRDA:341,0,2,0
BRDA:341,0,3,0
end_of_record
SF:/usr/include/x86_64-linux-gnu/qt5/QtCore/qrefcount.h
FN:54,_ZN9QtPrivate8RefCount3refEv
FNDA:5540,_ZN9QtPrivate8RefCount3refEv
FN:65,_ZN9QtPrivate8RefCount5derefEv
FNDA:13093,_ZN9QtPrivate8RefCount5derefEv
DA:54,5540
BRDA:54,0,0,5540
BRDA:54,0,1,0
DA:57,5540
BRDA:57,0,0,5540
BRDA:57,0,1,0
DA:60,5540
BRDA:60,0,0,5540
BRDA:60,0,1,0
DA:65,13093
BRDA:65,0,0,13093
BRDA:65,0,1,0
DA:68,13093
BRDA:68,0,0,13093
BRDA:68,0,1,0
DA:71,13093
BRDA:71,0,0,13078
BRDA:71,0,1,15
DA:73,13078
end_of_record
SF:/usr/include/x86_64-linux-gnu/qt5/QtCore/qarraydata.h
DA:61,1870
DA:208,1870
DA:239,7428
DA:240,7428
end_of_record
SF:/usr/include/c++/9/bits/move.h
DA:193,1856
DA:194,1856
DA:195,1856
end_of_record
SF:/usr/include/x86_64-linux-gnu/qt5/QtCore/qobject_impl.h
FN:75,_ZN9QtPrivate15ConnectionTypesINS_4ListIJN15QAbstractSocket11SocketErrorEEEELb1EE5typesEv
FNDA:0,_ZN9QtPrivate15ConnectionTypesINS_4ListIJN15QAbstractSocket11SocketErrorEEEELb1EE5typesEv
DA:75,0
BRDA:75,0,0,-
BRDA:75,0,1,-
BRDA:75,0,2,-
BRDA:75,0,3,-
end_of_record
SF:/usr/include/x86_64-linux-gnu/qt5/QtCore/qobject.h
FN:228,_ZN7QObject7connectIM15QAbstractSocketFvNS1_11SocketErrorEEM6ClientFvS2_EEEN11QMetaObject10ConnectionEPKN9QtPrivate15FunctionPointerIT_E6ObjectESC_PKNSB_IT0_E6ObjectESH_N2Qt14ConnectionTypeE
FNDA:4,_ZN7QObject7connectIM15QAbstractSocketFvNS1_11SocketErrorEEM6ClientFvS2_EEEN11QMetaObject10ConnectionEPKN9QtPrivate15FunctionPointerIT_E6ObjectESC_PKNSB_IT0_E6ObjectESH_N2Qt14ConnectionTypeE
FN:228,_ZN7QObject7connectIM9QIODeviceFvvEM6ClientFvvEEEN11QMetaObject10ConnectionEPKN9QtPrivate15FunctionPointerIT_E6ObjectESB_PKNSA_IT0_E6ObjectESG_N2Qt14ConnectionTypeE
FNDA:4,_ZN7QObject7connectIM9QIODeviceFvvEM6ClientFvvEEEN11QMetaObject10ConnectionEPKN9QtPrivate15FunctionPointerIT_E6ObjectESB_PKNSA_IT0_E6ObjectESG_N2Qt14ConnectionTypeE
FN:228,_ZN7QObject7connectIM15QAbstractSocketFvvEM6ClientFvvEEEN11QMetaObject10ConnectionEPKN9QtPrivate15FunctionPointerIT_E6ObjectESB_PKNSA_IT0_E6ObjectESG_N2Qt14ConnectionTypeE
FNDA:8,_ZN7QObject7connectIM15QAbstractSocketFvvEM6ClientFvvEEEN11QMetaObject10ConnectionEPKN9QtPrivate15FunctionPointerIT_E6ObjectESB_PKNSA_IT0_E6ObjectESG_N2Qt14ConnectionTypeE
FN:308,_ZN7QObject7connectIM15QAbstractSocketFvvEZN6ClientC4EPS_EUlvE_EENSt9enable_ifIXeqsrN9QtPrivate15FunctionPointerIT0_EE13ArgumentCountLin1EEN11QMetaObject10ConnectionEE4typeEPKNS9_IT_E6ObjectESG_PKS_SA_N2Qt14ConnectionTypeE
FNDA:4,_ZN7QObject7connectIM15QAbstractSocketFvvEZN6ClientC4EPS_EUlvE_EENSt9enable_ifIXeqsrN9QtPrivate15FunctionPointerIT0_EE13ArgumentCountLin1EEN11QMetaObject10ConnectionEE4typeEPKNS9_IT_E6ObjectESG_PKS_SA_N2Qt14ConnectionTypeE
DA:228,4
DA:247,4
BRDA:247,0,0,0
BRDA:247,0,1,4
DA:248,0
DA:252,4
DA:254,4
DA:228,4
DA:252,4
DA:254,4
DA:228,8
DA:252,8
DA:254,8
DA:308,4
DA:330,4
DA:333,4
end_of_record
SF:/usr/include/x86_64-linux-gnu/qt5/QtCore/qpair.h
FN:58,_ZN5QPairI7QString10QJsonValueEC2ERKS0_RKS1_
FNDA:5540,_ZN5QPairI7QString10QJsonValueEC2ERKS0_RKS1_
DA:49,5540
DA:58,5540
DA:61,5540
BRDA:61,0,0,5540
BRDA:61,0,1,0
end_of_record
SF:/usr/include/x86_64-linux-gnu/qt5/QtCore/qjsonobject.h
FN:64,_ZN11QJsonObjectC2ESt16initializer_listI5QPairI7QString10QJsonValueEE
FNDA:1856,_ZN11QJsonObjectC2ESt16initializer_listI5QPairI7QString10QJsonValueEE
DA:64,1856
DA:65,1856
DA:66,1856
DA:67,7396
BRDA:67,0,0,5540
BRDA:67,0,1,1856
DA:68,5540
DA:69,1856
DA:189,0
BRDA:189,0,0,-
BRDA:189,0,1,-
BRDA:189,0,2,-
BRDA:189,0,3,-
BRDA:189,0,4,-
BRDA:189,0,5,-
BRDA:189,0,6,-
BRDA:189,0,7,-
DA:218,0
DA:227,0
BRDA:227,0,0,-
BRDA:227,0,1,-
BRDA:227,0,2,-
BRDA:227,0,3,-
BRDA:227,0,4,-
BRDA:227,0,5,-
BRDA:227,0,6,-
BRDA:227,0,7,-
end_of_record
SF:/home/dunja/Desktop/tankAttack/17-tankattack/code/src/Client.cpp
FN:18,_ZN6ClientC2EP7QObject
FNDA:4,_ZN6ClientC2EP7QObject
FN:34,_ZN6Client5loginERK7QString
FNDA:0,_ZN6Client5loginERK7QString
FN:47,_ZN6ClientD2Ev
FNDA:4,_ZN6ClientD2Ev
FN:47,_ZN6ClientD0Ev
FNDA:4,_ZN6ClientD0Ev
FN:52,_ZN6Client11sendMessageERK7QString
FNDA:1856,_ZN6Client11sendMessageERK7QString
FN:80,_ZN6Client18disconnectFromHostEv
FNDA:4,_ZN6Client18disconnectFromHostEv
FN:85,_ZN6Client12jsonReceivedERK11QJsonObject
FNDA:0,_ZN6Client12jsonReceivedERK11QJsonObject
FN:104,_ZN6Client15connectToServerERK7QStringt
FNDA:4,_ZN6Client15connectToServerERK7QStringt
FN:108,_ZN6Client11onReadyReadEv
FNDA:0,_ZN6Client11onReadyReadEv
FN:132,_ZN6Client16isOrderedToShootEv
FNDA:5106,_ZN6Client16isOrderedToShootEv
FN:136,_ZN6Client12setCantShootEv
FNDA:0,_ZN6Client12setCantShootEv
FN:141,_ZN6Client13setTanksAngleEf
FNDA:1842,_ZN6Client13setTanksAngleEf
FN:145,_ZN6Client9setTanksXEf
FNDA:1842,_ZN6Client9setTanksXEf
FN:149,_ZN6Client9setTanksYEf
FNDA:1842,_ZN6Client9setTanksYEf
FN:154,_ZN6Client8getTankXEv
FNDA:0,_ZN6Client8getTankXEv
FN:158,_ZN6Client8getTankYEv
FNDA:0,_ZN6Client8getTankYEv
FN:164,_ZN6Client12getReceivedXEv
FNDA:5559,_ZN6Client12getReceivedXEv
FN:168,_ZN6Client12getReceivedYEv
FNDA:0,_ZN6Client12getReceivedYEv
FN:172,_ZN6Client16getReceivedAngleEv
FNDA:5559,_ZN6Client16getReceivedAngleEv
DA:18,4
DA:20,4
BRDA:20,0,0,4
BRDA:20,0,1,0
DA:21,4
BRDA:21,0,0,4
BRDA:21,0,1,0
DA:23,4
DA:24,4
DA:25,4
DA:27,4
BRDA:27,0,0,4
BRDA:27,0,1,0
DA:28,4
BRDA:28,0,0,4
BRDA:28,0,1,0
DA:29,4
BRDA:29,0,0,4
BRDA:29,0,1,0
DA:30,4
BRDA:30,0,0,4
BRDA:30,0,1,0
DA:31,4
BRDA:31,0,0,4
BRDA:31,0,1,0
DA:32,4
DA:34,0
DA:37,0
BRDA:37,0,0,-
BRDA:37,0,1,-
DA:38,0
DA:40,0
BRDA:40,0,0,-
BRDA:40,0,1,-
DA:41,0
BRDA:41,0,0,-
BRDA:41,0,1,-
BRDA:41,0,2,-
BRDA:41,0,3,-
BRDA:41,0,4,-
BRDA:41,0,5,-
DA:42,0
BRDA:42,0,0,-
BRDA:42,0,1,-
BRDA:42,0,2,-
BRDA:42,0,3,-
BRDA:42,0,4,-
BRDA:42,0,5,-
DA:43,0
BRDA:43,0,0,-
BRDA:43,0,1,-
BRDA:43,0,2,-
BRDA:43,0,3,-
BRDA:43,0,4,-
BRDA:43,0,5,-
DA:45,0
DA:47,4
DA:50,4
DA:47,4
DA:49,4
DA:50,4
DA:52,1856
DA:55,1856
BRDA:55,0,0,0
BRDA:55,0,1,1856
DA:56,0
DA:57,3712
DA:59,1856
BRDA:59,0,0,1856
BRDA:59,0,1,0
DA:62,1856
BRDA:62,0,0,1856
BRDA:62,0,1,0
BRDA:62,0,2,1842
BRDA:62,0,3,14
DA:65,1842
DA:66,1842
DA:67,1842
DA:68,7368
BRDA:68,0,0,1842
BRDA:68,0,1,0
BRDA:68,0,2,1842
BRDA:68,0,3,0
BRDA:68,0,4,1842
BRDA:68,0,5,0
BRDA:68,0,6,1842
BRDA:68,0,7,0
BRDA:68,0,8,1842
BRDA:68,0,9,0
BRDA:68,0,10,1842
BRDA:68,0,11,0
BRDA:68,0,12,1842
BRDA:68,0,13,0
BRDA:68,0,14,1842
BRDA:68,0,15,0
BRDA:68,0,16,1842
BRDA:68,0,17,0
BRDA:68,0,18,0
BRDA:68,0,19,1842
BRDA:68,0,20,5526
BRDA:68,0,21,1842
BRDA:68,0,22,0
BRDA:68,0,23,0
DA:71,14
BRDA:71,0,0,14
BRDA:71,0,1,0
BRDA:71,0,2,14
BRDA:71,0,3,0
DA:75,28
BRDA:75,0,0,14
BRDA:75,0,1,0
BRDA:75,0,2,14
BRDA:75,0,3,0
BRDA:75,0,4,0
BRDA:75,0,5,14
BRDA:75,0,6,14
BRDA:75,0,7,14
BRDA:75,0,8,0
BRDA:75,0,9,0
DA:77,1856
BRDA:77,0,0,1856
BRDA:77,0,1,0
BRDA:77,0,2,1856
BRDA:77,0,3,0
BRDA:77,0,4,1856
BRDA:77,0,5,0
DA:80,4
DA:82,4
DA:83,4
DA:85,0
DA:88,0
BRDA:88,0,0,-
BRDA:88,0,1,-
BRDA:88,0,2,-
BRDA:88,0,3,-
BRDA:88,0,4,-
BRDA:88,0,5,-
DA:90,0
DA:94,0
DA:95,0
BRDA:95,0,0,-
BRDA:95,0,1,-
DA:96,0
BRDA:96,0,0,-
BRDA:96,0,1,-
DA:98,0
BRDA:98,0,0,-
BRDA:98,0,1,-
DA:99,0
BRDA:99,0,0,-
BRDA:99,0,1,-
DA:100,0
BRDA:100,0,0,-
BRDA:100,0,1,-
DA:102,0
DA:104,4
DA:106,4
DA:107,4
DA:108,0
BRDA:108,0,0,-
BRDA:108,0,1,-
DA:110,0
DA:111,0
BRDA:111,0,0,-
BRDA:111,0,1,-
DA:114,0
BRDA:114,0,0,-
BRDA:114,0,1,-
DA:115,0
BRDA:115,0,0,-
BRDA:115,0,1,-
DA:116,0
BRDA:116,0,0,-
BRDA:116,0,1,-
BRDA:116,0,2,-
BRDA:116,0,3,-
DA:119,0
BRDA:119,0,0,-
BRDA:119,0,1,-
DA:120,0
BRDA:120,0,0,-
BRDA:120,0,1,-
DA:121,0
BRDA:121,0,0,-
BRDA:121,0,1,-
BRDA:121,0,2,-
BRDA:121,0,3,-
DA:122,0
BRDA:122,0,0,-
BRDA:122,0,1,-
BRDA:122,0,2,-
BRDA:122,0,3,-
DA:129,0
DA:130,0
DA:132,5106
DA:134,5106
DA:136,0
DA:138,0
DA:139,0
DA:141,1842
DA:143,1842
DA:144,1842
DA:145,1842
DA:147,1842
DA:148,1842
DA:149,1842
DA:151,1842
DA:152,1842
DA:154,0
DA:156,0
DA:158,0
DA:160,0
DA:164,5559
DA:166,5559
DA:168,0
DA:170,0
DA:172,5559
DA:174,5559
end_of_record
SF:/usr/include/x86_64-linux-gnu/qt5/QtCore/qbytearray.h
FN:476,_ZN10QByteArrayD2Ev
FNDA:1856,_ZN10QByteArrayD2Ev
DA:475,0
BRDA:475,0,0,-
BRDA:475,0,1,-
DA:476,1856
BRDA:476,0,0,1856
BRDA:476,0,1,0
end_of_record
SF:/usr/include/c++/9/bits/atomic_base.h
DA:279,20
DA:319,5540
DA:327,13078
DA:397,0
DA:419,18633
BRDA:419,0,0,0
BRDA:419,0,1,0
BRDA:419,0,2,13093
BRDA:419,0,3,0
BRDA:419,0,4,5540
BRDA:419,0,5,0
end_of_record
SF:/usr/include/x86_64-linux-gnu/qt5/QtCore/qatomic_cxx11.h
DA:271,13078
end_of_record
SF:/usr/include/x86_64-linux-gnu/qt5/QtCore/qbasicatomic.h
DA:114,5540
end_of_record
SF:/usr/include/x86_64-linux-gnu/qt5/QtCore/qflags.h
DA:120,4
DA:133,0
end_of_record
SF:/usr/include/x86_64-linux-gnu/qt5/QtCore/qmetatype.h
FN:795,_ZN17QtMetaTypePrivate23QMetaTypeFunctionHelperIN15QAbstractSocket11SocketErrorELb1EE8DestructEPv
FNDA:0,_ZN17QtMetaTypePrivate23QMetaTypeFunctionHelperIN15QAbstractSocket11SocketErrorELb1EE8DestructEPv
FN:801,_ZN17QtMetaTypePrivate23QMetaTypeFunctionHelperIN15QAbstractSocket11SocketErrorELb1EE9ConstructEPvPKv
FNDA:0,_ZN17QtMetaTypePrivate23QMetaTypeFunctionHelperIN15QAbstractSocket11SocketErrorELb1EE9ConstructEPvPKv
FN:1674,_ZN9QtPrivate17QMetaTypeIdHelperIN15QAbstractSocket11SocketErrorELb1EE14qt_metatype_idEv
FNDA:0,_ZN9QtPrivate17QMetaTypeIdHelperIN15QAbstractSocket11SocketErrorELb1EE14qt_metatype_idEv
FN:1728,_Z27qRegisterNormalizedMetaTypeIN15QAbstractSocket11SocketErrorEEiRK10QByteArrayPT_N9QtPrivate21MetaTypeDefinedHelperIS5_Xaasr12QMetaTypeId2IS5_E7DefinedntsrSA_9IsBuiltInEE11DefinedTypeE
FNDA:0,_Z27qRegisterNormalizedMetaTypeIN15QAbstractSocket11SocketErrorEEiRK10QByteArrayPT_N9QtPrivate21MetaTypeDefinedHelperIS5_Xaasr12QMetaTypeId2IS5_E7DefinedntsrSA_9IsBuiltInEE11DefinedTypeE
FN:1765,_Z17qRegisterMetaTypeIN15QAbstractSocket11SocketErrorEEiPKcPT_N9QtPrivate21MetaTypeDefinedHelperIS4_Xaasr12QMetaTypeId2IS4_E7DefinedntsrS9_9IsBuiltInEE11DefinedTypeE
FNDA:0,_Z17qRegisterMetaTypeIN15QAbstractSocket11SocketErrorEEiPKcPT_N9QtPrivate21MetaTypeDefinedHelperIS4_Xaasr12QMetaTypeId2IS4_E7DefinedntsrS9_9IsBuiltInEE11DefinedTypeE
DA:795,0
DA:799,0
DA:801,0
DA:803,0
BRDA:803,0,0,-
BRDA:803,0,1,-
DA:804,0
DA:1662,0
BRDA:1662,0,0,-
BRDA:1662,0,1,-
DA:1674,0
DA:1675,0
DA:1728,0
DA:1738,0
BRDA:1738,0,0,-
BRDA:1738,0,1,-
DA:1739,0
BRDA:1739,0,0,-
BRDA:1739,0,1,-
DA:1740,0
DA:1744,0
BRDA:1744,0,0,-
BRDA:1744,0,1,-
DA:1747,0
DA:1765,0
DA:1775,0
DA:1777,0
BRDA:1777,0,0,-
BRDA:1777,0,1,-
end_of_record
TN:
SF:/home/dunja/Desktop/tankAttack/17-tankattack/code/include/ServerWorker.hpp
end_of_record
SF:/home/dunja/Desktop/tankAttack/build_tank_attack/moc_ServerWorker.cpp
FN:88,_ZN12ServerWorker18qt_static_metacallEP7QObjectN11QMetaObject4CallEiPPv
FNDA:0,_ZN12ServerWorker18qt_static_metacallEP7QObjectN11QMetaObject4CallEiPPv
FN:145,_ZNK12ServerWorker10metaObjectEv
FNDA:0,_ZNK12ServerWorker10metaObjectEv
FN:150,_ZN12ServerWorker11qt_metacastEPKc
FNDA:0,_ZN12ServerWorker11qt_metacastEPKc
FN:158,_ZN12ServerWorker11qt_metacallEN11QMetaObject4CallEiPPv
FNDA:0,_ZN12ServerWorker11qt_metacallEN11QMetaObject4CallEiPPv
FN:176,_ZN12ServerWorker12jsonReceivedERK11QJsonObject
FNDA:0,_ZN12ServerWorker12jsonReceivedERK11QJsonObject
FN:183,_ZN12ServerWorker22disconnectedFromClientEv
FNDA:0,_ZN12ServerWorker22disconnectedFromClientEv
FN:189,_ZN12ServerWorker5errorEv
FNDA:0,_ZN12ServerWorker5errorEv
FN:195,_ZN12ServerWorker10logMessageERK7QString
FNDA:0,_ZN12ServerWorker10logMessageERK7QString
DA:88,0
DA:90,0
BRDA:90,0,0,-
BRDA:90,0,1,-
DA:93,0
BRDA:93,0,0,-
BRDA:93,0,1,-
BRDA:93,0,2,-
BRDA:93,0,3,-
BRDA:93,0,4,-
BRDA:93,0,5,-
BRDA:93,0,6,-
DA:94,0
DA:95,0
DA:96,0
DA:97,0
DA:98,0
DA:99,0
DA:102,0
BRDA:102,0,0,-
BRDA:102,0,1,-
DA:103,0
DA:106,0
BRDA:106,0,0,-
BRDA:106,0,1,-
BRDA:106,0,2,-
BRDA:106,0,3,-
DA:107,0
DA:108,0
DA:113,0
BRDA:113,0,0,-
BRDA:113,0,1,-
BRDA:113,0,2,-
BRDA:113,0,3,-
DA:114,0
DA:115,0
DA:120,0
BRDA:120,0,0,-
BRDA:120,0,1,-
BRDA:120,0,2,-
BRDA:120,0,3,-
DA:121,0
DA:122,0
DA:127,0
BRDA:127,0,0,-
BRDA:127,0,1,-
BRDA:127,0,2,-
BRDA:127,0,3,-
DA:128,0
DA:129,0
DA:145,0
DA:147,0
BRDA:147,0,0,-
BRDA:147,0,1,-
DA:150,0
DA:152,0
BRDA:152,0,0,-
BRDA:152,0,1,-
DA:153,0
BRDA:153,0,0,-
BRDA:153,0,1,-
DA:155,0
DA:158,0
DA:160,0
DA:161,0
BRDA:161,0,0,-
BRDA:161,0,1,-
DA:163,0
BRDA:163,0,0,-
BRDA:163,0,1,-
DA:164,0
BRDA:164,0,0,-
BRDA:164,0,1,-
DA:165,0
DA:166,0
DA:167,0
BRDA:167,0,0,-
BRDA:167,0,1,-
DA:168,0
BRDA:168,0,0,-
BRDA:168,0,1,-
DA:169,0
DA:170,0
DA:176,0
DA:178,0
DA:179,0
DA:180,0
DA:183,0
DA:185,0
DA:186,0
DA:189,0
DA:191,0
DA:192,0
DA:195,0
DA:197,0
DA:198,0
DA:199,0
end_of_record
TN:
SF:/usr/include/x86_64-linux-gnu/qt5/QtGui/qpainter.h
DA:587,1819
end_of_record
SF:/usr/include/x86_64-linux-gnu/qt5/QtWidgets/qgraphicsitem.h
DA:495,274
BRDA:495,0,0,274
BRDA:495,0,1,0
end_of_record
SF:/usr/include/x86_64-linux-gnu/qt5/QtCore/qpoint.h
DA:287,274
BRDA:287,0,0,274
BRDA:287,0,1,0
end_of_record
SF:/usr/include/x86_64-linux-gnu/qt5/QtCore/qrect.h
DA:184,1819
DA:185,1819
DA:644,202156
DA:645,202156
end_of_record
SF:/usr/include/x86_64-linux-gnu/qt5/QtGui/qcolor.h
DA:286,1819
DA:287,1819
end_of_record
SF:/home/dunja/Desktop/tankAttack/17-tankattack/code/src/Wall.cpp
FN:7,_ZN4WallC2Effff
FNDA:274,_ZN4WallC2Effff
FN:13,_ZN4WallC2ERKS_
FNDA:0,_ZN4WallC2ERKS_
FN:16,_ZN4WallaSERKS_
FNDA:0,_ZN4WallaSERKS_
FN:20,_ZN4Wall5paintEP8QPainterPK24QStyleOptionGraphicsItemP7QWidget
FNDA:1819,_ZN4Wall5paintEP8QPainterPK24QStyleOptionGraphicsItemP7QWidget
FN:30,_ZNK4Wall12boundingRectEv
FNDA:202156,_ZNK4Wall12boundingRectEv
FN:34,_ZNK4Wall4typeEv
FNDA:0,_ZNK4Wall4typeEv
FN:38,_ZNK4Wall10isVerticalEv
FNDA:60,_ZNK4Wall10isVerticalEv
FN:42,_ZNK4Wall12isHorizontalEv
FNDA:0,_ZNK4Wall12isHorizontalEv
FN:46,_ZNK4Wall9getHeightEv
FNDA:42,_ZNK4Wall9getHeightEv
FN:50,_ZNK4Wall8getWidthEv
FNDA:41,_ZNK4Wall8getWidthEv
FN:54,_ZNK4Wall4getXEv
FNDA:98,_ZNK4Wall4getXEv
FN:58,_ZNK4Wall4getYEv
FNDA:97,_ZNK4Wall4getYEv
FN:62,_ZNK4Wall14getCoordinatesEv
FNDA:0,_ZNK4Wall14getCoordinatesEv
DA:7,274
DA:8,274
DA:10,274
BRDA:10,0,0,274
BRDA:10,0,1,0
DA:11,274
DA:13,0
DA:14,0
DA:16,0
DA:17,0
DA:20,1819
DA:25,1819
BRDA:25,0,0,1819
BRDA:25,0,1,0
DA:26,1819
DA:27,1819
DA:28,1819
DA:30,202156
DA:31,202156
DA:34,0
DA:35,0
DA:38,60
DA:39,60
DA:42,0
DA:43,0
DA:46,42
DA:47,42
DA:50,41
DA:51,41
DA:54,98
DA:55,98
DA:58,97
DA:59,97
DA:62,0
DA:63,0
end_of_record
SF:/home/dunja/Desktop/tankAttack/17-tankattack/code/include/Wall.hpp
FN:13,_ZN4WallD0Ev
FNDA:0,_ZN4WallD0Ev
FN:13,_ZN4WallD2Ev
FNDA:0,_ZN4WallD2Ev
DA:13,0
DA:13,0
end_of_record
TN:
SF:/usr/include/c++/9/bits/stl_algo.h
FN:112,_ZSt9__find_ifIPP12ServerWorkerN9__gnu_cxx5__ops16_Iter_equals_valIKS1_EEET_S8_S8_T0_St26random_access_iterator_tag
FNDA:0,_ZSt9__find_ifIPP12ServerWorkerN9__gnu_cxx5__ops16_Iter_equals_valIKS1_EEET_S8_S8_T0_St26random_access_iterator_tag
FN:112,_ZSt9__find_ifIPKP12ServerWorkerN9__gnu_cxx5__ops16_Iter_equals_valIS2_EEET_S8_S8_T0_St26random_access_iterator_tag
FNDA:0,_ZSt9__find_ifIPKP12ServerWorkerN9__gnu_cxx5__ops16_Iter_equals_valIS2_EEET_S8_S8_T0_St26random_access_iterator_tag
FN:866,_ZSt11__remove_ifIPP12ServerWorkerN9__gnu_cxx5__ops16_Iter_equals_valIKS1_EEET_S8_S8_T0_
FNDA:0,_ZSt11__remove_ifIPP12ServerWorkerN9__gnu_cxx5__ops16_Iter_equals_valIKS1_EEET_S8_S8_T0_
DA:112,0
DA:116,0
DA:118,0
BRDA:118,0,0,-
BRDA:118,0,1,-
DA:120,0
BRDA:120,0,0,-
BRDA:120,0,1,-
DA:121,0
DA:122,0
DA:124,0
BRDA:124,0,0,-
BRDA:124,0,1,-
DA:125,0
DA:126,0
DA:128,0
BRDA:128,0,0,-
BRDA:128,0,1,-
DA:129,0
DA:130,0
DA:132,0
BRDA:132,0,0,-
BRDA:132,0,1,-
DA:133,0
DA:134,0
DA:137,0
BRDA:137,0,0,-
BRDA:137,0,1,-
BRDA:137,0,2,-
BRDA:137,0,3,-
DA:139,0
DA:140,0
BRDA:140,0,0,-
BRDA:140,0,1,-
DA:142,0
DA:143,0
DA:144,0
BRDA:144,0,0,-
BRDA:144,0,1,-
DA:146,0
DA:147,0
DA:148,0
BRDA:148,0,0,-
BRDA:148,0,1,-
DA:149,0
DA:112,0
DA:116,0
DA:118,0
BRDA:118,0,0,-
BRDA:118,0,1,-
DA:120,0
BRDA:120,0,0,-
BRDA:120,0,1,-
DA:121,0
DA:122,0
DA:124,0
BRDA:124,0,0,-
BRDA:124,0,1,-
DA:125,0
DA:126,0
DA:128,0
BRDA:128,0,0,-
BRDA:128,0,1,-
DA:129,0
DA:130,0
DA:132,0
BRDA:132,0,0,-
BRDA:132,0,1,-
DA:133,0
DA:134,0
DA:137,0
BRDA:137,0,0,-
BRDA:137,0,1,-
BRDA:137,0,2,-
BRDA:137,0,3,-
DA:139,0
DA:140,0
BRDA:140,0,0,-
BRDA:140,0,1,-
DA:142,0
DA:143,0
DA:144,0
BRDA:144,0,0,-
BRDA:144,0,1,-
DA:146,0
DA:147,0
DA:148,0
BRDA:148,0,0,-
BRDA:148,0,1,-
DA:149,0
DA:161,0
DA:866,0
DA:869,0
DA:870,0
BRDA:870,0,0,-
BRDA:870,0,1,-
DA:873,0
DA:874,0
BRDA:874,0,0,-
BRDA:874,0,1,-
DA:875,0
BRDA:875,0,0,-
BRDA:875,0,1,-
DA:877,0
DA:878,0
DA:912,0
DA:3944,0
BRDA:3944,0,0,-
BRDA:3944,0,1,-
DA:5630,0
BRDA:5630,0,0,-
BRDA:5630,0,1,-
DA:5633,0
BRDA:5633,0,0,-
BRDA:5633,0,1,-
DA:5634,0
BRDA:5634,0,0,-
BRDA:5634,0,1,-
end_of_record
SF:/usr/include/x86_64-linux-gnu/qt5/QtCore/qflags.h
DA:120,0
BRDA:120,0,0,-
BRDA:120,0,1,-
BRDA:120,0,2,-
BRDA:120,0,3,-
BRDA:120,0,4,-
BRDA:120,0,5,-
end_of_record
SF:/usr/include/c++/9/bits/invoke.h
end_of_record
SF:/usr/include/x86_64-linux-gnu/qt5/QtCore/qtimer.h
FN:144,_ZN6QTimer10singleShotIiZN6Server8sendJsonEP12ServerWorkerRK11QJsonObjectEUlvE_EENSt9enable_ifIXaantsrN9QtPrivate15FunctionPointerIT0_EE25IsPointerToMemberFunctionntsrSt7is_sameIPKcSB_E5valueEvE4typeET_PK7QObjectSB_
FNDA:0,_ZN6QTimer10singleShotIiZN6Server8sendJsonEP12ServerWorkerRK11QJsonObjectEUlvE_EENSt9enable_ifIXaantsrN9QtPrivate15FunctionPointerIT0_EE25IsPointerToMemberFunctionntsrSt7is_sameIPKcSB_E5valueEvE4typeET_PK7QObjectSB_
FN:151,_ZN6QTimer10singleShotIiZN6Server8sendJsonEP12ServerWorkerRK11QJsonObjectEUlvE_EENSt9enable_ifIXaantsrN9QtPrivate15FunctionPointerIT0_EE25IsPointerToMemberFunctionntsrSt7is_sameIPKcSB_E5valueEvE4typeET_N2Qt9TimerTypeEPK7QObjectSB_
FNDA:0,_ZN6QTimer10singleShotIiZN6Server8sendJsonEP12ServerWorkerRK11QJsonObjectEUlvE_EENSt9enable_ifIXaantsrN9QtPrivate15FunctionPointerIT0_EE25IsPointerToMemberFunctionntsrSt7is_sameIPKcSB_E5valueEvE4typeET_N2Qt9TimerTypeEPK7QObjectSB_
DA:144,0
DA:146,0
BRDA:146,0,0,-
BRDA:146,0,1,-
DA:147,0
DA:151,0
DA:157,0
BRDA:157,0,0,-
BRDA:157,0,1,-
DA:158,0
BRDA:158,0,0,-
BRDA:158,0,1,-
DA:160,0
DA:222,0
BRDA:222,0,0,-
BRDA:222,0,1,-
end_of_record
SF:/usr/include/x86_64-linux-gnu/qt5/QtCore/qvector.h
FN:73,_ZN7QVectorIP12ServerWorkerED2Ev
FNDA:0,_ZN7QVectorIP12ServerWorkerED2Ev
FN:73,_ZN7QVectorIiED2Ev
FNDA:0,_ZN7QVectorIiED2Ev
FN:73,_ZN7QVectorIP7QThreadED2Ev
FNDA:0,_ZN7QVectorIP7QThreadED2Ev
FN:162,_ZN7QVectorIP12ServerWorkerE9removeAllERKS1_
FNDA:0,_ZN7QVectorIP12ServerWorkerE9removeAllERKS1_
FN:382,_ZN7QVectorIiE6detachEv
FNDA:0,_ZN7QVectorIiE6detachEv
FN:382,_ZN7QVectorIP12ServerWorkerE6detachEv
FNDA:0,_ZN7QVectorIP12ServerWorkerE6detachEv
FN:382,_ZN7QVectorIP7QThreadE6detachEv
FNDA:0,_ZN7QVectorIP7QThreadE6detachEv
FN:396,_ZN7QVectorIiE7reserveEi
FNDA:0,_ZN7QVectorIiE7reserveEi
FN:396,_ZN7QVectorIP7QThreadE7reserveEi
FNDA:0,_ZN7QVectorIP7QThreadE7reserveEi
FN:552,_ZN7QVectorIP12ServerWorkerE11reallocDataEii6QFlagsIN10QArrayData16AllocationOptionEE
FNDA:0,_ZN7QVectorIP12ServerWorkerE11reallocDataEii6QFlagsIN10QArrayData16AllocationOptionEE
FN:552,_ZN7QVectorIiE11reallocDataEii6QFlagsIN10QArrayData16AllocationOptionEE
FNDA:0,_ZN7QVectorIiE11reallocDataEii6QFlagsIN10QArrayData16AllocationOptionEE
FN:552,_ZN7QVectorIP7QThreadE11reallocDataEii6QFlagsIN10QArrayData16AllocationOptionEE
FNDA:0,_ZN7QVectorIP7QThreadE11reallocDataEii6QFlagsIN10QArrayData16AllocationOptionEE
FN:676,_ZN7QVectorIP12ServerWorkerE6appendERKS1_
FNDA:0,_ZN7QVectorIP12ServerWorkerE6appendERKS1_
FN:700,_ZN7QVectorIiE6appendEOi
FNDA:0,_ZN7QVectorIiE6appendEOi
FN:700,_ZN7QVectorIP7QThreadE6appendEOS1_
FNDA:0,_ZN7QVectorIP7QThreadE6appendEOS1_
FN:795,_ZN7QVectorIP12ServerWorkerE5eraseEPS1_S3_
FNDA:0,_ZN7QVectorIP12ServerWorkerE5eraseEPS1_S3_
DA:69,0
BRDA:69,0,0,-
BRDA:69,0,1,-
DA:73,0
BRDA:73,0,0,-
BRDA:73,0,1,-
DA:73,0
BRDA:73,0,0,-
BRDA:73,0,1,-
DA:73,0
BRDA:73,0,0,-
BRDA:73,0,1,-
DA:87,0
BRDA:87,0,0,-
BRDA:87,0,1,-
DA:127,0
DA:162,0
DA:164,0
BRDA:164,0,0,-
BRDA:164,0,1,-
DA:165,0
BRDA:165,0,0,-
BRDA:165,0,1,-
DA:168,0
DA:169,0
DA:170,0
DA:171,0
DA:172,0
DA:205,0
DA:209,0
DA:240,0
DA:331,0
DA:333,0
DA:382,0
DA:384,0
BRDA:384,0,0,-
BRDA:384,0,1,-
DA:386,0
BRDA:386,0,0,-
BRDA:386,0,1,-
DA:387,0
DA:390,0
DA:393,0
DA:382,0
DA:384,0
BRDA:384,0,0,-
BRDA:384,0,1,-
DA:386,0
BRDA:386,0,0,-
BRDA:386,0,1,-
DA:387,0
DA:390,0
DA:393,0
DA:382,0
DA:384,0
BRDA:384,0,0,-
BRDA:384,0,1,-
DA:386,0
BRDA:386,0,0,-
BRDA:386,0,1,-
DA:387,0
DA:390,0
DA:393,0
DA:396,0
DA:398,0
BRDA:398,0,0,-
BRDA:398,0,1,-
DA:399,0
DA:402,0
BRDA:402,0,0,-
BRDA:402,0,1,-
BRDA:402,0,2,-
BRDA:402,0,3,-
DA:405,0
DA:407,0
DA:396,0
DA:398,0
BRDA:398,0,0,-
BRDA:398,0,1,-
DA:399,0
DA:402,0
BRDA:402,0,0,-
BRDA:402,0,1,-
BRDA:402,0,2,-
BRDA:402,0,3,-
DA:405,0
DA:407,0
DA:430,0
DA:438,0
DA:544,0
DA:552,0
DA:555,0
BRDA:555,0,0,-
BRDA:555,0,1,-
DA:559,0
BRDA:559,0,0,-
BRDA:559,0,1,-
DA:560,0
BRDA:560,0,0,-
BRDA:560,0,1,-
BRDA:560,0,2,-
BRDA:560,0,3,-
DA:563,0
DA:564,0
BRDA:564,0,0,-
BRDA:564,0,1,-
BRDA:564,0,2,-
BRDA:564,0,3,-
DA:570,0
DA:572,0
BRDA:572,0,0,-
BRDA:572,0,1,-
DA:573,0
BRDA:573,0,0,-
BRDA:573,0,1,-
DA:592,0
BRDA:592,0,0,-
BRDA:592,0,1,-
DA:593,0
DA:596,0
DA:600,0
BRDA:600,0,0,-
BRDA:600,0,1,-
DA:603,0
DA:615,0
DA:617,0
DA:619,0
DA:624,0
BRDA:624,0,0,-
BRDA:624,0,1,-
DA:627,0
DA:629,0
DA:634,0
BRDA:634,0,0,-
BRDA:634,0,1,-
DA:635,0
BRDA:635,0,0,-
BRDA:635,0,1,-
DA:636,0
BRDA:636,0,0,-
BRDA:636,0,1,-
DA:639,0
DA:641,0
DA:644,0
DA:655,0
DA:552,0
DA:555,0
BRDA:555,0,0,-
BRDA:555,0,1,-
DA:559,0
BRDA:559,0,0,-
BRDA:559,0,1,-
DA:560,0
BRDA:560,0,0,-
BRDA:560,0,1,-
BRDA:560,0,2,-
BRDA:560,0,3,-
DA:563,0
DA:564,0
BRDA:564,0,0,-
BRDA:564,0,1,-
BRDA:564,0,2,-
BRDA:564,0,3,-
DA:570,0
DA:572,0
BRDA:572,0,0,-
BRDA:572,0,1,-
DA:573,0
BRDA:573,0,0,-
BRDA:573,0,1,-
DA:592,0
BRDA:592,0,0,-
BRDA:592,0,1,-
DA:593,0
DA:596,0
DA:600,0
BRDA:600,0,0,-
BRDA:600,0,1,-
DA:603,0
DA:615,0
DA:617,0
DA:619,0
DA:624,0
BRDA:624,0,0,-
BRDA:624,0,1,-
DA:627,0
DA:629,0
DA:634,0
BRDA:634,0,0,-
BRDA:634,0,1,-
DA:635,0
BRDA:635,0,0,-
BRDA:635,0,1,-
DA:636,0
BRDA:636,0,0,-
BRDA:636,0,1,-
DA:639,0
DA:641,0
DA:644,0
DA:655,0
DA:552,0
DA:555,0
BRDA:555,0,0,-
BRDA:555,0,1,-
DA:559,0
BRDA:559,0,0,-
BRDA:559,0,1,-
DA:560,0
BRDA:560,0,0,-
BRDA:560,0,1,-
BRDA:560,0,2,-
BRDA:560,0,3,-
DA:563,0
DA:564,0
BRDA:564,0,0,-
BRDA:564,0,1,-
BRDA:564,0,2,-
BRDA:564,0,3,-
DA:570,0
DA:572,0
BRDA:572,0,0,-
BRDA:572,0,1,-
DA:573,0
BRDA:573,0,0,-
BRDA:573,0,1,-
DA:592,0
BRDA:592,0,0,-
BRDA:592,0,1,-
DA:593,0
DA:596,0
DA:600,0
BRDA:600,0,0,-
BRDA:600,0,1,-
DA:603,0
DA:615,0
DA:617,0
DA:619,0
DA:624,0
BRDA:624,0,0,-
BRDA:624,0,1,-
DA:627,0
DA:629,0
DA:634,0
BRDA:634,0,0,-
BRDA:634,0,1,-
DA:635,0
BRDA:635,0,0,-
BRDA:635,0,1,-
DA:636,0
BRDA:636,0,0,-
BRDA:636,0,1,-
DA:639,0
DA:641,0
DA:644,0
DA:655,0
DA:676,0
DA:678,0
BRDA:678,0,0,-
BRDA:678,0,1,-
DA:679,0
BRDA:679,0,0,-
BRDA:679,0,1,-
BRDA:679,0,2,-
BRDA:679,0,3,-
DA:680,0
DA:681,0
BRDA:681,0,0,-
BRDA:681,0,1,-
DA:682,0
BRDA:682,0,0,-
BRDA:682,0,1,-
DA:687,0
DA:693,0
DA:695,0
DA:696,0
DA:700,0
DA:702,0
BRDA:702,0,0,-
BRDA:702,0,1,-
DA:703,0
BRDA:703,0,0,-
BRDA:703,0,1,-
BRDA:703,0,2,-
BRDA:703,0,3,-
DA:704,0
BRDA:704,0,0,-
BRDA:704,0,1,-
DA:705,0
BRDA:705,0,0,-
BRDA:705,0,1,-
DA:708,0
DA:710,0
DA:711,0
DA:700,0
DA:702,0
BRDA:702,0,0,-
BRDA:702,0,1,-
DA:703,0
BRDA:703,0,0,-
BRDA:703,0,1,-
BRDA:703,0,2,-
BRDA:703,0,3,-
DA:704,0
BRDA:704,0,0,-
BRDA:704,0,1,-
DA:705,0
BRDA:705,0,0,-
BRDA:705,0,1,-
DA:708,0
DA:710,0
DA:711,0
DA:795,0
DA:800,0
DA:802,0
BRDA:802,0,0,-
BRDA:802,0,1,-
DA:809,0
BRDA:809,0,0,-
BRDA:809,0,1,-
DA:814,0
BRDA:814,0,0,-
BRDA:814,0,1,-
DA:815,0
DA:816,0
DA:817,0
DA:835,0
DA:836,0
DA:838,0
DA:840,0
end_of_record
[...]
BRDA:177,0,1,-
DA:178,0
DA:179,0
end_of_record
TN:
SF:/usr/include/x86_64-linux-gnu/qt5/QtCore/qatomic_cxx11.h
DA:271,3023
end_of_record
SF:/usr/include/c++/9/bits/vector.tcc
FN:109,_ZNSt6vectorIiSaIiEE12emplace_backIJiEEERiDpOT_
FNDA:1096,_ZNSt6vectorIiSaIiEE12emplace_backIJiEEERiDpOT_
FN:198,_ZNSt6vectorIP4WallSaIS1_EEaSERKS3_
FNDA:0,_ZNSt6vectorIP4WallSaIS1_EEaSERKS3_
FN:426,_ZNSt6vectorIiSaIiEE17_M_realloc_insertIJiEEEvN9__gnu_cxx17__normal_iteratorIPiS1_EEDpOT_
FNDA:27,_ZNSt6vectorIiSaIiEE17_M_realloc_insertIJiEEEvN9__gnu_cxx17__normal_iteratorIPiS1_EEDpOT_
FN:426,_ZNSt6vectorIP4WallSaIS1_EE17_M_realloc_insertIJRKS1_EEEvN9__gnu_cxx17__normal_iteratorIPS1_S3_EEDpOT_
FNDA:54,_ZNSt6vectorIP4WallSaIS1_EE17_M_realloc_insertIJRKS1_EEEvN9__gnu_cxx17__normal_iteratorIPS1_S3_EEDpOT_
DA:109,1096
DA:112,1096
BRDA:112,0,0,1069
BRDA:112,0,1,27
DA:115,1069
DA:117,1069
DA:121,27
DA:123,1096
DA:198,0
DA:201,0
BRDA:201,0,0,-
BRDA:201,0,1,-
DA:223,0
BRDA:223,0,0,-
BRDA:223,0,1,-
DA:224,0
BRDA:224,0,0,-
BRDA:224,0,1,-
DA:226,0
DA:228,0
BRDA:228,0,0,-
BRDA:228,0,1,-
DA:233,0
DA:234,0
DA:236,0
BRDA:236,0,0,-
BRDA:236,0,1,-
DA:243,0
BRDA:243,0,0,-
BRDA:243,0,1,-
DA:245,0
DA:246,0
BRDA:246,0,0,-
BRDA:246,0,1,-
DA:250,0
DA:252,0
DA:426,27
DA:435,27
DA:437,27
DA:438,27
DA:440,27
DA:449,27
DA:450,27
BRDA:450,0,0,18
BRDA:450,0,1,9
DA:464,27
BRDA:464,0,0,0
BRDA:464,0,1,27
DA:502,27
DA:503,27
DA:504,27
DA:505,27
DA:426,54
DA:435,54
DA:437,54
DA:438,54
DA:440,54
DA:449,54
DA:450,54
BRDA:450,0,0,45
BRDA:450,0,1,9
DA:464,54
BRDA:464,0,0,0
BRDA:464,0,1,54
DA:502,54
DA:503,54
DA:504,54
DA:505,54
end_of_record
SF:/usr/include/x86_64-linux-gnu/qt5/QtCore/qbasicatomic.h
DA:114,1096
end_of_record
SF:/usr/include/x86_64-linux-gnu/qt5/QtCore/qflags.h
DA:120,9
BRDA:120,0,0,9
BRDA:120,0,1,0
end_of_record
SF:/usr/include/c++/9/bits/atomic_base.h
DA:319,1096
DA:327,3023
DA:419,4667
BRDA:419,0,0,0
BRDA:419,0,1,548
BRDA:419,0,2,3023
BRDA:419,0,3,0
BRDA:419,0,4,1096
BRDA:419,0,5,0
end_of_record
SF:/usr/include/c++/9/bits/stl_uninitialized.h
DA:307,0
DA:927,81
DA:928,144
BRDA:928,0,0,18
BRDA:928,0,1,9
BRDA:928,0,2,0
BRDA:928,0,3,27
BRDA:928,0,4,45
BRDA:928,0,5,9
BRDA:928,0,6,0
BRDA:928,0,7,54
DA:929,63
DA:930,81
BRDA:930,0,0,18
BRDA:930,0,1,9
BRDA:930,0,2,45
BRDA:930,0,3,9
end_of_record
SF:/usr/include/x86_64-linux-gnu/qt5/QtCore/qlist.h
FN:172,_ZN5QListI7QStringE6detachEv
FNDA:548,_ZN5QListI7QStringE6detachEv
FN:786,_ZN5QListI7QStringE13detach_helperEi
FNDA:0,_ZN5QListI7QStringE13detach_helperEi
FN:827,_ZN5QListI7QStringED2Ev
FNDA:274,_ZN5QListI7QStringED2Ev
DA:116,274
DA:117,274
DA:172,548
BRDA:172,0,0,0
BRDA:172,0,1,548
DA:264,1096
DA:324,274
BRDA:324,0,0,274
BRDA:324,0,1,0
DA:328,274
BRDA:328,0,0,274
BRDA:328,0,1,0
DA:477,0
BRDA:477,0,0,-
BRDA:477,0,1,-
DA:479,0
DA:480,0
DA:786,0
DA:788,0
DA:789,0
DA:791,0
DA:798,0
BRDA:798,0,0,-
BRDA:798,0,1,-
DA:799,0
DA:800,0
DA:805,0
DA:806,0
DA:827,274
DA:829,274
BRDA:829,0,0,274
BRDA:829,0,1,0
DA:830,274
DA:831,274
end_of_record
SF:/usr/include/x86_64-linux-gnu/qt5/QtCore/qstringlist.h
DA:99,274
end_of_record
SF:/usr/include/c++/9/bits/stl_vector.h
FN:550,_ZNSt6vectorIP4WallSaIS1_EEC2ERKS3_
FNDA:9,_ZNSt6vectorIP4WallSaIS1_EEC2ERKS3_
FN:1184,_ZNSt6vectorIP4WallSaIS1_EE9push_backERKS1_
FNDA:274,_ZNSt6vectorIP4WallSaIS1_EE9push_backERKS1_
FN:1753,_ZNKSt6vectorIiSaIiEE12_M_check_lenEmPKc
FNDA:27,_ZNKSt6vectorIiSaIiEE12_M_check_lenEmPKc
FN:1753,_ZNKSt6vectorIP4WallSaIS1_EE12_M_check_lenEmPKc
FNDA:54,_ZNKSt6vectorIP4WallSaIS1_EE12_M_check_lenEmPKc
DA:94,27
DA:95,9
BRDA:95,0,0,9
BRDA:95,0,1,0
DA:99,0
DA:100,0
DA:101,0
DA:102,0
DA:350,81
BRDA:350,0,0,18
BRDA:350,0,1,9
BRDA:350,0,2,45
BRDA:350,0,3,9
BRDA:350,0,4,0
BRDA:350,0,5,0
DA:358,18
DA:359,9
DA:360,9
DA:484,9
DA:550,9
DA:552,9
DA:554,9
DA:555,9
BRDA:555,0,0,9
BRDA:555,0,1,0
DA:558,9
DA:677,17
BRDA:677,0,0,8
BRDA:677,0,1,0
BRDA:677,0,2,9
BRDA:677,0,3,0
BRDA:677,0,4,0
BRDA:677,0,5,0
BRDA:677,0,6,0
BRDA:677,0,7,0
DA:680,9
DA:916,18
BRDA:916,0,0,0
BRDA:916,0,1,0
BRDA:916,0,2,0
BRDA:916,0,3,0
BRDA:916,0,4,0
BRDA:916,0,5,0
BRDA:916,0,6,9
BRDA:916,0,7,0
DA:997,0
BRDA:997,0,0,-
BRDA:997,0,1,-
DA:1184,274
DA:1186,274
BRDA:1186,0,0,220
BRDA:1186,0,1,54
DA:1189,220
DA:1191,220
DA:1195,54
DA:1196,274
DA:1201,1096
BRDA:1201,0,0,1096
BRDA:1201,0,1,0
DA:1496,274
DA:1753,27
DA:1755,27
BRDA:1755,0,0,0
BRDA:1755,0,1,27
DA:1756,0
DA:1758,27
BRDA:1758,0,0,9
BRDA:1758,0,1,18
DA:1759,27
BRDA:1759,0,0,27
BRDA:1759,0,1,0
DA:1753,54
DA:1755,54
BRDA:1755,0,0,0
BRDA:1755,0,1,54
DA:1756,0
DA:1758,54
BRDA:1758,0,0,9
BRDA:1758,0,1,45
DA:1759,54
BRDA:1759,0,0,54
BRDA:1759,0,1,0
DA:1791,274
BRDA:1791,0,0,274
BRDA:1791,0,1,0
DA:1795,274
end_of_record
SF:/home/dunja/Desktop/tankAttack/17-tankattack/code/src/Map.cpp
FN:9,_ZN3MapC2EiSt6vectorIP4WallSaIS2_EE
FNDA:0,_ZN3MapC2EiSt6vectorIP4WallSaIS2_EE
FN:11,_ZN3MapC2EPKc
FNDA:9,_ZN3MapC2EPKc
FN:31,_ZN3MapD2Ev
FNDA:8,_ZN3MapD2Ev
FN:37,_ZNK3Map13getNumOfWallsEv
FNDA:0,_ZNK3Map13getNumOfWallsEv
FN:41,_ZN3Map13setNumOfWallsEi
FNDA:9,_ZN3Map13setNumOfWallsEi
FN:45,_ZNK3Map8getWallsEv
FNDA:9,_ZNK3Map8getWallsEv
FN:49,_ZN3Map8setWallsERKSt6vectorIP4WallSaIS2_EE
FNDA:0,_ZN3Map8setWallsERKSt6vectorIP4WallSaIS2_EE
DA:9,0
DA:11,9
BRDA:11,0,0,9
BRDA:11,0,1,0
DA:12,27
BRDA:12,0,0,9
BRDA:12,0,1,0
BRDA:12,0,2,9
BRDA:12,0,3,0
BRDA:12,0,4,9
BRDA:12,0,5,0
BRDA:12,0,6,0
BRDA:12,0,7,0
DA:13,9
BRDA:13,0,0,9
BRDA:13,0,1,0
BRDA:13,0,2,9
BRDA:13,0,3,0
DA:14,18
BRDA:14,0,0,9
BRDA:14,0,1,0
DA:16,283
BRDA:16,0,0,283
BRDA:16,0,1,0
BRDA:16,0,2,274
BRDA:16,0,3,9
DA:17,548
BRDA:17,0,0,274
BRDA:17,0,1,0
DA:18,548
BRDA:18,0,0,274
BRDA:18,0,1,0
BRDA:18,0,2,274
BRDA:18,0,3,0
BRDA:18,0,4,274
BRDA:18,0,5,0
DA:19,1370
BRDA:19,0,0,1096
BRDA:19,0,1,274
DA:20,1096
BRDA:20,0,0,1096
BRDA:20,0,1,0
BRDA:20,0,2,1096
BRDA:20,0,3,0
DA:21,274
BRDA:21,0,0,274
BRDA:21,0,1,0
BRDA:21,0,2,274
BRDA:21,0,3,0
DA:22,274
BRDA:22,0,0,274
BRDA:22,0,1,0
DA:26,9
BRDA:26,0,0,9
BRDA:26,0,1,0
DA:27,9
BRDA:27,0,0,9
BRDA:27,0,1,0
DA:29,9
DA:31,8
DA:33,252
BRDA:33,0,0,244
BRDA:33,0,1,8
DA:34,244
BRDA:34,0,0,244
BRDA:34,0,1,0
DA:35,8
DA:37,0
DA:38,0
DA:41,9
DA:42,9
DA:43,9
DA:45,9
DA:46,9
DA:49,0
DA:50,0
DA:51,0
end_of_record
SF:/usr/include/x86_64-linux-gnu/qt5/QtCore/qrefcount.h
FN:54,_ZN9QtPrivate8RefCount3refEv
FNDA:1096,_ZN9QtPrivate8RefCount3refEv
FN:65,_ZN9QtPrivate8RefCount5derefEv
FNDA:3023,_ZN9QtPrivate8RefCount5derefEv
DA:54,1096
BRDA:54,0,0,1096
BRDA:54,0,1,0
DA:57,1096
BRDA:57,0,0,1096
BRDA:57,0,1,0
DA:60,1096
BRDA:60,0,0,1096
BRDA:60,0,1,0
DA:65,3023
BRDA:65,0,0,3023
BRDA:65,0,1,0
DA:68,3023
BRDA:68,0,0,3023
BRDA:68,0,1,0
DA:71,3023
BRDA:71,0,0,3023
BRDA:71,0,1,0
DA:73,3023
end_of_record
SF:/usr/include/x86_64-linux-gnu/qt5/QtCore/qarraydata.h
DA:239,1644
DA:240,1644
end_of_record
SF:/usr/include/c++/9/bits/stl_algobase.h
DA:227,81
BRDA:227,0,0,9
BRDA:227,0,1,18
BRDA:227,0,2,9
BRDA:227,0,3,45
DA:228,18
DA:384,9
DA:385,9
BRDA:385,0,0,0
BRDA:385,0,1,0
BRDA:385,0,2,0
BRDA:385,0,3,0
BRDA:385,0,4,0
BRDA:385,0,5,0
BRDA:385,0,6,9
BRDA:385,0,7,0
DA:386,9
DA:387,9
end_of_record
SF:/usr/include/c++/9/bits/stl_iterator.h
DA:804,8
DA:826,244
DA:827,244
DA:865,1096
DA:989,81
end_of_record
SF:/usr/include/c++/9/bits/alloc_traits.h
DA:469,80
end_of_record
SF:/usr/include/x86_64-linux-gnu/qt5/QtCore/qstring.h
FN:699,_ZN7QStringC2EPKc
FNDA:283,_ZN7QStringC2EPKc
FN:1135,_ZN7QStringD2Ev
FNDA:2749,_ZN7QStringD2Ev
DA:699,283
DA:700,283
BRDA:700,0,0,283
BRDA:700,0,1,0
DA:701,283
DA:957,1096
DA:958,1096
DA:1135,2749
BRDA:1135,0,0,1644
BRDA:1135,0,1,1105
end_of_record
SF:/home/dunja/Desktop/tankAttack/17-tankattack/code/include/Wall.hpp
FN:13,_ZN4WallD0Ev
FNDA:244,_ZN4WallD0Ev
FN:13,_ZN4WallD2Ev
FNDA:0,_ZN4WallD2Ev
DA:13,244
DA:13,0
end_of_record
SF:/usr/include/c++/9/ext/new_allocator.h
DA:128,80
end_of_record
TN:
SF:/usr/include/x86_64-linux-gnu/qt5/QtCore/qatomic_cxx11.h
DA:271,94
end_of_record
SF:/usr/include/x86_64-linux-gnu/qt5/QtCore/qrandom.h
DA:88,12
DA:119,12
DA:120,12
DA:121,12
DA:134,6
DA:145,6
DA:263,6
end_of_record
SF:/usr/include/c++/9/iostream
end_of_record
SF:/usr/include/x86_64-linux-gnu/qt5/QtGui/qpainter.h
DA:587,29
BRDA:587,0,0,17
BRDA:587,0,1,0
BRDA:587,0,2,12
BRDA:587,0,3,0
end_of_record
SF:/usr/include/x86_64-linux-gnu/qt5/QtCore/qbasicatomic.h
DA:114,6
end_of_record
SF:/home/dunja/Desktop/tankAttack/17-tankattack/code/include/SuperPower.hpp
FN:13,_ZN10SuperPowerD0Ev
FNDA:12,_ZN10SuperPowerD0Ev
FN:13,_ZN10SuperPowerD2Ev
FNDA:0,_ZN10SuperPowerD2Ev
DA:13,12
DA:13,0
end_of_record
SF:/usr/include/x86_64-linux-gnu/qt5/QtCore/qflags.h
DA:120,29
BRDA:120,0,0,17
BRDA:120,0,1,0
BRDA:120,0,2,12
BRDA:120,0,3,0
end_of_record
SF:/usr/include/x86_64-linux-gnu/qt5/QtCore/qpoint.h
DA:287,21
BRDA:287,0,0,15
BRDA:287,0,1,0
end_of_record
SF:/usr/include/c++/9/bits/atomic_base.h
DA:319,6
DA:327,94
DA:419,115
BRDA:419,0,0,109
BRDA:419,0,1,0
BRDA:419,0,2,6
BRDA:419,0,3,0
end_of_record
SF:/usr/include/x86_64-linux-gnu/qt5/QtCore/qdebug.h
FN:153,_ZN6QDebuglsEPKc
FNDA:6,_ZN6QDebuglsEPKc
DA:125,6
DA:153,12
BRDA:153,0,0,6
BRDA:153,0,1,0
BRDA:153,0,2,6
BRDA:153,0,3,0
end_of_record
SF:/usr/include/x86_64-linux-gnu/qt5/QtCore/qlist.h
FN:827,_ZN5QListIP13QGraphicsItemED2Ev
FNDA:21,_ZN5QListIP13QGraphicsItemED2Ev
DA:114,21
DA:195,21
DA:827,21
DA:829,21
BRDA:829,0,0,6
BRDA:829,0,1,15
DA:830,6
DA:831,21
DA:870,6
DA:871,6
end_of_record
SF:/usr/include/x86_64-linux-gnu/qt5/QtWidgets/qgraphicsitem.h
DA:495,21
BRDA:495,0,0,15
BRDA:495,0,1,0
end_of_record
SF:/home/dunja/Desktop/tankAttack/17-tankattack/code/src/SuperPower.cpp
FN:11,_ZN10SuperPowerC2E7QStringfff
FNDA:15,_ZN10SuperPowerC2E7QStringfff
FN:16,_ZNK10SuperPower7getTypeEv
FNDA:6,_ZNK10SuperPower7getTypeEv
FN:20,_ZNK10SuperPower7getSizeEv
FNDA:0,_ZNK10SuperPower7getSizeEv
FN:24,_ZN10SuperPower7setSizeEf
FNDA:0,_ZN10SuperPower7setSizeEf
FN:28,_ZN10SuperPower7setTypeEPc
FNDA:0,_ZN10SuperPower7setTypeEPc
FN:32,_ZNK10SuperPower4typeEv
FNDA:0,_ZNK10SuperPower4typeEv
FN:36,_ZNK10SuperPower12boundingRectEv
FNDA:1947,_ZNK10SuperPower12boundingRectEv
FN:41,_ZN10SuperPower5paintEP8QPainterPK24QStyleOptionGraphicsItemP7QWidget
FNDA:29,_ZN10SuperPower5paintEP8QPainterPK24QStyleOptionGraphicsItemP7QWidget
DA:11,15
DA:12,15
BRDA:12,0,0,15
BRDA:12,0,1,0
DA:14,15
BRDA:14,0,0,15
BRDA:14,0,1,0
DA:15,15
DA:16,6
DA:17,6
DA:20,0
DA:21,0
DA:24,0
DA:25,0
DA:26,0
DA:28,0
DA:29,0
DA:30,0
DA:32,0
DA:33,0
DA:36,1947
DA:37,1947
DA:41,29
DA:45,29
BRDA:45,0,0,17
BRDA:45,0,1,12
DA:46,34
BRDA:46,0,0,17
BRDA:46,0,1,0
BRDA:46,0,2,17
BRDA:46,0,3,0
DA:47,17
BRDA:47,0,0,17
BRDA:47,0,1,0
DA:48,17
BRDA:48,0,0,17
BRDA:48,0,1,0
BRDA:48,0,2,17
BRDA:48,0,3,0
DA:49,17
BRDA:49,0,0,17
BRDA:49,0,1,0
DA:50,17
BRDA:50,0,0,17
BRDA:50,0,1,0
DA:52,12
BRDA:52,0,0,12
BRDA:52,0,1,0
DA:53,24
BRDA:53,0,0,12
BRDA:53,0,1,0
BRDA:53,0,2,12
BRDA:53,0,3,0
DA:54,12
BRDA:54,0,0,12
BRDA:54,0,1,0
DA:55,12
BRDA:55,0,0,12
BRDA:55,0,1,0
DA:56,12
BRDA:56,0,0,12
BRDA:56,0,1,0
BRDA:56,0,2,12
BRDA:56,0,3,0
DA:57,12
BRDA:57,0,0,12
BRDA:57,0,1,0
DA:61,29
BRDA:61,0,0,15
BRDA:61,0,1,14
DA:62,21
BRDA:62,0,0,6
BRDA:62,0,1,15
DA:63,6
DA:64,6
DA:65,6
BRDA:65,0,0,6
BRDA:65,0,1,0
DA:66,6
DA:68,15
DA:71,29
end_of_record
SF:/usr/include/x86_64-linux-gnu/qt5/QtCore/qarraydata.h
DA:239,88
DA:240,88
end_of_record
SF:/usr/include/x86_64-linux-gnu/qt5/QtCore/qrefcount.h
FN:54,_ZN9QtPrivate8RefCount3refEv
FNDA:6,_ZN9QtPrivate8RefCount3refEv
FN:65,_ZN9QtPrivate8RefCount5derefEv
FNDA:109,_ZN9QtPrivate8RefCount5derefEv
DA:54,6
BRDA:54,0,0,6
BRDA:54,0,1,0
DA:57,6
BRDA:57,0,0,6
BRDA:57,0,1,0
DA:60,6
BRDA:60,0,0,6
BRDA:60,0,1,0
DA:65,109
BRDA:65,0,0,109
BRDA:65,0,1,0
DA:68,109
BRDA:68,0,0,109
BRDA:68,0,1,0
DA:71,109
BRDA:71,0,0,94
BRDA:71,0,1,15
DA:73,94
end_of_record
SF:/usr/include/x86_64-linux-gnu/qt5/QtCore/qrect.h
DA:184,29
DA:185,29
BRDA:185,0,0,17
BRDA:185,0,1,0
BRDA:185,0,2,12
BRDA:185,0,3,0
DA:644,1947
DA:645,1947
end_of_record
SF:/usr/include/c++/9/bits/move.h
DA:193,0
DA:194,0
DA:195,0
end_of_record
SF:/usr/include/x86_64-linux-gnu/qt5/QtGui/qpixmap.h
DA:121,29
BRDA:121,0,0,17
BRDA:121,0,1,0
BRDA:121,0,2,12
BRDA:121,0,3,0
end_of_record
SF:/usr/include/x86_64-linux-gnu/qt5/QtCore/qstring.h
FN:570,_ZN7QString8fromUtf8EPKci
FNDA:6,_ZN7QString8fromUtf8EPKci
FN:699,_ZN7QStringC2EPKc
FNDA:70,_ZN7QStringC2EPKc
FN:705,_ZN7QStringaSEPKc
FNDA:0,_ZN7QStringaSEPKc
FN:1135,_ZN7QStringD2Ev
FNDA:88,_ZN7QStringD2Ev
DA:234,15
BRDA:234,0,0,15
BRDA:234,0,1,0
DA:570,6
DA:572,6
BRDA:572,0,0,6
BRDA:572,0,1,0
DA:699,70
DA:700,70
BRDA:700,0,0,70
BRDA:700,0,1,0
DA:701,70
DA:705,0
DA:706,0
DA:957,6
DA:958,6
DA:1135,88
BRDA:1135,0,0,88
BRDA:1135,0,1,0
end_of_record
SF:/usr/include/x86_64-linux-gnu/qt5/QtCore/qlogging.h
DA:69,6
end_of_record
SF:/usr/include/x86_64-linux-gnu/qt5/QtCore/qsize.h
DA:119,29
BRDA:119,0,0,17
BRDA:119,0,1,0
BRDA:119,0,2,12
BRDA:119,0,3,0
end_of_record
TN:
SF:/home/dunja/Desktop/tankAttack/build_tank_attack/moc_Tank.cpp
FN:65,_ZN4Tank18qt_static_metacallEP7QObjectN11QMetaObject4CallEiPPv
FNDA:26402,_ZN4Tank18qt_static_metacallEP7QObjectN11QMetaObject4CallEiPPv
FN:88,_ZNK4Tank10metaObjectEv
FNDA:26420,_ZNK4Tank10metaObjectEv
FN:93,_ZN4Tank11qt_metacastEPKc
FNDA:0,_ZN4Tank11qt_metacastEPKc
FN:103,_ZN4Tank11qt_metacallEN11QMetaObject4CallEiPPv
FNDA:0,_ZN4Tank11qt_metacallEN11QMetaObject4CallEiPPv
DA:65,26402
DA:67,26402
BRDA:67,0,0,26402
BRDA:67,0,1,0
DA:70,26402
BRDA:70,0,0,26402
BRDA:70,0,1,0
DA:71,26402
DA:76,0
DA:88,26420
DA:90,26420
BRDA:90,0,0,0
BRDA:90,0,1,26420
DA:93,0
DA:95,0
BRDA:95,0,0,-
BRDA:95,0,1,-
DA:96,0
BRDA:96,0,0,-
BRDA:96,0,1,-
DA:98,0
BRDA:98,0,0,-
BRDA:98,0,1,-
DA:99,0
DA:100,0
DA:103,0
DA:105,0
DA:106,0
BRDA:106,0,0,-
BRDA:106,0,1,-
DA:108,0
BRDA:108,0,0,-
BRDA:108,0,1,-
DA:109,0
BRDA:109,0,0,-
BRDA:109,0,1,-
DA:111,0
DA:112,0
BRDA:112,0,0,-
BRDA:112,0,1,-
DA:113,0
BRDA:113,0,0,-
BRDA:113,0,1,-
DA:114,0
DA:115,0
end_of_record
TN:
SF:/home/dunja/Desktop/tankAttack/17-tankattack/code/src/HealthBar.cpp
FN:5,_ZN9HealthBarC2Effii
FNDA:18,_ZN9HealthBarC2Effii
FN:18,_ZN9HealthBarD0Ev
FNDA:0,_ZN9HealthBarD0Ev
FN:18,_ZN9HealthBarD2Ev
FNDA:0,_ZN9HealthBarD2Ev
DA:5,18
DA:6,18
BRDA:6,0,0,18
BRDA:6,0,1,0
DA:8,18
BRDA:8,0,0,18
BRDA:8,0,1,0
BRDA:8,0,2,18
BRDA:8,0,3,0
DA:9,18
BRDA:9,0,0,18
BRDA:9,0,1,0
DA:10,18
BRDA:10,0,0,18
BRDA:10,0,1,0
BRDA:10,0,2,18
BRDA:10,0,3,0
DA:11,18
BRDA:11,0,0,18
BRDA:11,0,1,0
BRDA:11,0,2,18
BRDA:11,0,3,0
DA:13,18
BRDA:13,0,0,18
BRDA:13,0,1,0
BRDA:13,0,2,18
BRDA:13,0,3,0
DA:14,18
BRDA:14,0,0,18
BRDA:14,0,1,0
BRDA:14,0,2,18
BRDA:14,0,3,0
DA:15,18
BRDA:15,0,0,18
BRDA:15,0,1,0
BRDA:15,0,2,18
BRDA:15,0,3,0
DA:16,18
DA:18,0
DA:21,0
DA:18,0
DA:19,0
BRDA:19,0,0,-
BRDA:19,0,1,-
DA:20,0
BRDA:20,0,0,-
BRDA:20,0,1,-
DA:21,0
end_of_record
SF:/usr/include/x86_64-linux-gnu/qt5/QtWidgets/qgraphicsitem.h
DA:695,18
BRDA:695,0,0,18
BRDA:695,0,1,0
BRDA:695,0,2,18
BRDA:695,0,3,0
end_of_record
SF:/usr/include/c++/9/iostream
end_of_record
SF:/home/dunja/Desktop/tankAttack/17-tankattack/code/include/HealthBar.hpp
end_of_record
SF:/usr/include/x86_64-linux-gnu/qt5/QtCore/qrect.h
DA:644,18
DA:645,18
BRDA:645,0,0,18
BRDA:645,0,1,0
end_of_record
TN:
SF:/home/dunja/Desktop/tankAttack/build_tank_attack/moc_Client.cpp
FN:105,_ZN6Client18qt_static_metacallEP7QObjectN11QMetaObject4CallEiPPv
FNDA:0,_ZN6Client18qt_static_metacallEP7QObjectN11QMetaObject4CallEiPPv
FN:176,_ZNK6Client10metaObjectEv
FNDA:0,_ZNK6Client10metaObjectEv
FN:181,_ZN6Client11qt_metacastEPKc
FNDA:0,_ZN6Client11qt_metacastEPKc
FN:189,_ZN6Client11qt_metacallEN11QMetaObject4CallEiPPv
FNDA:0,_ZN6Client11qt_metacallEN11QMetaObject4CallEiPPv
FN:207,_ZN6Client9connectedEv
FNDA:0,_ZN6Client9connectedEv
FN:213,_ZN6Client12disconnectedEv
FNDA:0,_ZN6Client12disconnectedEv
FN:219,_ZN6Client15messageReceivedERK7QStringS2_
FNDA:0,_ZN6Client15messageReceivedERK7QStringS2_
FN:226,_ZN6Client5errorEN15QAbstractSocket11SocketErrorE
FNDA:4,_ZN6Client5errorEN15QAbstractSocket11SocketErrorE
DA:105,0
DA:107,0
BRDA:107,0,0,-
BRDA:107,0,1,-
DA:110,0
BRDA:110,0,0,-
BRDA:110,0,1,-
BRDA:110,0,2,-
BRDA:110,0,3,-
BRDA:110,0,4,-
BRDA:110,0,5,-
BRDA:110,0,6,-
BRDA:110,0,7,-
BRDA:110,0,8,-
BRDA:110,0,9,-
DA:111,0
DA:112,0
DA:113,0
DA:114,0
DA:115,0
DA:116,0
DA:117,0
DA:118,0
DA:119,0
DA:122,0
BRDA:122,0,0,-
BRDA:122,0,1,-
DA:123,0
BRDA:123,0,0,-
BRDA:123,0,1,-
DA:124,0
DA:125,0
DA:126,0
BRDA:126,0,0,-
BRDA:126,0,1,-
DA:127,0
DA:128,0
DA:129,0
DA:133,0
BRDA:133,0,0,-
BRDA:133,0,1,-
DA:134,0
DA:137,0
BRDA:137,0,0,-
BRDA:137,0,1,-
BRDA:137,0,2,-
BRDA:137,0,3,-
DA:138,0
DA:139,0
DA:144,0
BRDA:144,0,0,-
BRDA:144,0,1,-
BRDA:144,0,2,-
BRDA:144,0,3,-
DA:145,0
DA:146,0
DA:151,0
BRDA:151,0,0,-
BRDA:151,0,1,-
BRDA:151,0,2,-
BRDA:151,0,3,-
DA:152,0
DA:153,0
DA:158,0
BRDA:158,0,0,-
BRDA:158,0,1,-
BRDA:158,0,2,-
BRDA:158,0,3,-
DA:159,0
DA:160,0
DA:176,0
DA:178,0
BRDA:178,0,0,-
BRDA:178,0,1,-
DA:181,0
DA:183,0
BRDA:183,0,0,-
BRDA:183,0,1,-
DA:184,0
BRDA:184,0,0,-
BRDA:184,0,1,-
DA:186,0
DA:189,0
DA:191,0
DA:192,0
BRDA:192,0,0,-
BRDA:192,0,1,-
DA:194,0
BRDA:194,0,0,-
BRDA:194,0,1,-
DA:195,0
BRDA:195,0,0,-
BRDA:195,0,1,-
DA:196,0
DA:197,0
DA:198,0
BRDA:198,0,0,-
BRDA:198,0,1,-
DA:199,0
BRDA:199,0,0,-
BRDA:199,0,1,-
DA:200,0
DA:201,0
DA:207,0
DA:209,0
DA:210,0
DA:213,0
DA:215,0
DA:216,0
DA:219,0
DA:221,0
DA:222,0
DA:223,0
DA:226,4
DA:228,4
DA:229,4
DA:230,4
end_of_record
SF:/usr/include/x86_64-linux-gnu/qt5/QtNetwork/qabstractsocket.h
FN:249,_ZN11QMetaTypeIdIN15QAbstractSocket11SocketErrorEE14qt_metatype_idEv
FNDA:0,_ZN11QMetaTypeIdIN15QAbstractSocket11SocketErrorEE14qt_metatype_idEv
DA:249,0
BRDA:249,0,0,-
BRDA:249,0,1,-
end_of_record
SF:/usr/include/x86_64-linux-gnu/qt5/QtCore/qrefcount.h
FN:65,_ZN9QtPrivate8RefCount5derefEv
FNDA:0,_ZN9QtPrivate8RefCount5derefEv
DA:65,0
BRDA:65,0,0,-
BRDA:65,0,1,-
DA:68,0
BRDA:68,0,0,-
BRDA:68,0,1,-
DA:71,0
BRDA:71,0,0,-
BRDA:71,0,1,-
DA:73,0
end_of_record
SF:/usr/include/x86_64-linux-gnu/qt5/QtCore/qarraydata.h
DA:239,0
DA:240,0
end_of_record
SF:/usr/include/c++/9/bits/atomic_base.h
DA:327,0
DA:397,0
DA:419,0
BRDA:419,0,0,-
BRDA:419,0,1,-
BRDA:419,0,2,-
BRDA:419,0,3,-
end_of_record
SF:/usr/include/x86_64-linux-gnu/qt5/QtCore/qbytearray.h
FN:476,_ZN10QByteArrayD2Ev
FNDA:0,_ZN10QByteArrayD2Ev
DA:476,0
BRDA:476,0,0,-
BRDA:476,0,1,-
end_of_record
SF:/usr/include/x86_64-linux-gnu/qt5/QtCore/qflags.h
DA:133,0
end_of_record
SF:/usr/include/x86_64-linux-gnu/qt5/QtCore/qmetatype.h
FN:795,_ZN17QtMetaTypePrivate23QMetaTypeFunctionHelperIN15QAbstractSocket11SocketErrorELb1EE8DestructEPv
FNDA:0,_ZN17QtMetaTypePrivate23QMetaTypeFunctionHelperIN15QAbstractSocket11SocketErrorELb1EE8DestructEPv
FN:801,_ZN17QtMetaTypePrivate23QMetaTypeFunctionHelperIN15QAbstractSocket11SocketErrorELb1EE9ConstructEPvPKv
FNDA:0,_ZN17QtMetaTypePrivate23QMetaTypeFunctionHelperIN15QAbstractSocket11SocketErrorELb1EE9ConstructEPvPKv
FN:1674,_ZN9QtPrivate17QMetaTypeIdHelperIN15QAbstractSocket11SocketErrorELb1EE14qt_metatype_idEv
FNDA:0,_ZN9QtPrivate17QMetaTypeIdHelperIN15QAbstractSocket11SocketErrorELb1EE14qt_metatype_idEv
FN:1728,_Z27qRegisterNormalizedMetaTypeIN15QAbstractSocket11SocketErrorEEiRK10QByteArrayPT_N9QtPrivate21MetaTypeDefinedHelperIS5_Xaasr12QMetaTypeId2IS5_E7DefinedntsrSA_9IsBuiltInEE11DefinedTypeE
FNDA:0,_Z27qRegisterNormalizedMetaTypeIN15QAbstractSocket11SocketErrorEEiRK10QByteArrayPT_N9QtPrivate21MetaTypeDefinedHelperIS5_Xaasr12QMetaTypeId2IS5_E7DefinedntsrSA_9IsBuiltInEE11DefinedTypeE
FN:1765,_Z17qRegisterMetaTypeIN15QAbstractSocket11SocketErrorEEiPKcPT_N9QtPrivate21MetaTypeDefinedHelperIS4_Xaasr12QMetaTypeId2IS4_E7DefinedntsrS9_9IsBuiltInEE11DefinedTypeE
FNDA:0,_Z17qRegisterMetaTypeIN15QAbstractSocket11SocketErrorEEiPKcPT_N9QtPrivate21MetaTypeDefinedHelperIS4_Xaasr12QMetaTypeId2IS4_E7DefinedntsrS9_9IsBuiltInEE11DefinedTypeE
DA:795,0
DA:799,0
DA:801,0
DA:803,0
BRDA:803,0,0,-
BRDA:803,0,1,-
DA:804,0
DA:1662,0
DA:1674,0
DA:1675,0
DA:1728,0
DA:1738,0
BRDA:1738,0,0,-
BRDA:1738,0,1,-
DA:1739,0
BRDA:1739,0,0,-
BRDA:1739,0,1,-
DA:1740,0
DA:1744,0
BRDA:1744,0,0,-
BRDA:1744,0,1,-
DA:1747,0
DA:1765,0
DA:1775,0
DA:1777,0
BRDA:1777,0,0,-
BRDA:1777,0,1,-
end_of_record
SF:/usr/include/x86_64-linux-gnu/qt5/QtCore/qatomic_cxx11.h
DA:271,0
end_of_record
